[2024-11-16T00:27:28.423] [DEBUG] debug-file - env: nodejsVersion=v18.20.1
[2024-11-16T00:27:28.794] [DEBUG] debug-file - Hvigor init with startParameters:{
  hvigorfileTypeCheck: false,
  parallelExecution: true,
  incrementalExecution: true,
  printStackTrace: false,
  daemon: false,
  analyze: 0,
  logLevel: Level { level: 20000, levelStr: 'INFO', colour: 'green' }
}
[2024-11-16T00:27:28.810] [DEBUG] debug-file - hvigorfile, resolving E:\Study\Code\HarmonyOS\ToDoList\hvigorfile.ts
[2024-11-16T00:27:29.829] [DEBUG] debug-file - hvigorfile, require result:  { appTasks: [Getter] }
[2024-11-16T00:27:29.964] [DEBUG] debug-file - Start initialize project's product build option map with build mode debug.
[2024-11-16T00:27:29.968] [DEBUG] debug-file - Product 'default' using build option: {
  "debuggable": true
} in this build.
[2024-11-16T00:27:29.974] [DEBUG] debug-file - Local scan or download HarmonyOS sdk components toolchains,ets,js,native,previewer
[2024-11-16T00:27:29.977] [DEBUG] debug-file - Local scan or download hmscore sdk components toolchains,ets,native
[2024-11-16T00:27:29.984] [DEBUG] debug-file - Start recording SDK configuration permission data.
[2024-11-16T00:27:30.008] [DEBUG] debug-file - Sdk init in 38 ms 
[2024-11-16T00:27:30.027] [DEBUG] debug-file - Project task initialization takes 18 ms 
[2024-11-16T00:27:30.034] [DEBUG] debug-file - hvigorfile, resolving E:\Study\Code\HarmonyOS\ToDoList\entry\hvigorfile.ts
[2024-11-16T00:27:30.046] [DEBUG] debug-file - Start initialize module-target build option map, moduleName=entry, buildMode=debug
[2024-11-16T00:27:30.052] [DEBUG] debug-file - Module entry task initialization takes 3 ms 
[2024-11-16T00:27:30.054] [DEBUG] debug-file - project has submodules:entry
[2024-11-16T00:27:30.067] [DEBUG] debug-file - Configuration task cost before running: 1 s 288 ms 
[2024-11-16T00:27:30.070] [DEBUG] debug-file - Executing task :entry:clean
[2024-11-16T00:27:30.073] [DEBUG] debug-file - entry : clean cost memory 0.48548126220703125
[2024-11-16T00:27:30.092] [DEBUG] debug-file - Module 'entry' target 'default' using build option: {
  "debuggable": true,
  "copyFrom": "default"
} in this build.
[2024-11-16T00:27:28.424] [DEBUG] debug-file - env: hvigor-config.json5 content = {
  modelVersion: '5.0.0',
  dependencies: {},
  execution: {},
  logging: {},
  debugging: {}
}
[2024-11-16T00:27:28.795] [DEBUG] debug-file - Since current hvigor version 5.8.9 differs from last hvigor version 
      undefined, delete file-cache.json and task-cache.json.
[2024-11-16T00:27:30.105] [DEBUG] debug-file - Create  resident worker with id: 0.
[2024-11-16T00:27:29.829] [DEBUG] debug-file - hvigorfile, binding system plugins { appTasks: [Getter] }
[2024-11-16T00:27:29.965] [DEBUG] debug-file - Picking option from product 'default' with build mode 'debug'.
[2024-11-16T00:27:29.970] [DEBUG] debug-file - No signingConfig found, initRemoteHspCache failed.
[2024-11-16T00:27:30.027] [DEBUG] debug-file - hvigorfile, resolve finished E:\Study\Code\HarmonyOS\ToDoList\hvigorfile.ts
[2024-11-16T00:27:30.038] [DEBUG] debug-file - hvigorfile, require result:  { hapTasks: [Getter] }
[2024-11-16T00:27:30.047] [DEBUG] debug-file - Target 'default' config: {}
[2024-11-16T00:27:30.052] [DEBUG] debug-file - hvigorfile, resolve finished E:\Study\Code\HarmonyOS\ToDoList\entry\hvigorfile.ts
[2024-11-16T00:27:30.056] [DEBUG] debug-file - start to load updatedOhPackageInfo to the disk
[2024-11-16T00:27:30.070] [DEBUG] debug-file - clean: Worker pool is inactive.
[2024-11-16T00:27:30.073] [DEBUG] debug-file - runTaskFromQueue task cost before running: 1 s 293 ms 
[2024-11-16T00:27:30.096] [DEBUG] debug-file - hvigor start cli arguments:{
  prop: [ 'product=default' ],
  sync: true,
  parallel: true,
  incremental: true,
  daemon: false,
  _: [],
  analyze: 'normal'
}
[2024-11-16T00:27:28.426] [DEBUG] debug-file - env: daemon=false
[2024-11-16T00:27:28.796] [DEBUG] debug-file - Cache service initialization finished in 1 ms 
[2024-11-16T00:27:30.106] [DEBUG] debug-file - Create  resident worker with id: 1.
[2024-11-16T00:27:29.965] [DEBUG] debug-file - Product 'default' build option: {}
[2024-11-16T00:27:30.038] [DEBUG] debug-file - hvigorfile, binding system plugins { hapTasks: [Getter] }
[2024-11-16T00:27:30.047] [DEBUG] debug-file - Module 'entry' target 'default' build option: {
  "debuggable": true,
  "copyFrom": "default"
}
[2024-11-16T00:27:30.058] [DEBUG] debug-file - load to the disk finished
[2024-11-16T00:27:30.074] [INFO] debug-file - Finished :entry:clean... after 3 ms 
[2024-11-16T00:27:30.103] [DEBUG] debug-file - Since there is no instance or instance is terminated, create a new worker pool.
[2024-11-16T00:27:28.426] [DEBUG] debug-file - no-daemon, use the parent process.execArgv --max-old-space-size=8192,--expose-gc
[2024-11-16T00:27:30.108] [DEBUG] debug-file - Current worker pool is stopped or closed.
[2024-11-16T00:27:29.965] [DEBUG] debug-file - End initialize project's product build option map with build mode 'debug'.
[2024-11-16T00:27:30.047] [DEBUG] debug-file - End initialize module-target build option map, moduleName=entry
[2024-11-16T00:27:30.060] [DEBUG] debug-file - Module ToDoList Collected Dependency: 
[2024-11-16T00:27:30.074] [DEBUG] debug-file - Executing task ::clean
[2024-11-16T00:27:30.103] [DEBUG] debug-file - Worker pool is initialized with config:  {
  minPoolNum: 2,
  maxPoolNum: undefined,
  maxCoreSize: undefined,
  cacheCapacity: undefined,
  cacheTtl: undefined
}
[2024-11-16T00:27:30.109] [DEBUG] debug-file - Clear worker 0.
[2024-11-16T00:27:30.047] [DEBUG] debug-file - Module 'entry' target 'default' using build option: {
  "debuggable": true,
  "copyFrom": "default"
} in this build.
[2024-11-16T00:27:30.060] [DEBUG] debug-file - Module ToDoList's total dependency: 0
[2024-11-16T00:27:30.074] [DEBUG] debug-file - clean: Worker pool is inactive.
[2024-11-16T00:27:30.109] [DEBUG] debug-file - Worker 0 has been cleared.
[2024-11-16T00:27:30.062] [DEBUG] debug-file - Module entry Collected Dependency: 
[2024-11-16T00:27:30.075] [DEBUG] debug-file - ToDoList : clean cost memory 0.03029632568359375
[2024-11-16T00:27:30.109] [DEBUG] debug-file - Current idle worker size: 1.
[2024-11-16T00:27:30.062] [DEBUG] debug-file - Module entry's total dependency: 0
[2024-11-16T00:27:30.075] [DEBUG] debug-file - runTaskFromQueue task cost before running: 1 s 295 ms 
[2024-11-16T00:27:30.109] [DEBUG] debug-file - Current busy worker size: 0.
[2024-11-16T00:27:30.065] [DEBUG] debug-file - Configuration phase cost:1 s 263 ms 
[2024-11-16T00:27:30.075] [INFO] debug-file - Finished ::clean... after 1 ms 
[2024-11-16T00:27:30.109] [DEBUG] debug-file - Clear worker 1.
[2024-11-16T00:27:30.075] [DEBUG] debug-file - Executing task :entry:init
[2024-11-16T00:27:30.109] [DEBUG] debug-file - Worker 1 has been cleared.
[2024-11-16T00:27:30.075] [DEBUG] debug-file - entry : init cost memory 0.01015472412109375
[2024-11-16T00:27:30.109] [DEBUG] debug-file - Current idle worker size: 0.
[2024-11-16T00:27:30.109] [DEBUG] debug-file - Current busy worker size: 0.
[2024-11-16T00:27:30.075] [DEBUG] debug-file - runTaskFromQueue task cost before running: 1 s 296 ms 
[2024-11-16T00:27:30.109] [DEBUG] debug-file - hvigor build process will be closed.
[2024-11-16T00:27:30.075] [INFO] debug-file - Finished :entry:init... after 1 ms 
[2024-11-16T00:27:30.115] [DEBUG] debug-file - worker[0] exits with exit code 0.
[2024-11-16T00:27:30.076] [DEBUG] debug-file - Executing task ::init
[2024-11-16T00:27:30.115] [DEBUG] debug-file - worker[1] exits with exit code 0.
[2024-11-16T00:27:30.076] [DEBUG] debug-file - ToDoList : init cost memory 0.00894927978515625
[2024-11-16T00:27:30.116] [DEBUG] debug-file - Current worker pool is terminated.
[2024-11-16T00:27:30.076] [DEBUG] debug-file - runTaskFromQueue task cost before running: 1 s 296 ms 
[2024-11-16T00:27:30.076] [INFO] debug-file - Finished ::init... after 1 ms 
[2024-11-16T00:28:56.917] [DEBUG] debug-file - env: daemon=true
[2024-11-16T00:28:56.805] [DEBUG] debug-file - env: nodejsVersion=v18.20.1
[2024-11-16T00:28:56.806] [DEBUG] debug-file - env: hvigor-config.json5 content = {
  modelVersion: '5.0.0',
  dependencies: {},
  execution: {},
  logging: {},
  debugging: {}
}
[2024-11-16T00:28:57.991] [DEBUG] debug-file - hvigor start cli arguments:{
  prop: [],
  sync: true,
  parallel: true,
  incremental: true,
  daemon: true,
  _: [ '--analyze=normal' ]
}
[2024-11-16T00:28:58.004] [DEBUG] debug-file - session manager: set active socket. socketId=RODyzTaIb1f_EIEmAAAB
[2024-11-16T00:28:58.102] [DEBUG] debug-file - java daemon tryConnect success
[2024-11-16T00:28:58.696] [DEBUG] debug-file - watch worker: worker id should be larger than 0. Nothing will be sent to any worker thread.
[2024-11-16T00:28:58.706] [DEBUG] debug-file - Hvigor init with startParameters:{
  hvigorfileTypeCheck: false,
  parallelExecution: true,
  incrementalExecution: true,
  printStackTrace: false,
  daemon: true,
  analyze: 0,
  logLevel: Level { level: 20000, levelStr: 'INFO', colour: 'green' }
}
[2024-11-16T00:28:58.707] [DEBUG] debug-file - Cache service initialization finished in 1 ms 
[2024-11-16T00:28:58.713] [DEBUG] debug-file - hvigorfile, resolving E:\Study\Code\HarmonyOS\ToDoList\hvigorfile.ts
[2024-11-16T00:29:02.574] [DEBUG] debug-file - hvigorfile, require result:  {}
[2024-11-16T00:29:02.574] [DEBUG] debug-file - hvigorfile, binding system plugins {}
[2024-11-16T00:29:02.697] [DEBUG] debug-file - Start initialize project's product build option map with build mode debug.
[2024-11-16T00:29:02.697] [DEBUG] debug-file - Picking option from product 'default' with build mode 'debug'.
[2024-11-16T00:29:02.697] [DEBUG] debug-file - Product 'default' build option: {}
[2024-11-16T00:29:02.698] [DEBUG] debug-file - End initialize project's product build option map with build mode 'debug'.
[2024-11-16T00:29:02.699] [DEBUG] debug-file - Product 'default' using build option: {
  "debuggable": true
} in this build.
[2024-11-16T00:29:02.701] [DEBUG] debug-file - No signingConfig found, initRemoteHspCache failed.
[2024-11-16T00:29:02.703] [DEBUG] debug-file - Local scan or download HarmonyOS sdk components toolchains,ets,js,native,previewer
[2024-11-16T00:29:02.706] [DEBUG] debug-file - Local scan or download hmscore sdk components toolchains,ets,native
[2024-11-16T00:29:02.709] [DEBUG] debug-file - Start recording SDK configuration permission data.
[2024-11-16T00:29:02.746] [DEBUG] debug-file - Sdk init in 45 ms 
[2024-11-16T00:29:02.757] [DEBUG] debug-file - Project task initialization takes 10 ms 
[2024-11-16T00:29:02.757] [DEBUG] debug-file - hvigorfile, resolve finished E:\Study\Code\HarmonyOS\ToDoList\hvigorfile.ts
[2024-11-16T00:29:02.761] [DEBUG] debug-file - hvigorfile, resolving E:\Study\Code\HarmonyOS\ToDoList\entry\hvigorfile.ts
[2024-11-16T00:29:02.764] [DEBUG] debug-file - hvigorfile, require result:  {}
[2024-11-16T00:29:02.764] [DEBUG] debug-file - hvigorfile, binding system plugins {}
[2024-11-16T00:29:02.772] [DEBUG] debug-file - Start initialize module-target build option map, moduleName=entry, buildMode=debug
[2024-11-16T00:29:02.772] [DEBUG] debug-file - Target 'default' config: {}
[2024-11-16T00:29:02.772] [DEBUG] debug-file - Module 'entry' target 'default' build option: {
  "debuggable": true,
  "copyFrom": "default"
}
[2024-11-16T00:29:02.772] [DEBUG] debug-file - End initialize module-target build option map, moduleName=entry
[2024-11-16T00:29:02.773] [DEBUG] debug-file - Module 'entry' target 'default' using build option: {
  "debuggable": true,
  "copyFrom": "default"
} in this build.
[2024-11-16T00:29:02.777] [DEBUG] debug-file - Module entry task initialization takes 3 ms 
[2024-11-16T00:29:02.777] [DEBUG] debug-file - hvigorfile, resolve finished E:\Study\Code\HarmonyOS\ToDoList\entry\hvigorfile.ts
[2024-11-16T00:29:02.789] [DEBUG] debug-file - hvigorfile, resolve hvigorfile dependencies in 10 ms 
[2024-11-16T00:29:02.790] [DEBUG] debug-file - project has submodules:entry
[2024-11-16T00:29:02.791] [DEBUG] debug-file - start to load updatedOhPackageInfo to the disk
[2024-11-16T00:29:02.794] [DEBUG] debug-file - load to the disk finished
[2024-11-16T00:29:02.796] [DEBUG] debug-file - Module ToDoList Collected Dependency: 
[2024-11-16T00:29:02.796] [DEBUG] debug-file - Module ToDoList's total dependency: 0
[2024-11-16T00:29:02.798] [DEBUG] debug-file - Module entry Collected Dependency: 
[2024-11-16T00:29:02.798] [DEBUG] debug-file - Module entry's total dependency: 0
[2024-11-16T00:29:02.801] [DEBUG] debug-file - Configuration phase cost:4 s 92 ms 
[2024-11-16T00:29:02.803] [DEBUG] debug-file - Configuration task cost before running: 4 s 104 ms 
[2024-11-16T00:29:02.803] [DEBUG] debug-file - Executing task :entry:init
[2024-11-16T00:29:02.803] [DEBUG] debug-file - entry : init cost memory 0.01544952392578125
[2024-11-16T00:29:02.803] [DEBUG] debug-file - runTaskFromQueue task cost before running: 4 s 105 ms 
[2024-11-16T00:29:02.804] [INFO] debug-file - Finished :entry:init... after 1 ms 
[2024-11-16T00:29:02.804] [DEBUG] debug-file - Executing task ::init
[2024-11-16T00:29:02.804] [DEBUG] debug-file - ToDoList : init cost memory 0.012786865234375
[2024-11-16T00:29:02.804] [DEBUG] debug-file - runTaskFromQueue task cost before running: 4 s 106 ms 
[2024-11-16T00:29:02.804] [INFO] debug-file - Finished ::init... after 1 ms 
[2024-11-16T00:29:02.818] [DEBUG] debug-file - Module 'entry' target 'default' using build option: {
  "debuggable": true,
  "copyFrom": "default"
} in this build.
[2024-11-16T00:29:02.823] [DEBUG] debug-file - Since there is no instance or instance is terminated, create a new worker pool.
[2024-11-16T00:29:02.823] [DEBUG] debug-file - Worker pool is initialized with config:  {
  minPoolNum: 2,
  maxPoolNum: undefined,
  maxCoreSize: undefined,
  cacheCapacity: undefined,
  cacheTtl: undefined
}
[2024-11-16T00:29:02.824] [DEBUG] debug-file - session manager: send message to worker process.
[2024-11-16T00:29:02.825] [DEBUG] debug-file - session manager: send message to worker process.
[2024-11-16T00:29:02.824] [DEBUG] debug-file - Create  resident worker with id: 0.
[2024-11-16T00:29:02.827] [DEBUG] debug-file - Create  resident worker with id: 1.
[2024-11-16T00:29:02.829] [DEBUG] debug-file - Cleanup worker 0.
[2024-11-16T00:29:02.829] [DEBUG] debug-file - Worker 0 has been cleaned up.
[2024-11-16T00:29:02.829] [DEBUG] debug-file - Current idle worker size: 1.
[2024-11-16T00:29:02.829] [DEBUG] debug-file - Current resident worker size: 2.
[2024-11-16T00:29:02.829] [DEBUG] debug-file - Cleanup worker 1.
[2024-11-16T00:29:02.829] [DEBUG] debug-file - Worker 1 has been cleaned up.
[2024-11-16T00:29:02.829] [DEBUG] debug-file - Current idle worker size: 0.
[2024-11-16T00:29:02.829] [DEBUG] debug-file - Current resident worker size: 2.
[2024-11-16T00:29:02.830] [DEBUG] debug-file - hvigor build process will be closed.
[2024-11-16T00:29:02.832] [DEBUG] debug-file - watch worker: worker id should be larger than 0. Nothing will be sent to any worker thread.
[2024-11-16T00:29:02.832] [DEBUG] debug-file - watch worker: worker id should be larger than 0. Nothing will be sent to any worker thread.
[2024-11-16T00:29:02.840] [DEBUG] debug-file - worker[0] exits with exit code 0.
[2024-11-16T00:29:02.840] [DEBUG] debug-file - worker[1] exits with exit code 0.
[2024-11-16T00:29:03.153] [DEBUG] debug-file - session manager: set active socket. socketId=j0kumYfIECkd56A0AAAD
[2024-11-16T00:29:03.156] [DEBUG] debug-file - watch worker: worker id should be larger than 0. Nothing will be sent to any worker thread.
[2024-11-16T00:29:03.164] [DEBUG] debug-file - Hvigor init with startParameters:{
  hvigorfileTypeCheck: false,
  parallelExecution: true,
  incrementalExecution: true,
  printStackTrace: false,
  daemon: true,
  analyze: 0,
  logLevel: Level { level: 20000, levelStr: 'INFO', colour: 'green' }
}
[2024-11-16T00:29:03.164] [DEBUG] debug-file - Cache service initialization finished in 1 ms 
[2024-11-16T00:29:03.171] [DEBUG] debug-file - hvigorfile, resolving E:\Study\Code\HarmonyOS\ToDoList\hvigorfile.ts
[2024-11-16T00:29:03.175] [DEBUG] debug-file - hvigorfile, require result:  {}
[2024-11-16T00:29:03.176] [DEBUG] debug-file - hvigorfile, binding system plugins {}
[2024-11-16T00:29:03.179] [DEBUG] debug-file - Start initialize project's product build option map with build mode debug.
[2024-11-16T00:29:03.179] [DEBUG] debug-file - Picking option from product 'default' with build mode 'debug'.
[2024-11-16T00:29:03.179] [DEBUG] debug-file - Product 'default' build option: {}
[2024-11-16T00:29:03.179] [DEBUG] debug-file - End initialize project's product build option map with build mode 'debug'.
[2024-11-16T00:29:03.180] [DEBUG] debug-file - Product 'default' using build option: {
  "debuggable": true
} in this build.
[2024-11-16T00:29:03.180] [DEBUG] debug-file - No signingConfig found, initRemoteHspCache failed.
[2024-11-16T00:29:03.184] [DEBUG] debug-file - Start recording SDK configuration permission data.
[2024-11-16T00:29:03.195] [DEBUG] debug-file - Sdk init in 15 ms 
[2024-11-16T00:29:03.205] [DEBUG] debug-file - Project task initialization takes 10 ms 
[2024-11-16T00:29:03.205] [DEBUG] debug-file - hvigorfile, resolve finished E:\Study\Code\HarmonyOS\ToDoList\hvigorfile.ts
[2024-11-16T00:29:03.208] [DEBUG] debug-file - hvigorfile, resolving E:\Study\Code\HarmonyOS\ToDoList\entry\hvigorfile.ts
[2024-11-16T00:29:03.212] [DEBUG] debug-file - hvigorfile, require result:  {}
[2024-11-16T00:29:03.212] [DEBUG] debug-file - hvigorfile, binding system plugins {}
[2024-11-16T00:29:03.215] [DEBUG] debug-file - Start initialize module-target build option map, moduleName=entry, buildMode=debug
[2024-11-16T00:29:03.215] [DEBUG] debug-file - Target 'default' config: {}
[2024-11-16T00:29:03.215] [DEBUG] debug-file - Module 'entry' target 'default' build option: {
  "debuggable": true,
  "copyFrom": "default"
}
[2024-11-16T00:29:03.215] [DEBUG] debug-file - End initialize module-target build option map, moduleName=entry
[2024-11-16T00:29:03.215] [DEBUG] debug-file - Module 'entry' target 'default' using build option: {
  "debuggable": true,
  "copyFrom": "default"
} in this build.
[2024-11-16T00:29:03.217] [DEBUG] debug-file - Module entry task initialization takes 1 ms 
[2024-11-16T00:29:03.217] [DEBUG] debug-file - hvigorfile, resolve finished E:\Study\Code\HarmonyOS\ToDoList\entry\hvigorfile.ts
[2024-11-16T00:29:03.227] [DEBUG] debug-file - hvigorfile, resolve hvigorfile dependencies in 10 ms 
[2024-11-16T00:29:03.228] [DEBUG] debug-file - project has submodules:entry
[2024-11-16T00:29:03.229] [DEBUG] debug-file - start to load updatedOhPackageInfo to the disk
[2024-11-16T00:29:03.231] [DEBUG] debug-file - load to the disk finished
[2024-11-16T00:29:03.232] [DEBUG] debug-file - Module ToDoList Collected Dependency: 
[2024-11-16T00:29:03.232] [DEBUG] debug-file - Module ToDoList's total dependency: 0
[2024-11-16T00:29:03.233] [DEBUG] debug-file - Module entry Collected Dependency: 
[2024-11-16T00:29:03.233] [DEBUG] debug-file - Module entry's total dependency: 0
[2024-11-16T00:29:03.236] [DEBUG] debug-file - Configuration phase cost:68 ms 
[2024-11-16T00:29:03.237] [DEBUG] debug-file - Configuration task cost before running: 80 ms 
[2024-11-16T00:29:03.238] [DEBUG] debug-file - jsonObjWithoutParam {} at undefined
[2024-11-16T00:29:03.239] [DEBUG] debug-file - jsonObjWithoutParam {} at undefined
[2024-11-16T00:29:03.239] [DEBUG] debug-file - jsonObjWithoutParam {"license":"ISC","devDependencies":{},"name":"entry","description":"example description","version":"1.0.0","dependencies":{}} at undefined
[2024-11-16T00:29:03.241] [DEBUG] debug-file - Executing task :entry:default@PreBuild
[2024-11-16T00:29:03.343] [DEBUG] debug-file - current product is not Atomic service.
[2024-11-16T00:29:03.344] [DEBUG] debug-file - Use tool [win32: JAVA_HOME, CLASSPATH]
 [
  { JAVA_HOME: 'E:\\Study\\DevEco Studio\\jbr' },
  { CLASSPATH: undefined }
]
[2024-11-16T00:29:03.344] [DEBUG] debug-file - Use tool [win32: NODE_HOME]
 [ { NODE_HOME: 'E:\\Study\\DevEco Studio\\tools\\node' } ]
[2024-11-16T00:29:03.344] [DEBUG] debug-file - entry : default@PreBuild cost memory 9.379440307617188
[2024-11-16T00:29:03.344] [DEBUG] debug-file - runTaskFromQueue task cost before running: 187 ms 
[2024-11-16T00:29:03.345] [INFO] debug-file - Finished :entry:default@PreBuild... after 104 ms 
[2024-11-16T00:29:03.346] [DEBUG] debug-file - jsonObjWithoutParam {} at undefined
[2024-11-16T00:29:03.346] [DEBUG] debug-file - jsonObjWithoutParam {} at undefined
[2024-11-16T00:29:03.346] [DEBUG] debug-file - jsonObjWithoutParam {"license":"ISC","devDependencies":{},"name":"entry","description":"example description","version":"1.0.0","dependencies":{}} at undefined
[2024-11-16T00:29:03.347] [DEBUG] debug-file - Executing task :entry:default@MergeProfile
[2024-11-16T00:29:03.348] [DEBUG] debug-file - Change app api release type with 'Release'
[2024-11-16T00:29:03.348] [DEBUG] debug-file - Change app compile API version with '5.0.0.71'
[2024-11-16T00:29:03.348] [DEBUG] debug-file - Change app target API version with '50000012'
[2024-11-16T00:29:03.348] [DEBUG] debug-file - Change app minimum API version with '50000012'
[2024-11-16T00:29:03.348] [DEBUG] debug-file - Use cli appEnvironment
[2024-11-16T00:29:03.360] [DEBUG] debug-file - entry : default@MergeProfile cost memory 0.17745208740234375
[2024-11-16T00:29:03.360] [DEBUG] debug-file - runTaskFromQueue task cost before running: 203 ms 
[2024-11-16T00:29:03.360] [INFO] debug-file - Finished :entry:default@MergeProfile... after 14 ms 
[2024-11-16T00:29:03.363] [DEBUG] debug-file - jsonObjWithoutParam {} at undefined
[2024-11-16T00:29:03.363] [DEBUG] debug-file - jsonObjWithoutParam {} at undefined
[2024-11-16T00:29:03.363] [DEBUG] debug-file - jsonObjWithoutParam {"license":"ISC","devDependencies":{},"name":"entry","description":"example description","version":"1.0.0","dependencies":{}} at undefined
[2024-11-16T00:29:03.363] [DEBUG] debug-file - Executing task :entry:default@CreateBuildProfile
[2024-11-16T00:29:03.366] [DEBUG] debug-file - entry : default@CreateBuildProfile cost memory 0.08428955078125
[2024-11-16T00:29:03.366] [DEBUG] debug-file - runTaskFromQueue task cost before running: 209 ms 
[2024-11-16T00:29:03.366] [INFO] debug-file - Finished :entry:default@CreateBuildProfile... after 3 ms 
[2024-11-16T00:29:03.368] [DEBUG] debug-file - jsonObjWithoutParam {} at undefined
[2024-11-16T00:29:03.368] [DEBUG] debug-file - jsonObjWithoutParam {} at undefined
[2024-11-16T00:29:03.368] [DEBUG] debug-file - jsonObjWithoutParam {"license":"ISC","devDependencies":{},"name":"entry","description":"example description","version":"1.0.0","dependencies":{}} at undefined
[2024-11-16T00:29:03.369] [DEBUG] debug-file - Executing task :entry:default@PreCheckSyscap
[2024-11-16T00:29:03.369] [DEBUG] debug-file - entry : default@PreCheckSyscap cost memory 0.01337432861328125
[2024-11-16T00:29:03.369] [DEBUG] debug-file - runTaskFromQueue task cost before running: 212 ms 
[2024-11-16T00:29:03.369] [INFO] debug-file - Finished :entry:default@PreCheckSyscap... after 1 ms 
[2024-11-16T00:29:03.370] [DEBUG] debug-file - jsonObjWithoutParam {} at undefined
[2024-11-16T00:29:03.370] [DEBUG] debug-file - jsonObjWithoutParam {} at undefined
[2024-11-16T00:29:03.370] [DEBUG] debug-file - jsonObjWithoutParam {"license":"ISC","devDependencies":{},"name":"entry","description":"example description","version":"1.0.0","dependencies":{}} at undefined
[2024-11-16T00:29:03.377] [DEBUG] debug-file - Executing task :entry:default@GeneratePkgContextInfo
[2024-11-16T00:29:03.377] [DEBUG] debug-file - entry : default@GeneratePkgContextInfo cost memory 0.0254669189453125
[2024-11-16T00:29:03.377] [DEBUG] debug-file - runTaskFromQueue task cost before running: 220 ms 
[2024-11-16T00:29:03.377] [INFO] debug-file - Finished :entry:default@GeneratePkgContextInfo... after 1 ms 
[2024-11-16T00:29:03.378] [DEBUG] debug-file - jsonObjWithoutParam {} at undefined
[2024-11-16T00:29:03.378] [DEBUG] debug-file - jsonObjWithoutParam {} at undefined
[2024-11-16T00:29:03.378] [DEBUG] debug-file - jsonObjWithoutParam {"license":"ISC","devDependencies":{},"name":"entry","description":"example description","version":"1.0.0","dependencies":{}} at undefined
[2024-11-16T00:29:03.379] [DEBUG] debug-file - Executing task :entry:default@ProcessProfile
[2024-11-16T00:29:03.380] [DEBUG] debug-file - [
  'E:\\Study\\DevEco Studio\\tools\\node\\node.exe',
  'E:\\Study\\DevEco Studio\\sdk\\default\\openharmony\\ets\\build-tools\\ets-loader\\bin\\ark\\ts2abc.js',
  '--target-api-version',
  '12',
  '--target-api-sub-version',
  'beta1'
]
[2024-11-16T00:29:03.764] [DEBUG] debug-file - 12.0.2.0
[2024-11-16T00:29:03.765] [DEBUG] debug-file - entry : default@ProcessProfile cost memory 1.8338165283203125
[2024-11-16T00:29:03.765] [DEBUG] debug-file - runTaskFromQueue task cost before running: 608 ms 
[2024-11-16T00:29:03.765] [INFO] debug-file - Finished :entry:default@ProcessProfile... after 386 ms 
[2024-11-16T00:29:03.767] [DEBUG] debug-file - jsonObjWithoutParam {} at undefined
[2024-11-16T00:29:03.767] [DEBUG] debug-file - jsonObjWithoutParam {} at undefined
[2024-11-16T00:29:03.767] [DEBUG] debug-file - jsonObjWithoutParam {"license":"ISC","devDependencies":{},"name":"entry","description":"example description","version":"1.0.0","dependencies":{}} at undefined
[2024-11-16T00:29:03.768] [DEBUG] debug-file - Executing task :entry:default@ProcessRouterMap
[2024-11-16T00:29:03.771] [DEBUG] debug-file - entry : default@ProcessRouterMap cost memory 0.10639190673828125
[2024-11-16T00:29:03.771] [DEBUG] debug-file - runTaskFromQueue task cost before running: 614 ms 
[2024-11-16T00:29:03.772] [INFO] debug-file - Finished :entry:default@ProcessRouterMap... after 4 ms 
[2024-11-16T00:29:03.773] [DEBUG] debug-file - jsonObjWithoutParam {} at undefined
[2024-11-16T00:29:03.773] [DEBUG] debug-file - jsonObjWithoutParam {} at undefined
[2024-11-16T00:29:03.773] [DEBUG] debug-file - jsonObjWithoutParam {"license":"ISC","devDependencies":{},"name":"entry","description":"example description","version":"1.0.0","dependencies":{}} at undefined
[2024-11-16T00:29:03.774] [DEBUG] debug-file - restool module names: entry; moduleName=entry, taskName=default@PreviewProcessResource
[2024-11-16T00:29:03.777] [DEBUG] debug-file - Executing task :entry:default@PreviewProcessResource
[2024-11-16T00:29:03.777] [DEBUG] debug-file - entry : default@PreviewProcessResource cost memory 0.05997467041015625
[2024-11-16T00:29:03.778] [DEBUG] debug-file - runTaskFromQueue task cost before running: 621 ms 
[2024-11-16T00:29:03.779] [INFO] debug-file - Finished :entry:default@PreviewProcessResource... after 2 ms 
[2024-11-16T00:29:03.781] [DEBUG] debug-file - jsonObjWithoutParam {} at undefined
[2024-11-16T00:29:03.781] [DEBUG] debug-file - jsonObjWithoutParam {} at undefined
[2024-11-16T00:29:03.781] [DEBUG] debug-file - jsonObjWithoutParam {"license":"ISC","devDependencies":{},"name":"entry","description":"example description","version":"1.0.0","dependencies":{}} at undefined
[2024-11-16T00:29:03.783] [DEBUG] debug-file - Executing task :entry:default@GenerateLoaderJson
[2024-11-16T00:29:03.797] [DEBUG] debug-file - entry : default@GenerateLoaderJson cost memory 0.5560379028320312
[2024-11-16T00:29:03.797] [DEBUG] debug-file - runTaskFromQueue task cost before running: 640 ms 
[2024-11-16T00:29:03.798] [INFO] debug-file - Finished :entry:default@GenerateLoaderJson... after 14 ms 
[2024-11-16T00:29:03.800] [DEBUG] debug-file - jsonObjWithoutParam {} at undefined
[2024-11-16T00:29:03.800] [DEBUG] debug-file - jsonObjWithoutParam {} at undefined
[2024-11-16T00:29:03.800] [DEBUG] debug-file - jsonObjWithoutParam {"license":"ISC","devDependencies":{},"name":"entry","description":"example description","version":"1.0.0","dependencies":{}} at undefined
[2024-11-16T00:29:03.800] [DEBUG] debug-file - restool module names: entry; moduleName=entry, taskName=default@PreviewCompileResource
[2024-11-16T00:29:03.801] [DEBUG] debug-file - Executing task :entry:default@PreviewCompileResource
[2024-11-16T00:29:03.807] [DEBUG] debug-file - Use tool [E:\Study\DevEco Studio\sdk\default\openharmony\toolchains\restool.exe]
 [
  'E:\\Study\\DevEco Studio\\sdk\\default\\openharmony\\toolchains\\restool.exe',
  '-x',
  'E:\\Study\\Code\\HarmonyOS\\ToDoList\\AppScope\\resources',
  '-o',
  'E:\\Study\\Code\\HarmonyOS\\ToDoList\\entry\\.preview\\default\\intermediates\\res\\default\\app_compiled'
]
[2024-11-16T00:29:03.808] [DEBUG] debug-file - current process  memoryUsage: {
  rss: 174239744,
  heapTotal: 123891712,
  heapUsed: 85469184,
  external: 3214014,
  arrayBuffers: 77432
} os memoryUsage :15.186599731445312
[2024-11-16T00:29:03.970] [DEBUG] debug-file - Info: restool resources compile success.

[2024-11-16T00:29:03.972] [DEBUG] debug-file - Use tool [E:\Study\DevEco Studio\sdk\default\openharmony\toolchains\restool.exe]
 [
  'E:\\Study\\DevEco Studio\\sdk\\default\\openharmony\\toolchains\\restool.exe',
  '-x',
  'E:\\Study\\Code\\HarmonyOS\\ToDoList\\entry\\src\\main\\resources',
  '-o',
  'E:\\Study\\Code\\HarmonyOS\\ToDoList\\entry\\.preview\\default\\intermediates\\res\\default\\module_compiled'
]
[2024-11-16T00:29:03.973] [DEBUG] debug-file - current process  memoryUsage: {
  rss: 174768128,
  heapTotal: 124416000,
  heapUsed: 78639488,
  external: 3066672,
  arrayBuffers: 60572
} os memoryUsage :15.187488555908203
[2024-11-16T00:29:04.118] [DEBUG] debug-file - Info: restool resources compile success.

[2024-11-16T00:29:04.121] [DEBUG] debug-file - Use tool [E:\Study\DevEco Studio\sdk\default\openharmony\toolchains\restool.exe]
 [
  'E:\\Study\\DevEco Studio\\sdk\\default\\openharmony\\toolchains\\restool.exe',
  '-m',
  'entry',
  '-f',
  '-j',
  'E:\\Study\\Code\\HarmonyOS\\ToDoList\\entry\\.preview\\default\\intermediates\\process_profile\\default\\module.json',
  '-p',
  'com.huawei.todolist',
  '-r',
  'E:\\Study\\Code\\HarmonyOS\\ToDoList\\entry\\.preview\\default\\generated\\r\\default\\ResourceTable.h',
  '-z',
  '--ids',
  'E:\\Study\\Code\\HarmonyOS\\ToDoList\\entry\\.preview\\default\\intermediates\\res\\default\\ids_map',
  '-i',
  'E:\\Study\\Code\\HarmonyOS\\ToDoList\\entry\\.preview\\default\\intermediates\\res\\default\\app_compiled',
  '-i',
  'E:\\Study\\Code\\HarmonyOS\\ToDoList\\entry\\.preview\\default\\intermediates\\res\\default\\module_compiled',
  '-o',
  'E:\\Study\\Code\\HarmonyOS\\ToDoList\\entry\\.preview\\default\\intermediates\\res\\default'
]
[2024-11-16T00:29:04.122] [DEBUG] debug-file - current process  memoryUsage: {
  rss: 174768128,
  heapTotal: 124416000,
  heapUsed: 78958848,
  external: 3074990,
  arrayBuffers: 69635
} os memoryUsage :15.192115783691406
[2024-11-16T00:29:04.315] [DEBUG] debug-file - Info: restool resources compile success.

[2024-11-16T00:29:04.320] [DEBUG] debug-file - entry : default@PreviewCompileResource cost memory -17.17572784423828
[2024-11-16T00:29:04.320] [DEBUG] debug-file - runTaskFromQueue task cost before running: 1 s 163 ms 
[2024-11-16T00:29:04.321] [INFO] debug-file - Finished :entry:default@PreviewCompileResource... after 520 ms 
[2024-11-16T00:29:04.322] [DEBUG] debug-file - jsonObjWithoutParam {} at undefined
[2024-11-16T00:29:04.323] [DEBUG] debug-file - jsonObjWithoutParam {} at undefined
[2024-11-16T00:29:04.323] [DEBUG] debug-file - jsonObjWithoutParam {"license":"ISC","devDependencies":{},"name":"entry","description":"example description","version":"1.0.0","dependencies":{}} at undefined
[2024-11-16T00:29:04.323] [DEBUG] debug-file - Executing task :entry:default@PreviewHookCompileResource
[2024-11-16T00:29:04.323] [DEBUG] debug-file - entry : default@PreviewHookCompileResource cost memory 0.01485443115234375
[2024-11-16T00:29:04.323] [DEBUG] debug-file - runTaskFromQueue task cost before running: 1 s 166 ms 
[2024-11-16T00:29:04.323] [INFO] debug-file - Finished :entry:default@PreviewHookCompileResource... after 1 ms 
[2024-11-16T00:29:04.324] [DEBUG] debug-file - jsonObjWithoutParam {} at undefined
[2024-11-16T00:29:04.324] [DEBUG] debug-file - jsonObjWithoutParam {} at undefined
[2024-11-16T00:29:04.324] [DEBUG] debug-file - jsonObjWithoutParam {"license":"ISC","devDependencies":{},"name":"entry","description":"example description","version":"1.0.0","dependencies":{}} at undefined
[2024-11-16T00:29:04.325] [DEBUG] debug-file - Executing task :entry:default@CopyPreviewProfile
[2024-11-16T00:29:04.328] [DEBUG] debug-file - entry : default@CopyPreviewProfile cost memory 0.15248870849609375
[2024-11-16T00:29:04.329] [DEBUG] debug-file - runTaskFromQueue task cost before running: 1 s 171 ms 
[2024-11-16T00:29:04.329] [INFO] debug-file - Finished :entry:default@CopyPreviewProfile... after 4 ms 
[2024-11-16T00:29:04.330] [DEBUG] debug-file - jsonObjWithoutParam {} at undefined
[2024-11-16T00:29:04.330] [DEBUG] debug-file - jsonObjWithoutParam {} at undefined
[2024-11-16T00:29:04.330] [DEBUG] debug-file - jsonObjWithoutParam {"license":"ISC","devDependencies":{},"name":"entry","description":"example description","version":"1.0.0","dependencies":{}} at undefined
[2024-11-16T00:29:04.330] [DEBUG] debug-file - Executing task :entry:default@ReplacePreviewerPage
[2024-11-16T00:29:04.330] [DEBUG] debug-file - entry : default@ReplacePreviewerPage cost memory 0.04265594482421875
[2024-11-16T00:29:04.331] [DEBUG] debug-file - runTaskFromQueue task cost before running: 1 s 173 ms 
[2024-11-16T00:29:04.331] [INFO] debug-file - Finished :entry:default@ReplacePreviewerPage... after 1 ms 
[2024-11-16T00:29:04.331] [DEBUG] debug-file - Executing task :entry:buildPreviewerResource
[2024-11-16T00:29:04.332] [DEBUG] debug-file - entry : buildPreviewerResource cost memory 0.01219940185546875
[2024-11-16T00:29:04.332] [DEBUG] debug-file - runTaskFromQueue task cost before running: 1 s 175 ms 
[2024-11-16T00:29:04.332] [INFO] debug-file - Finished :entry:buildPreviewerResource... after 1 ms 
[2024-11-16T00:29:04.333] [DEBUG] debug-file - jsonObjWithoutParam {} at undefined
[2024-11-16T00:29:04.333] [DEBUG] debug-file - jsonObjWithoutParam {} at undefined
[2024-11-16T00:29:04.333] [DEBUG] debug-file - jsonObjWithoutParam {"license":"ISC","devDependencies":{},"name":"entry","description":"example description","version":"1.0.0","dependencies":{}} at undefined
[2024-11-16T00:29:04.333] [DEBUG] debug-file - Executing task :entry:default@PreviewUpdateAssets
[2024-11-16T00:29:04.334] [DEBUG] debug-file - entry : default@PreviewUpdateAssets cost memory 0.06768798828125
[2024-11-16T00:29:04.335] [DEBUG] debug-file - runTaskFromQueue task cost before running: 1 s 178 ms 
[2024-11-16T00:29:04.335] [INFO] debug-file - Finished :entry:default@PreviewUpdateAssets... after 2 ms 
[2024-11-16T00:29:04.336] [DEBUG] debug-file - jsonObjWithoutParam {} at undefined
[2024-11-16T00:29:04.336] [DEBUG] debug-file - jsonObjWithoutParam {} at undefined
[2024-11-16T00:29:04.336] [DEBUG] debug-file - jsonObjWithoutParam {"license":"ISC","devDependencies":{},"name":"entry","description":"example description","version":"1.0.0","dependencies":{}} at undefined
[2024-11-16T00:29:04.338] [DEBUG] debug-file - Executing task :entry:default@PreviewArkTS
[2024-11-16T00:29:04.351] [DEBUG] debug-file - session manager: binding session. socketId=j0kumYfIECkd56A0AAAD, threadId=1@1.
[2024-11-16T00:29:04.350] [DEBUG] debug-file - entry : default@PreviewArkTS cost memory 0.7207794189453125
[2024-11-16T00:29:06.655] [DEBUG] debug-file - watch worker: send response to session manager. Response type: WatchStart
[2024-11-16T00:29:06.657] [DEBUG] debug-file - session manager: watch message received from worker 1. Type: WatchStart
[2024-11-16T00:29:09.461] [DEBUG] debug-file - watch worker: send response to session manager. Response type: WatchLog
[2024-11-16T00:29:09.462] [DEBUG] debug-file - session manager: watch message received from worker 1. Type: WatchLog
[2024-11-16T00:29:10.780] [DEBUG] debug-file - watch worker: send response to session manager. Response type: WatchResult
[2024-11-16T00:29:10.782] [DEBUG] debug-file - session manager: watch message received from worker 1. Type: WatchResult
[2024-11-16T00:29:10.782] [DEBUG] debug-file - Ark compile finished.
[2024-11-16T00:29:10.784] [INFO] debug-file - Finished :entry:default@PreviewArkTS... after 6 s 445 ms 
[2024-11-16T00:29:10.784] [DEBUG] debug-file - Executing task :entry:PreviewBuild
[2024-11-16T00:29:10.785] [DEBUG] debug-file - entry : PreviewBuild cost memory 0.0128173828125
[2024-11-16T00:29:10.785] [DEBUG] debug-file - runTaskFromQueue task cost before running: 7 s 628 ms 
[2024-11-16T00:29:10.785] [INFO] debug-file - Finished :entry:PreviewBuild... after 1 ms 
[2024-11-16T00:29:10.797] [DEBUG] debug-file - BUILD SUCCESSFUL in 7 s 639 ms 
[2024-11-16T00:29:10.797] [DEBUG] debug-file - Update task entry:default@PreBuild input file:E:\Study\Code\HarmonyOS\ToDoList\AppScope\app.json5 cache by regenerate.
[2024-11-16T00:29:10.798] [DEBUG] debug-file - Update task entry:default@PreBuild input file:E:\Study\Code\HarmonyOS\ToDoList\entry\src\main\module.json5 cache by regenerate.
[2024-11-16T00:29:10.798] [DEBUG] debug-file - Update task entry:default@PreBuild input file:E:\Study\Code\HarmonyOS\ToDoList\build-profile.json5 cache by regenerate.
[2024-11-16T00:29:10.798] [DEBUG] debug-file - Update task entry:default@PreBuild input file:E:\Study\Code\HarmonyOS\ToDoList\entry\build-profile.json5 cache by regenerate.
[2024-11-16T00:29:10.798] [DEBUG] debug-file - Update task entry:default@PreBuild input file:E:\Study\Code\HarmonyOS\ToDoList\entry\src\main\resources\base\profile\main_pages.json cache by regenerate.
[2024-11-16T00:29:10.798] [DEBUG] debug-file - Update task entry:default@PreBuild input file:E:\Study\Code\HarmonyOS\ToDoList\hvigor\hvigor-config.json5 cache by regenerate.
[2024-11-16T00:29:10.798] [DEBUG] debug-file - Update task entry:default@PreBuild input file:E:\Study\Code\HarmonyOS\ToDoList\entry\oh-package.json5 cache by regenerate.
[2024-11-16T00:29:10.799] [DEBUG] debug-file - Incremental task entry:default@PreBuild post-execution cost:2 ms .
[2024-11-16T00:29:10.799] [DEBUG] debug-file - Update task entry:default@MergeProfile input file:E:\Study\Code\HarmonyOS\ToDoList\AppScope\app.json5 cache by regenerate.
[2024-11-16T00:29:10.799] [DEBUG] debug-file - Update task entry:default@MergeProfile input file:E:\Study\Code\HarmonyOS\ToDoList\build-profile.json5 cache by regenerate.
[2024-11-16T00:29:10.799] [DEBUG] debug-file - Update task entry:default@MergeProfile input file:E:\Study\Code\HarmonyOS\ToDoList\entry\src\main\module.json5 cache by regenerate.
[2024-11-16T00:29:10.799] [DEBUG] debug-file - Update task entry:default@MergeProfile output file:E:\Study\Code\HarmonyOS\ToDoList\entry\.preview\default\intermediates\merge_profile\default\module.json cache.
[2024-11-16T00:29:10.799] [DEBUG] debug-file - Incremental task entry:default@MergeProfile post-execution cost:1 ms .
[2024-11-16T00:29:10.800] [DEBUG] debug-file - Update task entry:default@CreateBuildProfile input file:E:\Study\Code\HarmonyOS\ToDoList\AppScope\app.json5 cache by regenerate.
[2024-11-16T00:29:10.800] [DEBUG] debug-file - Update task entry:default@CreateBuildProfile input file:E:\Study\Code\HarmonyOS\ToDoList\build-profile.json5 cache by regenerate.
[2024-11-16T00:29:10.800] [DEBUG] debug-file - Update task entry:default@CreateBuildProfile output file:E:\Study\Code\HarmonyOS\ToDoList\entry\.preview\default\generated\profile\default\BuildProfile.ets cache.
[2024-11-16T00:29:10.800] [DEBUG] debug-file - Incremental task entry:default@CreateBuildProfile post-execution cost:1 ms .
[2024-11-16T00:29:10.800] [DEBUG] debug-file - Update task entry:default@GeneratePkgContextInfo output file:E:\Study\Code\HarmonyOS\ToDoList\entry\.preview\default\intermediates\loader\default\pkgContextInfo.json cache.
[2024-11-16T00:29:10.800] [DEBUG] debug-file - Incremental task entry:default@GeneratePkgContextInfo post-execution cost:1 ms .
[2024-11-16T00:29:10.800] [DEBUG] debug-file - Update task entry:default@ProcessProfile input file:E:\Study\Code\HarmonyOS\ToDoList\entry\.preview\default\intermediates\merge_profile\default\module.json cache by regenerate.
[2024-11-16T00:29:10.801] [DEBUG] debug-file - Update task entry:default@ProcessProfile output file:E:\Study\Code\HarmonyOS\ToDoList\entry\.preview\default\intermediates\process_profile\default\module.json cache.
[2024-11-16T00:29:10.801] [DEBUG] debug-file - Incremental task entry:default@ProcessProfile post-execution cost:1 ms .
[2024-11-16T00:29:10.801] [DEBUG] debug-file - Update task entry:default@ProcessRouterMap input file:E:\Study\Code\HarmonyOS\ToDoList\entry\oh-package.json5 cache by regenerate.
[2024-11-16T00:29:10.801] [DEBUG] debug-file - Update task entry:default@ProcessRouterMap input file:E:\Study\Code\HarmonyOS\ToDoList\oh-package.json5 cache by regenerate.
[2024-11-16T00:29:10.801] [DEBUG] debug-file - Update task entry:default@ProcessRouterMap input file:E:\Study\Code\HarmonyOS\ToDoList\entry\src\main\module.json5 cache by regenerate.
[2024-11-16T00:29:10.801] [DEBUG] debug-file - Update task entry:default@ProcessRouterMap output file:E:\Study\Code\HarmonyOS\ToDoList\entry\.preview\default\intermediates\router_map\default\temp-router-map.json cache.
[2024-11-16T00:29:10.801] [DEBUG] debug-file - Update task entry:default@ProcessRouterMap output file:E:\Study\Code\HarmonyOS\ToDoList\entry\.preview\default\intermediates\router_map\default\loader-router-map.json cache.
[2024-11-16T00:29:10.801] [DEBUG] debug-file - Incremental task entry:default@ProcessRouterMap post-execution cost:1 ms .
[2024-11-16T00:29:10.802] [DEBUG] debug-file - Update task entry:default@GenerateLoaderJson input file:E:\Study\Code\HarmonyOS\ToDoList\entry\.preview\default\intermediates\router_map\default\temp-router-map.json cache by regenerate.
[2024-11-16T00:29:10.802] [DEBUG] debug-file - Update task entry:default@GenerateLoaderJson output file:E:\Study\Code\HarmonyOS\ToDoList\entry\.preview\default\intermediates\loader\default\loader.json cache.
[2024-11-16T00:29:10.802] [DEBUG] debug-file - Incremental task entry:default@GenerateLoaderJson post-execution cost:1 ms .
[2024-11-16T00:29:10.803] [DEBUG] debug-file - Update task entry:default@PreviewCompileResource input file:E:\Study\Code\HarmonyOS\ToDoList\entry\src\main\resources cache by regenerate.
[2024-11-16T00:29:10.804] [DEBUG] debug-file - Update task entry:default@PreviewCompileResource input file:E:\Study\Code\HarmonyOS\ToDoList\entry\.preview\default\intermediates\merge_profile\default\module.json cache by regenerate.
[2024-11-16T00:29:10.804] [DEBUG] debug-file - Update task entry:default@PreviewCompileResource output file:E:\Study\Code\HarmonyOS\ToDoList\entry\.preview\default\intermediates\res\default cache.
[2024-11-16T00:29:10.805] [DEBUG] debug-file - Update task entry:default@PreviewCompileResource output file:E:\Study\Code\HarmonyOS\ToDoList\entry\.preview\default\generated\r\default cache.
[2024-11-16T00:29:10.806] [DEBUG] debug-file - Incremental task entry:default@PreviewCompileResource post-execution cost:4 ms .
[2024-11-16T00:29:10.806] [DEBUG] debug-file - Update task entry:default@CopyPreviewProfile input file:E:\Study\Code\HarmonyOS\ToDoList\entry\src\main\resources\base\profile cache by regenerate.
[2024-11-16T00:29:10.806] [DEBUG] debug-file - Update task entry:default@CopyPreviewProfile output file:E:\Study\Code\HarmonyOS\ToDoList\entry\.preview\default\intermediates\res\default\resources\base\profile cache.
[2024-11-16T00:29:10.806] [DEBUG] debug-file - Incremental task entry:default@CopyPreviewProfile post-execution cost:1 ms .
[2024-11-16T00:29:10.807] [DEBUG] debug-file - Update task entry:default@PreviewUpdateAssets output file:E:\Study\Code\HarmonyOS\ToDoList\entry\.preview\default\intermediates\res\default\module.json cache.
[2024-11-16T00:29:10.807] [DEBUG] debug-file - Update task entry:default@PreviewUpdateAssets output file:E:\Study\Code\HarmonyOS\ToDoList\entry\.preview\default\intermediates\res\default\resources\base\profile\main_pages.json cache.
[2024-11-16T00:29:10.807] [DEBUG] debug-file - Incremental task entry:default@PreviewUpdateAssets post-execution cost:1 ms .
[2024-11-16T00:29:10.807] [DEBUG] debug-file - Update task entry:default@PreviewArkTS input file:E:\Study\Code\HarmonyOS\ToDoList\entry\.preview\default\intermediates\loader\default cache by regenerate.
[2024-11-16T00:29:10.808] [DEBUG] debug-file - Update task entry:default@PreviewArkTS input file:E:\Study\Code\HarmonyOS\ToDoList\entry\.preview\default\intermediates\res\default\ResourceTable.txt cache by regenerate.
[2024-11-16T00:29:10.808] [DEBUG] debug-file - Update task entry:default@PreviewArkTS input file:E:\Study\Code\HarmonyOS\ToDoList\entry\.preview\default\intermediates\res\default\module.json cache by regenerate.
[2024-11-16T00:29:10.808] [DEBUG] debug-file - Update task entry:default@PreviewArkTS input file:E:\Study\Code\HarmonyOS\ToDoList\entry\.preview\default\intermediates\res\default\resources\base\profile cache by regenerate.
[2024-11-16T00:29:10.808] [DEBUG] debug-file - Update task entry:default@PreviewArkTS input file:E:\Study\Code\HarmonyOS\ToDoList\entry\src\main\ets cache by regenerate.
[2024-11-16T00:29:10.809] [DEBUG] debug-file - Update task entry:default@PreviewArkTS input file:E:\Study\Code\HarmonyOS\ToDoList\entry\.preview\default\generated\profile\default\BuildProfile.ets cache by regenerate.
[2024-11-16T00:29:10.809] [DEBUG] debug-file - Update task entry:default@PreviewArkTS output file:E:\Study\Code\HarmonyOS\ToDoList\entry\.preview\default\intermediates\loader_out\default\ets cache.
[2024-11-16T00:29:10.809] [DEBUG] debug-file - Incremental task entry:default@PreviewArkTS post-execution cost:3 ms .
[2024-11-16T00:29:10.825] [DEBUG] debug-file - There's no busy workers and idle workers need cleanup.
[2024-11-16T00:29:10.825] [DEBUG] debug-file - hvigor build process will be closed.
