[2024-11-16T02:24:11.829] [DEBUG] debug-file - env: nodejsVersion=v18.20.1
[2024-11-16T02:24:12.177] [DEBUG] debug-file - Hvigor init with startParameters:{
  hvigorfileTypeCheck: false,
  parallelExecution: true,
  incrementalExecution: true,
  printStackTrace: false,
  daemon: false,
  analyze: 0,
  logLevel: Level { level: 20000, levelStr: 'INFO', colour: 'green' }
}
[2024-11-16T02:24:12.191] [DEBUG] debug-file - hvigorfile, resolving E:\Study\Code\HarmonyOS\FirstStartDemo_HOS\hvigorfile.ts
[2024-11-16T02:24:13.237] [DEBUG] debug-file - hvigorfile, require result:  { appTasks: [Getter] }
[2024-11-16T02:24:13.376] [DEBUG] debug-file - Start initialize project's product build option map with build mode debug.
[2024-11-16T02:24:13.379] [DEBUG] debug-file - Product 'default' using build option: {
  "debuggable": true
} in this build.
[2024-11-16T02:24:13.391] [DEBUG] debug-file - Start recording SDK configuration permission data.
[2024-11-16T02:24:13.386] [DEBUG] debug-file - Local scan or download hmscore sdk components toolchains,ets,native
[2024-11-16T02:24:13.383] [DEBUG] debug-file - Local scan or download HarmonyOS sdk components toolchains,ets,js,native,previewer
[2024-11-16T02:24:13.415] [DEBUG] debug-file - Sdk init in 34 ms 
[2024-11-16T02:24:13.433] [DEBUG] debug-file - Project task initialization takes 17 ms 
[2024-11-16T02:24:13.438] [DEBUG] debug-file - hvigorfile, resolving E:\Study\Code\HarmonyOS\FirstStartDemo_HOS\entry\hvigorfile.ts
[2024-11-16T02:24:13.449] [DEBUG] debug-file - Start initialize module-target build option map, moduleName=entry, buildMode=debug
[2024-11-16T02:24:13.457] [DEBUG] debug-file - project has submodules:entry
[2024-11-16T02:24:13.454] [DEBUG] debug-file - Module entry task initialization takes 3 ms 
[2024-11-16T02:24:13.472] [DEBUG] debug-file - Configuration task cost before running: 1 s 307 ms 
[2024-11-16T02:24:13.477] [DEBUG] debug-file - entry : clean cost memory 0.23760223388671875
[2024-11-16T02:24:13.475] [DEBUG] debug-file - Executing task :entry:clean
[2024-11-16T02:24:13.494] [DEBUG] debug-file - Module 'entry' target 'default' using build option: {
  "debuggable": true,
  "copyFrom": "default"
} in this build.
[2024-11-16T02:24:11.830] [DEBUG] debug-file - env: hvigor-config.json5 content = {
  modelVersion: '5.0.0',
  dependencies: {},
  execution: {},
  logging: {},
  debugging: {}
}
[2024-11-16T02:24:12.178] [DEBUG] debug-file - Since current hvigor version 5.8.9 differs from last hvigor version 
      undefined, delete file-cache.json and task-cache.json.
[2024-11-16T02:24:13.504] [DEBUG] debug-file - Create  resident worker with id: 0.
[2024-11-16T02:24:13.237] [DEBUG] debug-file - hvigorfile, binding system plugins { appTasks: [Getter] }
[2024-11-16T02:24:13.376] [DEBUG] debug-file - Picking option from product 'default' with build mode 'debug'.
[2024-11-16T02:24:13.380] [DEBUG] debug-file - No signingConfig found, initRemoteHspCache failed.
[2024-11-16T02:24:13.433] [DEBUG] debug-file - hvigorfile, resolve finished E:\Study\Code\HarmonyOS\FirstStartDemo_HOS\hvigorfile.ts
[2024-11-16T02:24:13.441] [DEBUG] debug-file - hvigorfile, require result:  { hapTasks: [Getter] }
[2024-11-16T02:24:13.449] [DEBUG] debug-file - Target 'default' config: {}
[2024-11-16T02:24:13.458] [DEBUG] debug-file - start to load updatedOhPackageInfo to the disk
[2024-11-16T02:24:13.454] [DEBUG] debug-file - hvigorfile, resolve finished E:\Study\Code\HarmonyOS\FirstStartDemo_HOS\entry\hvigorfile.ts
[2024-11-16T02:24:13.477] [DEBUG] debug-file - runTaskFromQueue task cost before running: 1 s 312 ms 
[2024-11-16T02:24:13.475] [DEBUG] debug-file - clean: Worker pool is inactive.
[2024-11-16T02:24:13.497] [DEBUG] debug-file - hvigor start cli arguments:{
  prop: [ 'product=default' ],
  sync: true,
  parallel: true,
  incremental: true,
  daemon: false,
  _: [],
  analyze: 'normal'
}
[2024-11-16T02:24:11.832] [DEBUG] debug-file - env: daemon=false
[2024-11-16T02:24:12.179] [DEBUG] debug-file - Cache service initialization finished in 2 ms 
[2024-11-16T02:24:13.505] [DEBUG] debug-file - Create  resident worker with id: 1.
[2024-11-16T02:24:13.376] [DEBUG] debug-file - Product 'default' build option: {}
[2024-11-16T02:24:13.442] [DEBUG] debug-file - hvigorfile, binding system plugins { hapTasks: [Getter] }
[2024-11-16T02:24:13.450] [DEBUG] debug-file - Module 'entry' target 'default' build option: {
  "debuggable": true,
  "copyFrom": "default"
}
[2024-11-16T02:24:13.461] [DEBUG] debug-file - load to the disk finished
[2024-11-16T02:24:13.478] [INFO] debug-file - Finished :entry:clean... after 3 ms 
[2024-11-16T02:24:13.502] [DEBUG] debug-file - Since there is no instance or instance is terminated, create a new worker pool.
[2024-11-16T02:24:11.832] [DEBUG] debug-file - no-daemon, use the parent process.execArgv --max-old-space-size=8192,--expose-gc
[2024-11-16T02:24:13.506] [DEBUG] debug-file - Current worker pool is stopped or closed.
[2024-11-16T02:24:13.376] [DEBUG] debug-file - End initialize project's product build option map with build mode 'debug'.
[2024-11-16T02:24:13.450] [DEBUG] debug-file - End initialize module-target build option map, moduleName=entry
[2024-11-16T02:24:13.465] [DEBUG] debug-file - Module FirstStartDemo_HOS Collected Dependency: 
[2024-11-16T02:24:13.478] [DEBUG] debug-file - Executing task ::clean
[2024-11-16T02:24:13.502] [DEBUG] debug-file - Worker pool is initialized with config:  {
  minPoolNum: 2,
  maxPoolNum: undefined,
  maxCoreSize: undefined,
  cacheCapacity: undefined,
  cacheTtl: undefined
}
[2024-11-16T02:24:13.506] [DEBUG] debug-file - Clear worker 0.
[2024-11-16T02:24:13.450] [DEBUG] debug-file - Module 'entry' target 'default' using build option: {
  "debuggable": true,
  "copyFrom": "default"
} in this build.
[2024-11-16T02:24:13.465] [DEBUG] debug-file - Module FirstStartDemo_HOS's total dependency: 0
[2024-11-16T02:24:13.478] [DEBUG] debug-file - clean: Worker pool is inactive.
[2024-11-16T02:24:13.507] [DEBUG] debug-file - Worker 0 has been cleared.
[2024-11-16T02:24:13.467] [DEBUG] debug-file - Module entry Collected Dependency: 
[2024-11-16T02:24:13.478] [DEBUG] debug-file - FirstStartDemo_HOS : clean cost memory 0.0299072265625
[2024-11-16T02:24:13.507] [DEBUG] debug-file - Current idle worker size: 1.
[2024-11-16T02:24:13.478] [DEBUG] debug-file - runTaskFromQueue task cost before running: 1 s 313 ms 
[2024-11-16T02:24:13.467] [DEBUG] debug-file - Module entry's total dependency: 0
[2024-11-16T02:24:13.507] [DEBUG] debug-file - Current busy worker size: 0.
[2024-11-16T02:24:13.479] [INFO] debug-file - Finished ::clean... after 1 ms 
[2024-11-16T02:24:13.470] [DEBUG] debug-file - Configuration phase cost:1 s 287 ms 
[2024-11-16T02:24:13.507] [DEBUG] debug-file - Clear worker 1.
[2024-11-16T02:24:13.479] [DEBUG] debug-file - Executing task :entry:init
[2024-11-16T02:24:13.507] [DEBUG] debug-file - Worker 1 has been cleared.
[2024-11-16T02:24:13.479] [DEBUG] debug-file - entry : init cost memory 0.0101318359375
[2024-11-16T02:24:13.507] [DEBUG] debug-file - Current idle worker size: 0.
[2024-11-16T02:24:13.479] [DEBUG] debug-file - runTaskFromQueue task cost before running: 1 s 314 ms 
[2024-11-16T02:24:13.507] [DEBUG] debug-file - Current busy worker size: 0.
[2024-11-16T02:24:13.479] [INFO] debug-file - Finished :entry:init... after 1 ms 
[2024-11-16T02:24:13.507] [DEBUG] debug-file - hvigor build process will be closed.
[2024-11-16T02:24:13.479] [DEBUG] debug-file - Executing task ::init
[2024-11-16T02:24:13.511] [DEBUG] debug-file - worker[0] exits with exit code 0.
[2024-11-16T02:24:13.479] [DEBUG] debug-file - FirstStartDemo_HOS : init cost memory 0.0089111328125
[2024-11-16T02:24:13.511] [DEBUG] debug-file - worker[1] exits with exit code 0.
[2024-11-16T02:24:13.479] [DEBUG] debug-file - runTaskFromQueue task cost before running: 1 s 314 ms 
[2024-11-16T02:24:13.514] [DEBUG] debug-file - Current worker pool is terminated.
[2024-11-16T02:24:13.479] [INFO] debug-file - Finished ::init... after 1 ms 
