[2024-11-16T22:53:03.996] [DEBUG] debug-file - env: nodejsVersion=v18.20.1
[2024-11-16T22:53:04.540] [DEBUG] debug-file - Hvigor init with startParameters:{
  hvigorfileTypeCheck: false,
  parallelExecution: true,
  incrementalExecution: true,
  printStackTrace: false,
  daemon: false,
  analyze: 0,
  logLevel: Level { level: 20000, levelStr: 'INFO', colour: 'green' }
}
[2024-11-16T22:53:04.554] [DEBUG] debug-file - hvigorfile, resolving E:\Study\Code\HarmonyOS\scroll-component-nested-sliding-master\hvigorfile.ts
[2024-11-16T22:53:06.133] [DEBUG] debug-file - hvigorfile, require result:  { default: { system: [Function: appTasks], plugins: [] } }
[2024-11-16T22:53:06.272] [DEBUG] debug-file - Start initialize project's product build option map with build mode debug.
[2024-11-16T22:53:06.287] [DEBUG] debug-file - Local scan or download HarmonyOS sdk components toolchains,ets,js,native,previewer
[2024-11-16T22:53:06.277] [DEBUG] debug-file - Product 'default' using build option: {
  "debuggable": true
} in this build.
[2024-11-16T22:53:06.291] [DEBUG] debug-file - Local scan or download hmscore sdk components toolchains,ets,native
[2024-11-16T22:53:06.323] [DEBUG] debug-file - Sdk init in 39 ms 
[2024-11-16T22:53:06.299] [DEBUG] debug-file - Start recording SDK configuration permission data.
[2024-11-16T22:53:06.343] [DEBUG] debug-file - Project task initialization takes 19 ms 
[2024-11-16T22:53:06.350] [DEBUG] debug-file - hvigorfile, resolving E:\Study\Code\HarmonyOS\scroll-component-nested-sliding-master\entry\hvigorfile.ts
[2024-11-16T22:53:06.367] [DEBUG] debug-file - Start initialize module-target build option map, moduleName=entry, buildMode=debug
[2024-11-16T22:53:06.376] [DEBUG] debug-file - project has submodules:entry
[2024-11-16T22:53:06.407] [DEBUG] debug-file - Configuration task cost before running: 1 s 881 ms 
[2024-11-16T22:53:06.373] [DEBUG] debug-file - Module entry task initialization takes 3 ms 
[2024-11-16T22:53:06.409] [DEBUG] debug-file - Executing task :entry:clean
[2024-11-16T22:53:06.411] [DEBUG] debug-file - entry : clean cost memory 0.24839019775390625
[2024-11-16T22:53:06.430] [DEBUG] debug-file - Module 'entry' target 'default' using build option: {
  "debuggable": true,
  "copyFrom": "default",
  "name": "debug"
} in this build.
[2024-11-16T22:53:03.998] [DEBUG] debug-file - env: hvigor-config.json5 content = {
  modelVersion: '5.0.0',
  dependencies: {},
  execution: {},
  logging: {},
  debugging: {},
  nodeOptions: {}
}
[2024-11-16T22:53:04.541] [DEBUG] debug-file - Since current hvigor version 5.8.9 differs from last hvigor version 
      undefined, delete file-cache.json and task-cache.json.
[2024-11-16T22:53:06.444] [DEBUG] debug-file - Create  resident worker with id: 0.
[2024-11-16T22:53:06.133] [DEBUG] debug-file - hvigorfile, binding system plugins [Function: appTasks]
[2024-11-16T22:53:06.273] [DEBUG] debug-file - Picking option from product 'default' with build mode 'debug'.
[2024-11-16T22:53:06.278] [DEBUG] debug-file - not found resModel json file in : E:\Study\Code\HarmonyOS\scroll-component-nested-sliding-master\entry\src\ohosTest\module.json5
[2024-11-16T22:53:06.343] [DEBUG] debug-file - hvigorfile, binding custom plugins []
[2024-11-16T22:53:06.355] [DEBUG] debug-file - hvigorfile, require result:  { default: { system: [Function: hapTasks], plugins: [] } }
[2024-11-16T22:53:06.367] [DEBUG] debug-file - Target 'default' config: {}
[2024-11-16T22:53:06.378] [DEBUG] debug-file - start to load updatedOhPackageInfo to the disk
[2024-11-16T22:53:06.373] [DEBUG] debug-file - hvigorfile, binding custom plugins []
[2024-11-16T22:53:06.409] [DEBUG] debug-file - clean: Worker pool is inactive.
[2024-11-16T22:53:06.411] [DEBUG] debug-file - runTaskFromQueue task cost before running: 1 s 885 ms 
[2024-11-16T22:53:06.432] [DEBUG] debug-file - Module 'entry' target 'ohosTest' using build option: {
  "debuggable": true,
  "name": "default"
} in this build.
[2024-11-16T22:53:04.000] [DEBUG] debug-file - env: daemon=false
[2024-11-16T22:53:04.542] [DEBUG] debug-file - Cache service initialization finished in 2 ms 
[2024-11-16T22:53:06.445] [DEBUG] debug-file - Create  resident worker with id: 1.
[2024-11-16T22:53:06.273] [DEBUG] debug-file - Product 'default' build option: {}
[2024-11-16T22:53:06.283] [DEBUG] debug-file - No signingConfig found, initRemoteHspCache failed.
[2024-11-16T22:53:06.343] [DEBUG] debug-file - hvigorfile, no custom plugins were found in E:\Study\Code\HarmonyOS\scroll-component-nested-sliding-master\hvigorfile.ts
[2024-11-16T22:53:06.355] [DEBUG] debug-file - hvigorfile, binding system plugins [Function: hapTasks]
[2024-11-16T22:53:06.368] [DEBUG] debug-file - Target 'ohosTest' config: {}
[2024-11-16T22:53:06.393] [DEBUG] debug-file - load to the disk finished
[2024-11-16T22:53:06.373] [DEBUG] debug-file - hvigorfile, no custom plugins were found in E:\Study\Code\HarmonyOS\scroll-component-nested-sliding-master\entry\hvigorfile.ts
[2024-11-16T22:53:06.412] [INFO] debug-file - Finished :entry:clean... after 3 ms 
[2024-11-16T22:53:06.436] [DEBUG] debug-file - hvigor start cli arguments:{
  prop: [ 'product=default' ],
  sync: true,
  parallel: true,
  incremental: true,
  daemon: false,
  _: [],
  analyze: 'normal'
}
[2024-11-16T22:53:04.000] [DEBUG] debug-file - no-daemon, use the parent process.execArgv --max-old-space-size=8192,--expose-gc
[2024-11-16T22:53:06.447] [DEBUG] debug-file - Current worker pool is stopped or closed.
[2024-11-16T22:53:06.273] [DEBUG] debug-file - End initialize project's product build option map with build mode 'debug'.
[2024-11-16T22:53:06.343] [DEBUG] debug-file - hvigorfile, resolve finished E:\Study\Code\HarmonyOS\scroll-component-nested-sliding-master\hvigorfile.ts
[2024-11-16T22:53:06.368] [DEBUG] debug-file - Module 'entry' target 'default' build option: {
  "debuggable": true,
  "copyFrom": "default",
  "name": "debug"
}
[2024-11-16T22:53:06.399] [DEBUG] debug-file - Module scroll-component-nested-sliding-master Collected Dependency: 
[2024-11-16T22:53:06.373] [DEBUG] debug-file - hvigorfile, resolve finished E:\Study\Code\HarmonyOS\scroll-component-nested-sliding-master\entry\hvigorfile.ts
[2024-11-16T22:53:06.412] [DEBUG] debug-file - Executing task ::clean
[2024-11-16T22:53:06.442] [DEBUG] debug-file - Since there is no instance or instance is terminated, create a new worker pool.
[2024-11-16T22:53:06.447] [DEBUG] debug-file - Clear worker 0.
[2024-11-16T22:53:06.368] [DEBUG] debug-file - Module 'entry' target 'ohosTest' build option: {
  "debuggable": true,
  "name": "default"
}
[2024-11-16T22:53:06.399] [DEBUG] debug-file - Module scroll-component-nested-sliding-master's total dependency: 0
[2024-11-16T22:53:06.412] [DEBUG] debug-file - clean: Worker pool is inactive.
[2024-11-16T22:53:06.442] [DEBUG] debug-file - Worker pool is initialized with config:  {
  minPoolNum: 2,
  maxPoolNum: undefined,
  maxCoreSize: undefined,
  cacheCapacity: undefined,
  cacheTtl: undefined
}
[2024-11-16T22:53:06.447] [DEBUG] debug-file - Worker 0 has been cleared.
[2024-11-16T22:53:06.368] [DEBUG] debug-file - End initialize module-target build option map, moduleName=entry
[2024-11-16T22:53:06.401] [DEBUG] debug-file - Module entry Collected Dependency: 
[2024-11-16T22:53:06.413] [DEBUG] debug-file - scroll-component-nested-sliding-master : clean cost memory 0.03209686279296875
[2024-11-16T22:53:06.447] [DEBUG] debug-file - Current idle worker size: 1.
[2024-11-16T22:53:06.368] [DEBUG] debug-file - Module 'entry' target 'default' using build option: {
  "debuggable": true,
  "copyFrom": "default",
  "name": "debug"
} in this build.
[2024-11-16T22:53:06.401] [DEBUG] debug-file - Module entry's total dependency: 0
[2024-11-16T22:53:06.413] [DEBUG] debug-file - runTaskFromQueue task cost before running: 1 s 887 ms 
[2024-11-16T22:53:06.447] [DEBUG] debug-file - Current busy worker size: 0.
[2024-11-16T22:53:06.413] [INFO] debug-file - Finished ::clean... after 1 ms 
[2024-11-16T22:53:06.404] [DEBUG] debug-file - Configuration phase cost:1 s 857 ms 
[2024-11-16T22:53:06.447] [DEBUG] debug-file - Clear worker 1.
[2024-11-16T22:53:06.413] [DEBUG] debug-file - Executing task :entry:init
[2024-11-16T22:53:06.447] [DEBUG] debug-file - Worker 1 has been cleared.
[2024-11-16T22:53:06.413] [DEBUG] debug-file - entry : init cost memory 0.0101318359375
[2024-11-16T22:53:06.447] [DEBUG] debug-file - Current idle worker size: 0.
[2024-11-16T22:53:06.413] [DEBUG] debug-file - runTaskFromQueue task cost before running: 1 s 887 ms 
[2024-11-16T22:53:06.447] [DEBUG] debug-file - Current busy worker size: 0.
[2024-11-16T22:53:06.413] [INFO] debug-file - Finished :entry:init... after 1 ms 
[2024-11-16T22:53:06.447] [DEBUG] debug-file - hvigor build process will be closed.
[2024-11-16T22:53:06.413] [DEBUG] debug-file - Executing task ::init
[2024-11-16T22:53:06.451] [DEBUG] debug-file - worker[0] exits with exit code 0.
[2024-11-16T22:53:06.414] [DEBUG] debug-file - scroll-component-nested-sliding-master : init cost memory 0.0089111328125
[2024-11-16T22:53:06.454] [DEBUG] debug-file - worker[1] exits with exit code 0.
[2024-11-16T22:53:06.414] [DEBUG] debug-file - runTaskFromQueue task cost before running: 1 s 887 ms 
[2024-11-16T22:53:06.454] [DEBUG] debug-file - Current worker pool is terminated.
[2024-11-16T22:53:06.414] [INFO] debug-file - Finished ::init... after 1 ms 
[2024-11-16T22:53:23.066] [DEBUG] debug-file - env: nodejsVersion=v18.20.1
[2024-11-16T22:53:23.322] [DEBUG] debug-file - env: daemon=true
[2024-11-16T22:53:23.068] [DEBUG] debug-file - env: hvigor-config.json5 content = {
  modelVersion: '5.0.0',
  dependencies: {},
  execution: {},
  logging: {},
  debugging: {},
  nodeOptions: {}
}
[2024-11-16T22:53:25.971] [DEBUG] debug-file - hvigor start cli arguments:{
  prop: [],
  sync: true,
  parallel: true,
  incremental: true,
  daemon: true,
  _: [ '--analyze=normal' ]
}
[2024-11-16T22:53:25.992] [DEBUG] debug-file - session manager: set active socket. socketId=VGWydyGPRaRKTqVNAAAB
[2024-11-16T22:53:25.996] [DEBUG] debug-file - java daemon tryConnect success
[2024-11-16T22:53:26.573] [DEBUG] debug-file - watch worker: worker id should be larger than 0. Nothing will be sent to any worker thread.
[2024-11-16T22:53:26.584] [DEBUG] debug-file - Hvigor init with startParameters:{
  hvigorfileTypeCheck: false,
  parallelExecution: true,
  incrementalExecution: true,
  printStackTrace: false,
  daemon: true,
  analyze: 0,
  logLevel: Level { level: 20000, levelStr: 'INFO', colour: 'green' }
}
[2024-11-16T22:53:26.586] [DEBUG] debug-file - Cache service initialization finished in 2 ms 
[2024-11-16T22:53:26.594] [DEBUG] debug-file - hvigorfile, resolving E:\Study\Code\HarmonyOS\scroll-component-nested-sliding-master\hvigorfile.ts
[2024-11-16T22:53:27.551] [DEBUG] debug-file - hvigorfile, require result:  { default: { plugins: [] } }
[2024-11-16T22:53:27.551] [DEBUG] debug-file - hvigorfile, binding system plugins null
[2024-11-16T22:53:27.682] [DEBUG] debug-file - Start initialize project's product build option map with build mode debug.
[2024-11-16T22:53:27.682] [DEBUG] debug-file - Picking option from product 'default' with build mode 'debug'.
[2024-11-16T22:53:27.682] [DEBUG] debug-file - Product 'default' build option: {}
[2024-11-16T22:53:27.683] [DEBUG] debug-file - End initialize project's product build option map with build mode 'debug'.
[2024-11-16T22:53:27.685] [DEBUG] debug-file - Product 'default' using build option: {
  "debuggable": true
} in this build.
[2024-11-16T22:53:27.686] [DEBUG] debug-file - not found resModel json file in : E:\Study\Code\HarmonyOS\scroll-component-nested-sliding-master\entry\src\ohosTest\module.json5
[2024-11-16T22:53:27.692] [DEBUG] debug-file - No signingConfig found, initRemoteHspCache failed.
[2024-11-16T22:53:27.695] [DEBUG] debug-file - Local scan or download HarmonyOS sdk components toolchains,ets,js,native,previewer
[2024-11-16T22:53:27.698] [DEBUG] debug-file - Local scan or download hmscore sdk components toolchains,ets,native
[2024-11-16T22:53:27.702] [DEBUG] debug-file - Start recording SDK configuration permission data.
[2024-11-16T22:53:27.722] [DEBUG] debug-file - Sdk init in 30 ms 
[2024-11-16T22:53:27.734] [DEBUG] debug-file - Project task initialization takes 11 ms 
[2024-11-16T22:53:27.734] [DEBUG] debug-file - hvigorfile, binding custom plugins []
[2024-11-16T22:53:27.735] [DEBUG] debug-file - hvigorfile, no custom plugins were found in E:\Study\Code\HarmonyOS\scroll-component-nested-sliding-master\hvigorfile.ts
[2024-11-16T22:53:27.735] [DEBUG] debug-file - hvigorfile, resolve finished E:\Study\Code\HarmonyOS\scroll-component-nested-sliding-master\hvigorfile.ts
[2024-11-16T22:53:27.738] [DEBUG] debug-file - hvigorfile, resolving E:\Study\Code\HarmonyOS\scroll-component-nested-sliding-master\entry\hvigorfile.ts
[2024-11-16T22:53:27.742] [DEBUG] debug-file - hvigorfile, require result:  { default: { plugins: [] } }
[2024-11-16T22:53:27.742] [DEBUG] debug-file - hvigorfile, binding system plugins null
[2024-11-16T22:53:27.751] [DEBUG] debug-file - Start initialize module-target build option map, moduleName=entry, buildMode=debug
[2024-11-16T22:53:27.751] [DEBUG] debug-file - Target 'default' config: {}
[2024-11-16T22:53:27.752] [DEBUG] debug-file - Target 'ohosTest' config: {}
[2024-11-16T22:53:27.752] [DEBUG] debug-file - Module 'entry' target 'default' build option: {
  "debuggable": true,
  "copyFrom": "default",
  "name": "debug"
}
[2024-11-16T22:53:27.752] [DEBUG] debug-file - Module 'entry' target 'ohosTest' build option: {
  "debuggable": true,
  "name": "default"
}
[2024-11-16T22:53:27.752] [DEBUG] debug-file - End initialize module-target build option map, moduleName=entry
[2024-11-16T22:53:27.752] [DEBUG] debug-file - Module 'entry' target 'default' using build option: {
  "debuggable": true,
  "copyFrom": "default",
  "name": "debug"
} in this build.
[2024-11-16T22:53:27.756] [DEBUG] debug-file - Module entry task initialization takes 3 ms 
[2024-11-16T22:53:27.756] [DEBUG] debug-file - hvigorfile, binding custom plugins []
[2024-11-16T22:53:27.756] [DEBUG] debug-file - hvigorfile, no custom plugins were found in E:\Study\Code\HarmonyOS\scroll-component-nested-sliding-master\entry\hvigorfile.ts
[2024-11-16T22:53:27.756] [DEBUG] debug-file - hvigorfile, resolve finished E:\Study\Code\HarmonyOS\scroll-component-nested-sliding-master\entry\hvigorfile.ts
[2024-11-16T22:53:27.769] [DEBUG] debug-file - hvigorfile, resolve hvigorfile dependencies in 12 ms 
[2024-11-16T22:53:27.770] [DEBUG] debug-file - project has submodules:entry
[2024-11-16T22:53:27.771] [DEBUG] debug-file - start to load updatedOhPackageInfo to the disk
[2024-11-16T22:53:27.775] [DEBUG] debug-file - load to the disk finished
[2024-11-16T22:53:27.780] [DEBUG] debug-file - Module scroll-component-nested-sliding-master Collected Dependency: 
[2024-11-16T22:53:27.780] [DEBUG] debug-file - Module scroll-component-nested-sliding-master's total dependency: 0
[2024-11-16T22:53:27.782] [DEBUG] debug-file - Module entry Collected Dependency: 
[2024-11-16T22:53:27.782] [DEBUG] debug-file - Module entry's total dependency: 0
[2024-11-16T22:53:27.786] [DEBUG] debug-file - Configuration phase cost:1 s 197 ms 
[2024-11-16T22:53:27.788] [DEBUG] debug-file - Configuration task cost before running: 1 s 213 ms 
[2024-11-16T22:53:27.788] [DEBUG] debug-file - Executing task :entry:init
[2024-11-16T22:53:27.789] [DEBUG] debug-file - entry : init cost memory 0.01544952392578125
[2024-11-16T22:53:27.789] [DEBUG] debug-file - runTaskFromQueue task cost before running: 1 s 214 ms 
[2024-11-16T22:53:27.789] [INFO] debug-file - Finished :entry:init... after 1 ms 
[2024-11-16T22:53:27.789] [DEBUG] debug-file - Executing task ::init
[2024-11-16T22:53:27.790] [DEBUG] debug-file - scroll-component-nested-sliding-master : init cost memory 0.012786865234375
[2024-11-16T22:53:27.790] [DEBUG] debug-file - runTaskFromQueue task cost before running: 1 s 214 ms 
[2024-11-16T22:53:27.790] [INFO] debug-file - Finished ::init... after 1 ms 
[2024-11-16T22:53:27.806] [DEBUG] debug-file - Module 'entry' target 'default' using build option: {
  "debuggable": true,
  "copyFrom": "default",
  "name": "debug"
} in this build.
[2024-11-16T22:53:27.808] [DEBUG] debug-file - Module 'entry' target 'ohosTest' using build option: {
  "debuggable": true,
  "name": "default"
} in this build.
[2024-11-16T22:53:27.814] [DEBUG] debug-file - Since there is no instance or instance is terminated, create a new worker pool.
[2024-11-16T22:53:27.816] [DEBUG] debug-file - session manager: send message to worker process.
[2024-11-16T22:53:27.816] [DEBUG] debug-file - session manager: send message to worker process.
[2024-11-16T22:53:27.814] [DEBUG] debug-file - Worker pool is initialized with config:  {
  minPoolNum: 2,
  maxPoolNum: undefined,
  maxCoreSize: undefined,
  cacheCapacity: undefined,
  cacheTtl: undefined
}
[2024-11-16T22:53:27.815] [DEBUG] debug-file - Create  resident worker with id: 0.
[2024-11-16T22:53:27.817] [DEBUG] debug-file - Create  resident worker with id: 1.
[2024-11-16T22:53:27.819] [DEBUG] debug-file - Cleanup worker 0.
[2024-11-16T22:53:27.819] [DEBUG] debug-file - Worker 0 has been cleaned up.
[2024-11-16T22:53:27.819] [DEBUG] debug-file - Current idle worker size: 1.
[2024-11-16T22:53:27.819] [DEBUG] debug-file - Current resident worker size: 2.
[2024-11-16T22:53:27.819] [DEBUG] debug-file - Cleanup worker 1.
[2024-11-16T22:53:27.819] [DEBUG] debug-file - Worker 1 has been cleaned up.
[2024-11-16T22:53:27.819] [DEBUG] debug-file - Current idle worker size: 0.
[2024-11-16T22:53:27.819] [DEBUG] debug-file - Current resident worker size: 2.
[2024-11-16T22:53:27.820] [DEBUG] debug-file - hvigor build process will be closed.
[2024-11-16T22:53:27.821] [DEBUG] debug-file - watch worker: worker id should be larger than 0. Nothing will be sent to any worker thread.
[2024-11-16T22:53:27.821] [DEBUG] debug-file - watch worker: worker id should be larger than 0. Nothing will be sent to any worker thread.
[2024-11-16T22:53:27.822] [DEBUG] debug-file - worker[0] exits with exit code 0.
[2024-11-16T22:53:27.823] [DEBUG] debug-file - worker[1] exits with exit code 0.
[2024-11-16T22:53:28.224] [DEBUG] debug-file - session manager: set active socket. socketId=X8uJe40CKrgJ50TdAAAD
[2024-11-16T22:53:28.227] [DEBUG] debug-file - watch worker: worker id should be larger than 0. Nothing will be sent to any worker thread.
[2024-11-16T22:53:28.235] [DEBUG] debug-file - Hvigor init with startParameters:{
  hvigorfileTypeCheck: false,
  parallelExecution: true,
  incrementalExecution: true,
  printStackTrace: false,
  daemon: true,
  analyze: 0,
  logLevel: Level { level: 20000, levelStr: 'INFO', colour: 'green' }
}
[2024-11-16T22:53:28.235] [DEBUG] debug-file - Cache service initialization finished in 1 ms 
[2024-11-16T22:53:28.240] [DEBUG] debug-file - hvigorfile, resolving E:\Study\Code\HarmonyOS\scroll-component-nested-sliding-master\hvigorfile.ts
[2024-11-16T22:53:28.244] [DEBUG] debug-file - hvigorfile, require result:  { default: { plugins: [] } }
[2024-11-16T22:53:28.244] [DEBUG] debug-file - hvigorfile, binding system plugins null
[2024-11-16T22:53:28.247] [DEBUG] debug-file - Start initialize project's product build option map with build mode debug.
[2024-11-16T22:53:28.247] [DEBUG] debug-file - Picking option from product 'default' with build mode 'debug'.
[2024-11-16T22:53:28.247] [DEBUG] debug-file - Product 'default' build option: {}
[2024-11-16T22:53:28.248] [DEBUG] debug-file - End initialize project's product build option map with build mode 'debug'.
[2024-11-16T22:53:28.248] [DEBUG] debug-file - Product 'default' using build option: {
  "debuggable": true
} in this build.
[2024-11-16T22:53:28.249] [DEBUG] debug-file - not found resModel json file in : E:\Study\Code\HarmonyOS\scroll-component-nested-sliding-master\entry\src\ohosTest\module.json5
[2024-11-16T22:53:28.250] [DEBUG] debug-file - No signingConfig found, initRemoteHspCache failed.
[2024-11-16T22:53:28.254] [DEBUG] debug-file - Start recording SDK configuration permission data.
[2024-11-16T22:53:28.266] [DEBUG] debug-file - Sdk init in 16 ms 
[2024-11-16T22:53:28.276] [DEBUG] debug-file - Project task initialization takes 9 ms 
[2024-11-16T22:53:28.276] [DEBUG] debug-file - hvigorfile, binding custom plugins []
[2024-11-16T22:53:28.276] [DEBUG] debug-file - hvigorfile, no custom plugins were found in E:\Study\Code\HarmonyOS\scroll-component-nested-sliding-master\hvigorfile.ts
[2024-11-16T22:53:28.276] [DEBUG] debug-file - hvigorfile, resolve finished E:\Study\Code\HarmonyOS\scroll-component-nested-sliding-master\hvigorfile.ts
[2024-11-16T22:53:28.279] [DEBUG] debug-file - hvigorfile, resolving E:\Study\Code\HarmonyOS\scroll-component-nested-sliding-master\entry\hvigorfile.ts
[2024-11-16T22:53:28.282] [DEBUG] debug-file - hvigorfile, require result:  { default: { plugins: [] } }
[2024-11-16T22:53:28.283] [DEBUG] debug-file - hvigorfile, binding system plugins null
[2024-11-16T22:53:28.286] [DEBUG] debug-file - Start initialize module-target build option map, moduleName=entry, buildMode=debug
[2024-11-16T22:53:28.286] [DEBUG] debug-file - Target 'default' config: {}
[2024-11-16T22:53:28.286] [DEBUG] debug-file - Target 'ohosTest' config: {}
[2024-11-16T22:53:28.286] [DEBUG] debug-file - Module 'entry' target 'default' build option: {
  "debuggable": true,
  "copyFrom": "default",
  "name": "debug"
}
[2024-11-16T22:53:28.287] [DEBUG] debug-file - Module 'entry' target 'ohosTest' build option: {
  "debuggable": true,
  "name": "default"
}
[2024-11-16T22:53:28.287] [DEBUG] debug-file - End initialize module-target build option map, moduleName=entry
[2024-11-16T22:53:28.287] [DEBUG] debug-file - Module 'entry' target 'default' using build option: {
  "debuggable": true,
  "copyFrom": "default",
  "name": "debug"
} in this build.
[2024-11-16T22:53:28.288] [DEBUG] debug-file - Module entry task initialization takes 1 ms 
[2024-11-16T22:53:28.288] [DEBUG] debug-file - hvigorfile, binding custom plugins []
[2024-11-16T22:53:28.288] [DEBUG] debug-file - hvigorfile, no custom plugins were found in E:\Study\Code\HarmonyOS\scroll-component-nested-sliding-master\entry\hvigorfile.ts
[2024-11-16T22:53:28.288] [DEBUG] debug-file - hvigorfile, resolve finished E:\Study\Code\HarmonyOS\scroll-component-nested-sliding-master\entry\hvigorfile.ts
[2024-11-16T22:53:28.298] [DEBUG] debug-file - hvigorfile, resolve hvigorfile dependencies in 9 ms 
[2024-11-16T22:53:28.298] [DEBUG] debug-file - project has submodules:entry
[2024-11-16T22:53:28.299] [DEBUG] debug-file - start to load updatedOhPackageInfo to the disk
[2024-11-16T22:53:28.302] [DEBUG] debug-file - load to the disk finished
[2024-11-16T22:53:28.304] [DEBUG] debug-file - Module scroll-component-nested-sliding-master Collected Dependency: 
[2024-11-16T22:53:28.304] [DEBUG] debug-file - Module scroll-component-nested-sliding-master's total dependency: 0
[2024-11-16T22:53:28.305] [DEBUG] debug-file - Module entry Collected Dependency: 
[2024-11-16T22:53:28.305] [DEBUG] debug-file - Module entry's total dependency: 0
[2024-11-16T22:53:28.306] [DEBUG] debug-file - Configuration phase cost:70 ms 
[2024-11-16T22:53:28.307] [DEBUG] debug-file - Configuration task cost before running: 79 ms 
[2024-11-16T22:53:28.309] [DEBUG] debug-file - jsonObjWithoutParam {} at undefined
[2024-11-16T22:53:28.309] [DEBUG] debug-file - jsonObjWithoutParam {"name":"entry","version":"1.0.0","description":"Please describe the basic information.","main":"","author":"","license":"","dependencies":{}} at undefined
[2024-11-16T22:53:28.312] [DEBUG] debug-file - Executing task :entry:default@PreBuild
[2024-11-16T22:53:28.446] [DEBUG] debug-file - current product is not Atomic service.
[2024-11-16T22:53:28.447] [DEBUG] debug-file - Use tool [win32: JAVA_HOME, CLASSPATH]
 [
  { JAVA_HOME: 'E:\\Study\\DevEco Studio\\jbr' },
  { CLASSPATH: undefined }
]
[2024-11-16T22:53:28.447] [DEBUG] debug-file - Use tool [win32: NODE_HOME]
 [ { NODE_HOME: 'E:\\Study\\DevEco Studio\\tools\\node' } ]
[2024-11-16T22:53:28.447] [DEBUG] debug-file - entry : default@PreBuild cost memory -4.751686096191406
[2024-11-16T22:53:28.447] [DEBUG] debug-file - runTaskFromQueue task cost before running: 219 ms 
[2024-11-16T22:53:28.448] [INFO] debug-file - Finished :entry:default@PreBuild... after 136 ms 
[2024-11-16T22:53:28.449] [DEBUG] debug-file - jsonObjWithoutParam {} at undefined
[2024-11-16T22:53:28.449] [DEBUG] debug-file - jsonObjWithoutParam {"name":"entry","version":"1.0.0","description":"Please describe the basic information.","main":"","author":"","license":"","dependencies":{}} at undefined
[2024-11-16T22:53:28.450] [DEBUG] debug-file - Executing task :entry:default@MergeProfile
[2024-11-16T22:53:28.451] [DEBUG] debug-file - Change app api release type with 'Release'
[2024-11-16T22:53:28.451] [DEBUG] debug-file - Change app compile API version with '5.0.0.71'
[2024-11-16T22:53:28.451] [DEBUG] debug-file - Change app target API version with '50000012'
[2024-11-16T22:53:28.451] [DEBUG] debug-file - Change app minimum API version with '50000012'
[2024-11-16T22:53:28.451] [DEBUG] debug-file - Use cli appEnvironment
[2024-11-16T22:53:28.453] [DEBUG] debug-file - entry : default@MergeProfile cost memory 0.15370941162109375
[2024-11-16T22:53:28.453] [DEBUG] debug-file - runTaskFromQueue task cost before running: 225 ms 
[2024-11-16T22:53:28.454] [INFO] debug-file - Finished :entry:default@MergeProfile... after 4 ms 
[2024-11-16T22:53:28.455] [DEBUG] debug-file - jsonObjWithoutParam {} at undefined
[2024-11-16T22:53:28.455] [DEBUG] debug-file - jsonObjWithoutParam {"name":"entry","version":"1.0.0","description":"Please describe the basic information.","main":"","author":"","license":"","dependencies":{}} at undefined
[2024-11-16T22:53:28.456] [DEBUG] debug-file - Executing task :entry:default@CreateBuildProfile
[2024-11-16T22:53:28.457] [DEBUG] debug-file - entry : default@CreateBuildProfile cost memory 0.08526611328125
[2024-11-16T22:53:28.458] [DEBUG] debug-file - runTaskFromQueue task cost before running: 229 ms 
[2024-11-16T22:53:28.458] [INFO] debug-file - Finished :entry:default@CreateBuildProfile... after 2 ms 
[2024-11-16T22:53:28.459] [DEBUG] debug-file - jsonObjWithoutParam {} at undefined
[2024-11-16T22:53:28.459] [DEBUG] debug-file - jsonObjWithoutParam {"name":"entry","version":"1.0.0","description":"Please describe the basic information.","main":"","author":"","license":"","dependencies":{}} at undefined
[2024-11-16T22:53:28.459] [DEBUG] debug-file - Executing task :entry:default@PreCheckSyscap
[2024-11-16T22:53:28.460] [DEBUG] debug-file - entry : default@PreCheckSyscap cost memory 0.01337432861328125
[2024-11-16T22:53:28.460] [DEBUG] debug-file - runTaskFromQueue task cost before running: 231 ms 
[2024-11-16T22:53:28.460] [INFO] debug-file - Finished :entry:default@PreCheckSyscap... after 1 ms 
[2024-11-16T22:53:28.461] [DEBUG] debug-file - jsonObjWithoutParam {} at undefined
[2024-11-16T22:53:28.461] [DEBUG] debug-file - jsonObjWithoutParam {"name":"entry","version":"1.0.0","description":"Please describe the basic information.","main":"","author":"","license":"","dependencies":{}} at undefined
[2024-11-16T22:53:28.466] [DEBUG] debug-file - Executing task :entry:default@GeneratePkgContextInfo
[2024-11-16T22:53:28.466] [DEBUG] debug-file - entry : default@GeneratePkgContextInfo cost memory 0.02214813232421875
[2024-11-16T22:53:28.466] [DEBUG] debug-file - runTaskFromQueue task cost before running: 238 ms 
[2024-11-16T22:53:28.466] [INFO] debug-file - Finished :entry:default@GeneratePkgContextInfo... after 1 ms 
[2024-11-16T22:53:28.467] [DEBUG] debug-file - jsonObjWithoutParam {} at undefined
[2024-11-16T22:53:28.467] [DEBUG] debug-file - jsonObjWithoutParam {"name":"entry","version":"1.0.0","description":"Please describe the basic information.","main":"","author":"","license":"","dependencies":{}} at undefined
[2024-11-16T22:53:28.469] [DEBUG] debug-file - Executing task :entry:default@ProcessProfile
[2024-11-16T22:53:28.469] [DEBUG] debug-file - [
  'E:\\Study\\DevEco Studio\\tools\\node\\node.exe',
  'E:\\Study\\DevEco Studio\\sdk\\default\\openharmony\\ets\\build-tools\\ets-loader\\bin\\ark\\ts2abc.js',
  '--target-api-version',
  '12',
  '--target-api-sub-version',
  'beta1'
]
[2024-11-16T22:53:28.759] [DEBUG] debug-file - 12.0.2.0
[2024-11-16T22:53:28.760] [DEBUG] debug-file - entry : default@ProcessProfile cost memory 1.7268829345703125
[2024-11-16T22:53:28.760] [DEBUG] debug-file - runTaskFromQueue task cost before running: 532 ms 
[2024-11-16T22:53:28.761] [INFO] debug-file - Finished :entry:default@ProcessProfile... after 292 ms 
[2024-11-16T22:53:28.762] [DEBUG] debug-file - jsonObjWithoutParam {} at undefined
[2024-11-16T22:53:28.762] [DEBUG] debug-file - jsonObjWithoutParam {"name":"entry","version":"1.0.0","description":"Please describe the basic information.","main":"","author":"","license":"","dependencies":{}} at undefined
[2024-11-16T22:53:28.763] [DEBUG] debug-file - Executing task :entry:default@ProcessRouterMap
[2024-11-16T22:53:28.766] [DEBUG] debug-file - entry : default@ProcessRouterMap cost memory 0.24286651611328125
[2024-11-16T22:53:28.766] [DEBUG] debug-file - runTaskFromQueue task cost before running: 538 ms 
[2024-11-16T22:53:28.767] [INFO] debug-file - Finished :entry:default@ProcessRouterMap... after 3 ms 
[2024-11-16T22:53:28.768] [DEBUG] debug-file - jsonObjWithoutParam {} at undefined
[2024-11-16T22:53:28.768] [DEBUG] debug-file - jsonObjWithoutParam {"name":"entry","version":"1.0.0","description":"Please describe the basic information.","main":"","author":"","license":"","dependencies":{}} at undefined
[2024-11-16T22:53:28.768] [DEBUG] debug-file - restool module names: entry; moduleName=entry, taskName=default@PreviewProcessResource
[2024-11-16T22:53:28.770] [DEBUG] debug-file - Executing task :entry:default@PreviewProcessResource
[2024-11-16T22:53:28.770] [DEBUG] debug-file - entry : default@PreviewProcessResource cost memory 0.05272674560546875
[2024-11-16T22:53:28.771] [DEBUG] debug-file - runTaskFromQueue task cost before running: 542 ms 
[2024-11-16T22:53:28.771] [INFO] debug-file - Finished :entry:default@PreviewProcessResource... after 1 ms 
[2024-11-16T22:53:28.772] [DEBUG] debug-file - jsonObjWithoutParam {} at undefined
[2024-11-16T22:53:28.773] [DEBUG] debug-file - jsonObjWithoutParam {"name":"entry","version":"1.0.0","description":"Please describe the basic information.","main":"","author":"","license":"","dependencies":{}} at undefined
[2024-11-16T22:53:28.775] [DEBUG] debug-file - Executing task :entry:default@GenerateLoaderJson
[2024-11-16T22:53:28.782] [DEBUG] debug-file - entry : default@GenerateLoaderJson cost memory 0.5856094360351562
[2024-11-16T22:53:28.782] [DEBUG] debug-file - runTaskFromQueue task cost before running: 554 ms 
[2024-11-16T22:53:28.783] [INFO] debug-file - Finished :entry:default@GenerateLoaderJson... after 8 ms 
[2024-11-16T22:53:28.785] [DEBUG] debug-file - jsonObjWithoutParam {} at undefined
[2024-11-16T22:53:28.785] [DEBUG] debug-file - jsonObjWithoutParam {"name":"entry","version":"1.0.0","description":"Please describe the basic information.","main":"","author":"","license":"","dependencies":{}} at undefined
[2024-11-16T22:53:28.785] [DEBUG] debug-file - restool module names: entry; moduleName=entry, taskName=default@PreviewCompileResource
[2024-11-16T22:53:28.786] [DEBUG] debug-file - Executing task :entry:default@PreviewCompileResource
[2024-11-16T22:53:28.790] [DEBUG] debug-file - Use tool [E:\Study\DevEco Studio\sdk\default\openharmony\toolchains\restool.exe]
 [
  'E:\\Study\\DevEco Studio\\sdk\\default\\openharmony\\toolchains\\restool.exe',
  '-x',
  'E:\\Study\\Code\\HarmonyOS\\scroll-component-nested-sliding-master\\AppScope\\resources',
  '-o',
  'E:\\Study\\Code\\HarmonyOS\\scroll-component-nested-sliding-master\\entry\\.preview\\default\\intermediates\\res\\default\\app_compiled'
]
[2024-11-16T22:53:28.791] [DEBUG] debug-file - current process  memoryUsage: {
  rss: 181841920,
  heapTotal: 132280320,
  heapUsed: 105466288,
  external: 3259977,
  arrayBuffers: 249276
} os memoryUsage :14.26470947265625
[2024-11-16T22:53:28.971] [DEBUG] debug-file - Info: restool resources compile success.

[2024-11-16T22:53:28.974] [DEBUG] debug-file - Use tool [E:\Study\DevEco Studio\sdk\default\openharmony\toolchains\restool.exe]
 [
  'E:\\Study\\DevEco Studio\\sdk\\default\\openharmony\\toolchains\\restool.exe',
  '-x',
  'E:\\Study\\Code\\HarmonyOS\\scroll-component-nested-sliding-master\\entry\\src\\main\\resources',
  '-o',
  'E:\\Study\\Code\\HarmonyOS\\scroll-component-nested-sliding-master\\entry\\.preview\\default\\intermediates\\res\\default\\module_compiled'
]
[2024-11-16T22:53:28.975] [DEBUG] debug-file - current process  memoryUsage: {
  rss: 181932032,
  heapTotal: 132280320,
  heapUsed: 105726560,
  external: 3268295,
  arrayBuffers: 257609
} os memoryUsage :14.262565612792969
[2024-11-16T22:53:29.186] [DEBUG] debug-file - Info: restool resources compile success.

[2024-11-16T22:53:29.189] [DEBUG] debug-file - Use tool [E:\Study\DevEco Studio\sdk\default\openharmony\toolchains\restool.exe]
 [
  'E:\\Study\\DevEco Studio\\sdk\\default\\openharmony\\toolchains\\restool.exe',
  '-m',
  'entry',
  '-f',
  '-j',
  'E:\\Study\\Code\\HarmonyOS\\scroll-component-nested-sliding-master\\entry\\.preview\\default\\intermediates\\process_profile\\default\\module.json',
  '-p',
  'com.example.sample_01',
  '-r',
  'E:\\Study\\Code\\HarmonyOS\\scroll-component-nested-sliding-master\\entry\\.preview\\default\\generated\\r\\default\\ResourceTable.h',
  '-z',
  '--ids',
  'E:\\Study\\Code\\HarmonyOS\\scroll-component-nested-sliding-master\\entry\\.preview\\default\\intermediates\\res\\default\\ids_map',
  '-i',
  'E:\\Study\\Code\\HarmonyOS\\scroll-component-nested-sliding-master\\entry\\.preview\\default\\intermediates\\res\\default\\app_compiled',
  '-i',
  'E:\\Study\\Code\\HarmonyOS\\scroll-component-nested-sliding-master\\entry\\.preview\\default\\intermediates\\res\\default\\module_compiled',
  '-o',
  'E:\\Study\\Code\\HarmonyOS\\scroll-component-nested-sliding-master\\entry\\.preview\\default\\intermediates\\res\\default'
]
[2024-11-16T22:53:29.190] [DEBUG] debug-file - current process  memoryUsage: {
  rss: 182001664,
  heapTotal: 132280320,
  heapUsed: 105999968,
  external: 3268421,
  arrayBuffers: 258602
} os memoryUsage :14.266288757324219
[2024-11-16T22:53:29.407] [DEBUG] debug-file - Info: restool resources compile success.

[2024-11-16T22:53:29.412] [DEBUG] debug-file - entry : default@PreviewCompileResource cost memory 1.1765518188476562
[2024-11-16T22:53:29.412] [DEBUG] debug-file - runTaskFromQueue task cost before running: 1 s 184 ms 
[2024-11-16T22:53:29.413] [INFO] debug-file - Finished :entry:default@PreviewCompileResource... after 626 ms 
[2024-11-16T22:53:29.414] [DEBUG] debug-file - jsonObjWithoutParam {} at undefined
[2024-11-16T22:53:29.414] [DEBUG] debug-file - jsonObjWithoutParam {"name":"entry","version":"1.0.0","description":"Please describe the basic information.","main":"","author":"","license":"","dependencies":{}} at undefined
[2024-11-16T22:53:29.414] [DEBUG] debug-file - Executing task :entry:default@PreviewHookCompileResource
[2024-11-16T22:53:29.414] [DEBUG] debug-file - entry : default@PreviewHookCompileResource cost memory 0.01485443115234375
[2024-11-16T22:53:29.414] [DEBUG] debug-file - runTaskFromQueue task cost before running: 1 s 186 ms 
[2024-11-16T22:53:29.414] [INFO] debug-file - Finished :entry:default@PreviewHookCompileResource... after 1 ms 
[2024-11-16T22:53:29.416] [DEBUG] debug-file - jsonObjWithoutParam {} at undefined
[2024-11-16T22:53:29.416] [DEBUG] debug-file - jsonObjWithoutParam {"name":"entry","version":"1.0.0","description":"Please describe the basic information.","main":"","author":"","license":"","dependencies":{}} at undefined
[2024-11-16T22:53:29.416] [DEBUG] debug-file - Executing task :entry:default@CopyPreviewProfile
[2024-11-16T22:53:29.420] [DEBUG] debug-file - entry : default@CopyPreviewProfile cost memory 0.13861846923828125
[2024-11-16T22:53:29.420] [DEBUG] debug-file - runTaskFromQueue task cost before running: 1 s 192 ms 
[2024-11-16T22:53:29.421] [INFO] debug-file - Finished :entry:default@CopyPreviewProfile... after 5 ms 
[2024-11-16T22:53:29.422] [DEBUG] debug-file - jsonObjWithoutParam {} at undefined
[2024-11-16T22:53:29.422] [DEBUG] debug-file - jsonObjWithoutParam {"name":"entry","version":"1.0.0","description":"Please describe the basic information.","main":"","author":"","license":"","dependencies":{}} at undefined
[2024-11-16T22:53:29.422] [DEBUG] debug-file - Executing task :entry:default@ReplacePreviewerPage
[2024-11-16T22:53:29.422] [DEBUG] debug-file - entry : default@ReplacePreviewerPage cost memory 0.0148468017578125
[2024-11-16T22:53:29.422] [DEBUG] debug-file - runTaskFromQueue task cost before running: 1 s 194 ms 
[2024-11-16T22:53:29.423] [INFO] debug-file - Finished :entry:default@ReplacePreviewerPage... after 1 ms 
[2024-11-16T22:53:29.423] [DEBUG] debug-file - Executing task :entry:buildPreviewerResource
[2024-11-16T22:53:29.424] [DEBUG] debug-file - entry : buildPreviewerResource cost memory 0.01219940185546875
[2024-11-16T22:53:29.424] [DEBUG] debug-file - runTaskFromQueue task cost before running: 1 s 195 ms 
[2024-11-16T22:53:29.424] [INFO] debug-file - Finished :entry:buildPreviewerResource... after 1 ms 
[2024-11-16T22:53:29.425] [DEBUG] debug-file - jsonObjWithoutParam {} at undefined
[2024-11-16T22:53:29.425] [DEBUG] debug-file - jsonObjWithoutParam {"name":"entry","version":"1.0.0","description":"Please describe the basic information.","main":"","author":"","license":"","dependencies":{}} at undefined
[2024-11-16T22:53:29.425] [DEBUG] debug-file - Executing task :entry:default@PreviewUpdateAssets
[2024-11-16T22:53:29.427] [DEBUG] debug-file - entry : default@PreviewUpdateAssets cost memory 0.0696258544921875
[2024-11-16T22:53:29.427] [DEBUG] debug-file - runTaskFromQueue task cost before running: 1 s 198 ms 
[2024-11-16T22:53:29.427] [INFO] debug-file - Finished :entry:default@PreviewUpdateAssets... after 2 ms 
[2024-11-16T22:53:29.428] [DEBUG] debug-file - jsonObjWithoutParam {} at undefined
[2024-11-16T22:53:29.428] [DEBUG] debug-file - jsonObjWithoutParam {"name":"entry","version":"1.0.0","description":"Please describe the basic information.","main":"","author":"","license":"","dependencies":{}} at undefined
[2024-11-16T22:53:29.431] [DEBUG] debug-file - Executing task :entry:default@PreviewArkTS
[2024-11-16T22:53:29.442] [DEBUG] debug-file - session manager: binding session. socketId=X8uJe40CKrgJ50TdAAAD, threadId=1@1.
[2024-11-16T22:53:29.442] [DEBUG] debug-file - entry : default@PreviewArkTS cost memory 1.2284622192382812
[2024-11-16T22:53:31.176] [DEBUG] debug-file - watch worker: send response to session manager. Response type: WatchStart
[2024-11-16T22:53:31.178] [DEBUG] debug-file - session manager: watch message received from worker 1. Type: WatchStart
[2024-11-16T22:53:34.903] [DEBUG] debug-file - watch worker: send response to session manager. Response type: WatchResult
[2024-11-16T22:53:34.904] [DEBUG] debug-file - session manager: watch message received from worker 1. Type: WatchResult
[2024-11-16T22:53:34.906] [DEBUG] debug-file - Ark compile finished.
[2024-11-16T22:53:34.909] [INFO] debug-file - Finished :entry:default@PreviewArkTS... after 5 s 477 ms 
[2024-11-16T22:53:34.910] [DEBUG] debug-file - Executing task :entry:PreviewBuild
[2024-11-16T22:53:34.910] [DEBUG] debug-file - entry : PreviewBuild cost memory 0.011810302734375
[2024-11-16T22:53:34.910] [DEBUG] debug-file - runTaskFromQueue task cost before running: 6 s 681 ms 
[2024-11-16T22:53:34.910] [INFO] debug-file - Finished :entry:PreviewBuild... after 1 ms 
[2024-11-16T22:53:34.922] [DEBUG] debug-file - BUILD SUCCESSFUL in 6 s 693 ms 
[2024-11-16T22:53:34.922] [DEBUG] debug-file - Update task entry:default@PreBuild input file:E:\Study\Code\HarmonyOS\scroll-component-nested-sliding-master\AppScope\app.json5 cache by regenerate.
[2024-11-16T22:53:34.923] [DEBUG] debug-file - Update task entry:default@PreBuild input file:E:\Study\Code\HarmonyOS\scroll-component-nested-sliding-master\entry\src\main\module.json5 cache by regenerate.
[2024-11-16T22:53:34.923] [DEBUG] debug-file - Update task entry:default@PreBuild input file:E:\Study\Code\HarmonyOS\scroll-component-nested-sliding-master\build-profile.json5 cache by regenerate.
[2024-11-16T22:53:34.923] [DEBUG] debug-file - Update task entry:default@PreBuild input file:E:\Study\Code\HarmonyOS\scroll-component-nested-sliding-master\entry\build-profile.json5 cache by regenerate.
[2024-11-16T22:53:34.923] [DEBUG] debug-file - Update task entry:default@PreBuild input file:E:\Study\Code\HarmonyOS\scroll-component-nested-sliding-master\entry\src\main\resources\base\profile\main_pages.json cache by regenerate.
[2024-11-16T22:53:34.924] [DEBUG] debug-file - Update task entry:default@PreBuild input file:E:\Study\Code\HarmonyOS\scroll-component-nested-sliding-master\hvigor\hvigor-config.json5 cache by regenerate.
[2024-11-16T22:53:34.924] [DEBUG] debug-file - Update task entry:default@PreBuild input file:E:\Study\Code\HarmonyOS\scroll-component-nested-sliding-master\entry\oh-package.json5 cache by regenerate.
[2024-11-16T22:53:34.924] [DEBUG] debug-file - Incremental task entry:default@PreBuild post-execution cost:2 ms .
[2024-11-16T22:53:34.924] [DEBUG] debug-file - Update task entry:default@MergeProfile input file:E:\Study\Code\HarmonyOS\scroll-component-nested-sliding-master\AppScope\app.json5 cache by regenerate.
[2024-11-16T22:53:34.924] [DEBUG] debug-file - Update task entry:default@MergeProfile input file:E:\Study\Code\HarmonyOS\scroll-component-nested-sliding-master\build-profile.json5 cache by regenerate.
[2024-11-16T22:53:34.924] [DEBUG] debug-file - Update task entry:default@MergeProfile input file:E:\Study\Code\HarmonyOS\scroll-component-nested-sliding-master\entry\src\main\module.json5 cache by regenerate.
[2024-11-16T22:53:34.925] [DEBUG] debug-file - Update task entry:default@MergeProfile output file:E:\Study\Code\HarmonyOS\scroll-component-nested-sliding-master\entry\.preview\default\intermediates\merge_profile\default\module.json cache.
[2024-11-16T22:53:34.925] [DEBUG] debug-file - Incremental task entry:default@MergeProfile post-execution cost:1 ms .
[2024-11-16T22:53:34.925] [DEBUG] debug-file - Update task entry:default@CreateBuildProfile input file:E:\Study\Code\HarmonyOS\scroll-component-nested-sliding-master\AppScope\app.json5 cache by regenerate.
[2024-11-16T22:53:34.925] [DEBUG] debug-file - Update task entry:default@CreateBuildProfile input file:E:\Study\Code\HarmonyOS\scroll-component-nested-sliding-master\build-profile.json5 cache by regenerate.
[2024-11-16T22:53:34.925] [DEBUG] debug-file - Update task entry:default@CreateBuildProfile output file:E:\Study\Code\HarmonyOS\scroll-component-nested-sliding-master\entry\.preview\default\generated\profile\default\BuildProfile.ets cache.
[2024-11-16T22:53:34.926] [DEBUG] debug-file - Incremental task entry:default@CreateBuildProfile post-execution cost:1 ms .
[2024-11-16T22:53:34.926] [DEBUG] debug-file - Update task entry:default@GeneratePkgContextInfo output file:E:\Study\Code\HarmonyOS\scroll-component-nested-sliding-master\entry\.preview\default\intermediates\loader\default\pkgContextInfo.json cache.
[2024-11-16T22:53:34.926] [DEBUG] debug-file - Incremental task entry:default@GeneratePkgContextInfo post-execution cost:1 ms .
[2024-11-16T22:53:34.926] [DEBUG] debug-file - Update task entry:default@ProcessProfile input file:E:\Study\Code\HarmonyOS\scroll-component-nested-sliding-master\entry\.preview\default\intermediates\merge_profile\default\module.json cache by regenerate.
[2024-11-16T22:53:34.926] [DEBUG] debug-file - Update task entry:default@ProcessProfile output file:E:\Study\Code\HarmonyOS\scroll-component-nested-sliding-master\entry\.preview\default\intermediates\process_profile\default\module.json cache.
[2024-11-16T22:53:34.926] [DEBUG] debug-file - Incremental task entry:default@ProcessProfile post-execution cost:1 ms .
[2024-11-16T22:53:34.927] [DEBUG] debug-file - Update task entry:default@ProcessRouterMap input file:E:\Study\Code\HarmonyOS\scroll-component-nested-sliding-master\entry\oh-package.json5 cache by regenerate.
[2024-11-16T22:53:34.927] [DEBUG] debug-file - Update task entry:default@ProcessRouterMap input file:E:\Study\Code\HarmonyOS\scroll-component-nested-sliding-master\oh-package.json5 cache by regenerate.
[2024-11-16T22:53:34.927] [DEBUG] debug-file - Update task entry:default@ProcessRouterMap input file:E:\Study\Code\HarmonyOS\scroll-component-nested-sliding-master\entry\src\main\module.json5 cache by regenerate.
[2024-11-16T22:53:34.927] [DEBUG] debug-file - Update task entry:default@ProcessRouterMap output file:E:\Study\Code\HarmonyOS\scroll-component-nested-sliding-master\entry\.preview\default\intermediates\router_map\default\temp-router-map.json cache.
[2024-11-16T22:53:34.927] [DEBUG] debug-file - Update task entry:default@ProcessRouterMap output file:E:\Study\Code\HarmonyOS\scroll-component-nested-sliding-master\entry\.preview\default\intermediates\router_map\default\loader-router-map.json cache.
[2024-11-16T22:53:34.927] [DEBUG] debug-file - Incremental task entry:default@ProcessRouterMap post-execution cost:1 ms .
[2024-11-16T22:53:34.928] [DEBUG] debug-file - Update task entry:default@GenerateLoaderJson input file:E:\Study\Code\HarmonyOS\scroll-component-nested-sliding-master\entry\.preview\default\intermediates\router_map\default\temp-router-map.json cache by regenerate.
[2024-11-16T22:53:34.928] [DEBUG] debug-file - Update task entry:default@GenerateLoaderJson output file:E:\Study\Code\HarmonyOS\scroll-component-nested-sliding-master\entry\.preview\default\intermediates\loader\default\loader.json cache.
[2024-11-16T22:53:34.928] [DEBUG] debug-file - Incremental task entry:default@GenerateLoaderJson post-execution cost:2 ms .
[2024-11-16T22:53:34.928] [DEBUG] debug-file - Update task entry:default@PreviewCompileResource input file:E:\Study\Code\HarmonyOS\scroll-component-nested-sliding-master\entry\src\main\resources cache by regenerate.
[2024-11-16T22:53:34.930] [DEBUG] debug-file - Update task entry:default@PreviewCompileResource input file:E:\Study\Code\HarmonyOS\scroll-component-nested-sliding-master\entry\.preview\default\intermediates\merge_profile\default\module.json cache by regenerate.
[2024-11-16T22:53:34.930] [DEBUG] debug-file - Update task entry:default@PreviewCompileResource output file:E:\Study\Code\HarmonyOS\scroll-component-nested-sliding-master\entry\.preview\default\intermediates\res\default cache.
[2024-11-16T22:53:34.931] [DEBUG] debug-file - Update task entry:default@PreviewCompileResource output file:E:\Study\Code\HarmonyOS\scroll-component-nested-sliding-master\entry\.preview\default\generated\r\default cache.
[2024-11-16T22:53:34.932] [DEBUG] debug-file - Incremental task entry:default@PreviewCompileResource post-execution cost:4 ms .
[2024-11-16T22:53:34.932] [DEBUG] debug-file - Update task entry:default@CopyPreviewProfile input file:E:\Study\Code\HarmonyOS\scroll-component-nested-sliding-master\entry\src\main\resources\base\profile cache by regenerate.
[2024-11-16T22:53:34.932] [DEBUG] debug-file - Update task entry:default@CopyPreviewProfile output file:E:\Study\Code\HarmonyOS\scroll-component-nested-sliding-master\entry\.preview\default\intermediates\res\default\resources\base\profile cache.
[2024-11-16T22:53:34.932] [DEBUG] debug-file - Incremental task entry:default@CopyPreviewProfile post-execution cost:1 ms .
[2024-11-16T22:53:34.932] [DEBUG] debug-file - Update task entry:default@PreviewUpdateAssets output file:E:\Study\Code\HarmonyOS\scroll-component-nested-sliding-master\entry\.preview\default\intermediates\res\default\module.json cache.
[2024-11-16T22:53:34.932] [DEBUG] debug-file - Update task entry:default@PreviewUpdateAssets output file:E:\Study\Code\HarmonyOS\scroll-component-nested-sliding-master\entry\.preview\default\intermediates\res\default\resources\base\profile\main_pages.json cache.
[2024-11-16T22:53:34.933] [DEBUG] debug-file - Incremental task entry:default@PreviewUpdateAssets post-execution cost:1 ms .
[2024-11-16T22:53:34.933] [DEBUG] debug-file - Update task entry:default@PreviewArkTS input file:E:\Study\Code\HarmonyOS\scroll-component-nested-sliding-master\entry\.preview\default\intermediates\loader\default cache by regenerate.
[2024-11-16T22:53:34.934] [DEBUG] debug-file - Update task entry:default@PreviewArkTS input file:E:\Study\Code\HarmonyOS\scroll-component-nested-sliding-master\entry\.preview\default\intermediates\res\default\ResourceTable.txt cache by regenerate.
[2024-11-16T22:53:34.934] [DEBUG] debug-file - Update task entry:default@PreviewArkTS input file:E:\Study\Code\HarmonyOS\scroll-component-nested-sliding-master\entry\.preview\default\intermediates\res\default\module.json cache by regenerate.
[2024-11-16T22:53:34.934] [DEBUG] debug-file - Update task entry:default@PreviewArkTS input file:E:\Study\Code\HarmonyOS\scroll-component-nested-sliding-master\entry\.preview\default\intermediates\res\default\resources\base\profile cache by regenerate.
[2024-11-16T22:53:34.934] [DEBUG] debug-file - Update task entry:default@PreviewArkTS input file:E:\Study\Code\HarmonyOS\scroll-component-nested-sliding-master\entry\src\main\ets cache by regenerate.
[2024-11-16T22:53:34.935] [DEBUG] debug-file - Update task entry:default@PreviewArkTS input file:E:\Study\Code\HarmonyOS\scroll-component-nested-sliding-master\entry\.preview\default\generated\profile\default\BuildProfile.ets cache by regenerate.
[2024-11-16T22:53:34.935] [DEBUG] debug-file - Update task entry:default@PreviewArkTS output file:E:\Study\Code\HarmonyOS\scroll-component-nested-sliding-master\entry\.preview\default\intermediates\loader_out\default\ets cache.
[2024-11-16T22:53:34.935] [DEBUG] debug-file - Incremental task entry:default@PreviewArkTS post-execution cost:3 ms .
[2024-11-16T22:53:34.951] [DEBUG] debug-file - There's no busy workers and idle workers need cleanup.
[2024-11-16T22:53:34.952] [DEBUG] debug-file - hvigor build process will be closed.
[2024-11-17T20:06:11.471] [DEBUG] debug-file - session manager: send message to worker process.
[2024-11-17T20:06:11.541] [DEBUG] debug-file - bad codeSnippet [object Object]
[2024-11-17T20:06:11.476] [DEBUG] debug-file - session manager: send message to worker process.
[2024-11-17T20:06:11.669] [DEBUG] debug-file - watch worker: worker is ready to be terminated.
[2024-11-17T20:06:11.672] [DEBUG] debug-file - Server currently has 0 watch-worker
