[2024-11-16T03:04:01.184] [DEBUG] debug-file - env: nodejsVersion=v18.20.1
[2024-11-16T03:04:01.760] [DEBUG] debug-file - Hvigor init with startParameters:{
  hvigorfileTypeCheck: false,
  parallelExecution: true,
  incrementalExecution: true,
  printStackTrace: false,
  daemon: false,
  analyze: 0,
  logLevel: Level { level: 20000, levelStr: 'INFO', colour: 'green' }
}
[2024-11-16T03:04:01.774] [DEBUG] debug-file - hvigorfile, resolving E:\Study\Code\HarmonyOS\multi-tab-navigation-master\hvigorfile.ts
[2024-11-16T03:04:06.029] [DEBUG] debug-file - hvigorfile, require result:  { default: { system: [Function: appTasks], plugins: [] } }
[2024-11-16T03:04:06.155] [DEBUG] debug-file - Start initialize project's product build option map with build mode debug.
[2024-11-16T03:04:06.158] [DEBUG] debug-file - Product 'default' using build option: {
  "debuggable": true
} in this build.
[2024-11-16T03:04:06.164] [DEBUG] debug-file - Local scan or download HarmonyOS sdk components toolchains,ets,js,native,previewer
[2024-11-16T03:04:06.167] [DEBUG] debug-file - Local scan or download hmscore sdk components toolchains,ets,native
[2024-11-16T03:04:06.173] [DEBUG] debug-file - Start recording SDK configuration permission data.
[2024-11-16T03:04:06.210] [DEBUG] debug-file - Sdk init in 49 ms 
[2024-11-16T03:04:06.230] [DEBUG] debug-file - Project task initialization takes 19 ms 
[2024-11-16T03:04:06.237] [DEBUG] debug-file - hvigorfile, resolving E:\Study\Code\HarmonyOS\multi-tab-navigation-master\entry\hvigorfile.ts
[2024-11-16T03:04:06.250] [DEBUG] debug-file - Start initialize module-target build option map, moduleName=entry, buildMode=debug
[2024-11-16T03:04:06.257] [DEBUG] debug-file - project has submodules:entry
[2024-11-16T03:04:06.278] [DEBUG] debug-file - Configuration task cost before running: 4 s 531 ms 
[2024-11-16T03:04:06.282] [DEBUG] debug-file - entry : clean cost memory 0.2462158203125
[2024-11-16T03:04:06.255] [DEBUG] debug-file - Module entry task initialization takes 3 ms 
[2024-11-16T03:04:06.280] [DEBUG] debug-file - Executing task :entry:clean
[2024-11-16T03:04:01.185] [DEBUG] debug-file - env: hvigor-config.json5 content = {
  modelVersion: '5.0.0',
  dependencies: {},
  execution: {},
  logging: {},
  debugging: {},
  nodeOptions: {}
}
[2024-11-16T03:04:06.300] [DEBUG] debug-file - Module 'entry' target 'default' using build option: {
  "debuggable": true,
  "copyFrom": "default",
  "name": "debug"
} in this build.
[2024-11-16T03:04:01.761] [DEBUG] debug-file - Since current hvigor version 5.8.9 differs from last hvigor version 
      undefined, delete file-cache.json and task-cache.json.
[2024-11-16T03:04:06.314] [DEBUG] debug-file - Create  resident worker with id: 0.
[2024-11-16T03:04:06.029] [DEBUG] debug-file - hvigorfile, binding system plugins [Function: appTasks]
[2024-11-16T03:04:06.155] [DEBUG] debug-file - Picking option from product 'default' with build mode 'debug'.
[2024-11-16T03:04:06.160] [DEBUG] debug-file - No signingConfig found, initRemoteHspCache failed.
[2024-11-16T03:04:06.230] [DEBUG] debug-file - hvigorfile, binding custom plugins []
[2024-11-16T03:04:06.241] [DEBUG] debug-file - hvigorfile, require result:  { default: { system: [Function: hapTasks], plugins: [] } }
[2024-11-16T03:04:06.250] [DEBUG] debug-file - Target 'default' config: {}
[2024-11-16T03:04:06.258] [DEBUG] debug-file - start to load updatedOhPackageInfo to the disk
[2024-11-16T03:04:06.280] [DEBUG] debug-file - clean: Worker pool is inactive.
[2024-11-16T03:04:06.255] [DEBUG] debug-file - hvigorfile, binding custom plugins []
[2024-11-16T03:04:06.282] [DEBUG] debug-file - runTaskFromQueue task cost before running: 4 s 535 ms 
[2024-11-16T03:04:01.187] [DEBUG] debug-file - env: daemon=false
[2024-11-16T03:04:06.305] [DEBUG] debug-file - hvigor start cli arguments:{
  prop: [ 'product=default' ],
  sync: true,
  parallel: true,
  incremental: true,
  daemon: false,
  _: [],
  analyze: 'normal'
}
[2024-11-16T03:04:01.761] [DEBUG] debug-file - Cache service initialization finished in 1 ms 
[2024-11-16T03:04:06.316] [DEBUG] debug-file - Create  resident worker with id: 1.
[2024-11-16T03:04:06.155] [DEBUG] debug-file - Product 'default' build option: {}
[2024-11-16T03:04:06.230] [DEBUG] debug-file - hvigorfile, no custom plugins were found in E:\Study\Code\HarmonyOS\multi-tab-navigation-master\hvigorfile.ts
[2024-11-16T03:04:06.241] [DEBUG] debug-file - hvigorfile, binding system plugins [Function: hapTasks]
[2024-11-16T03:04:06.251] [DEBUG] debug-file - Module 'entry' target 'default' build option: {
  "debuggable": true,
  "copyFrom": "default",
  "name": "debug"
}
[2024-11-16T03:04:06.270] [DEBUG] debug-file - load to the disk finished
[2024-11-16T03:04:06.255] [DEBUG] debug-file - hvigorfile, no custom plugins were found in E:\Study\Code\HarmonyOS\multi-tab-navigation-master\entry\hvigorfile.ts
[2024-11-16T03:04:06.283] [INFO] debug-file - Finished :entry:clean... after 3 ms 
[2024-11-16T03:04:01.187] [DEBUG] debug-file - no-daemon, use the parent process.execArgv --max-old-space-size=8192,--expose-gc
[2024-11-16T03:04:06.312] [DEBUG] debug-file - Since there is no instance or instance is terminated, create a new worker pool.
[2024-11-16T03:04:06.318] [DEBUG] debug-file - Current worker pool is stopped or closed.
[2024-11-16T03:04:06.155] [DEBUG] debug-file - End initialize project's product build option map with build mode 'debug'.
[2024-11-16T03:04:06.230] [DEBUG] debug-file - hvigorfile, resolve finished E:\Study\Code\HarmonyOS\multi-tab-navigation-master\hvigorfile.ts
[2024-11-16T03:04:06.251] [DEBUG] debug-file - End initialize module-target build option map, moduleName=entry
[2024-11-16T03:04:06.272] [DEBUG] debug-file - Module multi-tab-navigation-master Collected Dependency: 
[2024-11-16T03:04:06.255] [DEBUG] debug-file - hvigorfile, resolve finished E:\Study\Code\HarmonyOS\multi-tab-navigation-master\entry\hvigorfile.ts
[2024-11-16T03:04:06.283] [DEBUG] debug-file - Executing task ::clean
[2024-11-16T03:04:06.312] [DEBUG] debug-file - Worker pool is initialized with config:  {
  minPoolNum: 2,
  maxPoolNum: undefined,
  maxCoreSize: undefined,
  cacheCapacity: undefined,
  cacheTtl: undefined
}
[2024-11-16T03:04:06.318] [DEBUG] debug-file - Clear worker 0.
[2024-11-16T03:04:06.251] [DEBUG] debug-file - Module 'entry' target 'default' using build option: {
  "debuggable": true,
  "copyFrom": "default",
  "name": "debug"
} in this build.
[2024-11-16T03:04:06.272] [DEBUG] debug-file - Module multi-tab-navigation-master's total dependency: 0
[2024-11-16T03:04:06.283] [DEBUG] debug-file - clean: Worker pool is inactive.
[2024-11-16T03:04:06.318] [DEBUG] debug-file - Worker 0 has been cleared.
[2024-11-16T03:04:06.273] [DEBUG] debug-file - Module entry Collected Dependency: 
[2024-11-16T03:04:06.284] [DEBUG] debug-file - multi-tab-navigation-master : clean cost memory 0.0318450927734375
[2024-11-16T03:04:06.318] [DEBUG] debug-file - Current idle worker size: 1.
[2024-11-16T03:04:06.273] [DEBUG] debug-file - Module entry's total dependency: 0
[2024-11-16T03:04:06.284] [DEBUG] debug-file - runTaskFromQueue task cost before running: 4 s 536 ms 
[2024-11-16T03:04:06.318] [DEBUG] debug-file - Current busy worker size: 0.
[2024-11-16T03:04:06.276] [DEBUG] debug-file - Configuration phase cost:4 s 510 ms 
[2024-11-16T03:04:06.284] [INFO] debug-file - Finished ::clean... after 1 ms 
[2024-11-16T03:04:06.318] [DEBUG] debug-file - Clear worker 1.
[2024-11-16T03:04:06.284] [DEBUG] debug-file - Executing task :entry:init
[2024-11-16T03:04:06.318] [DEBUG] debug-file - Worker 1 has been cleared.
[2024-11-16T03:04:06.284] [DEBUG] debug-file - entry : init cost memory 0.0101776123046875
[2024-11-16T03:04:06.318] [DEBUG] debug-file - Current idle worker size: 0.
[2024-11-16T03:04:06.318] [DEBUG] debug-file - Current busy worker size: 0.
[2024-11-16T03:04:06.284] [DEBUG] debug-file - runTaskFromQueue task cost before running: 4 s 537 ms 
[2024-11-16T03:04:06.319] [DEBUG] debug-file - hvigor build process will be closed.
[2024-11-16T03:04:06.284] [INFO] debug-file - Finished :entry:init... after 1 ms 
[2024-11-16T03:04:06.327] [DEBUG] debug-file - worker[0] exits with exit code 0.
[2024-11-16T03:04:06.284] [DEBUG] debug-file - Executing task ::init
[2024-11-16T03:04:06.328] [DEBUG] debug-file - worker[1] exits with exit code 0.
[2024-11-16T03:04:06.284] [DEBUG] debug-file - multi-tab-navigation-master : init cost memory 0.0089569091796875
[2024-11-16T03:04:06.328] [DEBUG] debug-file - Current worker pool is terminated.
[2024-11-16T03:04:06.284] [DEBUG] debug-file - runTaskFromQueue task cost before running: 4 s 537 ms 
[2024-11-16T03:04:06.284] [INFO] debug-file - Finished ::init... after 1 ms 
[2024-11-16T04:10:52.068] [DEBUG] debug-file - java daemon tryConnect success
[2024-11-16T04:10:51.075] [DEBUG] debug-file - env: nodejsVersion=v18.20.1
[2024-11-16T04:10:51.197] [DEBUG] debug-file - env: daemon=true
[2024-11-16T04:10:52.086] [DEBUG] debug-file - hvigor start cli arguments:{
  prop: [],
  sync: true,
  parallel: true,
  incremental: true,
  daemon: true,
  _: [ '--analyze=normal' ]
}
[2024-11-16T04:10:51.076] [DEBUG] debug-file - env: hvigor-config.json5 content = {
  modelVersion: '5.0.0',
  dependencies: {},
  execution: {},
  logging: {},
  debugging: {},
  nodeOptions: {}
}
[2024-11-16T04:10:52.101] [DEBUG] debug-file - session manager: set active socket. socketId=16vgPyreOI1mcGVoAAAB
[2024-11-16T04:10:52.641] [DEBUG] debug-file - watch worker: worker id should be larger than 0. Nothing will be sent to any worker thread.
[2024-11-16T04:10:52.653] [DEBUG] debug-file - Hvigor init with startParameters:{
  hvigorfileTypeCheck: false,
  parallelExecution: true,
  incrementalExecution: true,
  printStackTrace: false,
  daemon: true,
  analyze: 0,
  logLevel: Level { level: 20000, levelStr: 'INFO', colour: 'green' }
}
[2024-11-16T04:10:52.654] [DEBUG] debug-file - Cache service initialization finished in 2 ms 
[2024-11-16T04:10:52.662] [DEBUG] debug-file - hvigorfile, resolving E:\Study\Code\HarmonyOS\multi-tab-navigation-master\hvigorfile.ts
[2024-11-16T04:10:53.967] [DEBUG] debug-file - hvigorfile, require result:  { default: { plugins: [] } }
[2024-11-16T04:10:53.967] [DEBUG] debug-file - hvigorfile, binding system plugins null
[2024-11-16T04:10:54.089] [DEBUG] debug-file - Start initialize project's product build option map with build mode debug.
[2024-11-16T04:10:54.090] [DEBUG] debug-file - Picking option from product 'default' with build mode 'debug'.
[2024-11-16T04:10:54.090] [DEBUG] debug-file - Product 'default' build option: {}
[2024-11-16T04:10:54.090] [DEBUG] debug-file - End initialize project's product build option map with build mode 'debug'.
[2024-11-16T04:10:54.092] [DEBUG] debug-file - Product 'default' using build option: {
  "debuggable": true
} in this build.
[2024-11-16T04:10:54.093] [DEBUG] debug-file - No signingConfig found, initRemoteHspCache failed.
[2024-11-16T04:10:54.096] [DEBUG] debug-file - Local scan or download HarmonyOS sdk components toolchains,ets,js,native,previewer
[2024-11-16T04:10:54.098] [DEBUG] debug-file - Local scan or download hmscore sdk components toolchains,ets,native
[2024-11-16T04:10:54.102] [DEBUG] debug-file - Start recording SDK configuration permission data.
[2024-11-16T04:10:54.122] [DEBUG] debug-file - Sdk init in 28 ms 
[2024-11-16T04:10:54.132] [DEBUG] debug-file - Project task initialization takes 10 ms 
[2024-11-16T04:10:54.133] [DEBUG] debug-file - hvigorfile, binding custom plugins []
[2024-11-16T04:10:54.133] [DEBUG] debug-file - hvigorfile, no custom plugins were found in E:\Study\Code\HarmonyOS\multi-tab-navigation-master\hvigorfile.ts
[2024-11-16T04:10:54.133] [DEBUG] debug-file - hvigorfile, resolve finished E:\Study\Code\HarmonyOS\multi-tab-navigation-master\hvigorfile.ts
[2024-11-16T04:10:54.136] [DEBUG] debug-file - hvigorfile, resolving E:\Study\Code\HarmonyOS\multi-tab-navigation-master\entry\hvigorfile.ts
[2024-11-16T04:10:54.140] [DEBUG] debug-file - hvigorfile, require result:  { default: { plugins: [] } }
[2024-11-16T04:10:54.140] [DEBUG] debug-file - hvigorfile, binding system plugins null
[2024-11-16T04:10:54.148] [DEBUG] debug-file - Start initialize module-target build option map, moduleName=entry, buildMode=debug
[2024-11-16T04:10:54.148] [DEBUG] debug-file - Target 'default' config: {}
[2024-11-16T04:10:54.148] [DEBUG] debug-file - Module 'entry' target 'default' build option: {
  "debuggable": true,
  "copyFrom": "default",
  "name": "debug"
}
[2024-11-16T04:10:54.148] [DEBUG] debug-file - End initialize module-target build option map, moduleName=entry
[2024-11-16T04:10:54.148] [DEBUG] debug-file - Module 'entry' target 'default' using build option: {
  "debuggable": true,
  "copyFrom": "default",
  "name": "debug"
} in this build.
[2024-11-16T04:10:54.154] [DEBUG] debug-file - Module entry task initialization takes 5 ms 
[2024-11-16T04:10:54.154] [DEBUG] debug-file - hvigorfile, binding custom plugins []
[2024-11-16T04:10:54.154] [DEBUG] debug-file - hvigorfile, no custom plugins were found in E:\Study\Code\HarmonyOS\multi-tab-navigation-master\entry\hvigorfile.ts
[2024-11-16T04:10:54.154] [DEBUG] debug-file - hvigorfile, resolve finished E:\Study\Code\HarmonyOS\multi-tab-navigation-master\entry\hvigorfile.ts
[2024-11-16T04:10:54.164] [DEBUG] debug-file - hvigorfile, resolve hvigorfile dependencies in 9 ms 
[2024-11-16T04:10:54.165] [DEBUG] debug-file - project has submodules:entry
[2024-11-16T04:10:54.166] [DEBUG] debug-file - start to load updatedOhPackageInfo to the disk
[2024-11-16T04:10:54.170] [DEBUG] debug-file - load to the disk finished
[2024-11-16T04:10:54.171] [DEBUG] debug-file - Module multi-tab-navigation-master Collected Dependency: 
[2024-11-16T04:10:54.171] [DEBUG] debug-file - Module multi-tab-navigation-master's total dependency: 0
[2024-11-16T04:10:54.173] [DEBUG] debug-file - Module entry Collected Dependency: 
[2024-11-16T04:10:54.173] [DEBUG] debug-file - Module entry's total dependency: 0
[2024-11-16T04:10:54.176] [DEBUG] debug-file - Configuration phase cost:1 s 520 ms 
[2024-11-16T04:10:54.178] [DEBUG] debug-file - Configuration task cost before running: 1 s 534 ms 
[2024-11-16T04:10:54.179] [DEBUG] debug-file - Executing task :entry:init
[2024-11-16T04:10:54.179] [DEBUG] debug-file - entry : init cost memory 0.2599334716796875
[2024-11-16T04:10:54.179] [DEBUG] debug-file - runTaskFromQueue task cost before running: 1 s 535 ms 
[2024-11-16T04:10:54.179] [INFO] debug-file - Finished :entry:init... after 1 ms 
[2024-11-16T04:10:54.179] [DEBUG] debug-file - Executing task ::init
[2024-11-16T04:10:54.179] [DEBUG] debug-file - multi-tab-navigation-master : init cost memory 0.012786865234375
[2024-11-16T04:10:54.179] [DEBUG] debug-file - runTaskFromQueue task cost before running: 1 s 536 ms 
[2024-11-16T04:10:54.180] [INFO] debug-file - Finished ::init... after 1 ms 
[2024-11-16T04:10:54.194] [DEBUG] debug-file - Module 'entry' target 'default' using build option: {
  "debuggable": true,
  "copyFrom": "default",
  "name": "debug"
} in this build.
[2024-11-16T04:10:54.199] [DEBUG] debug-file - Since there is no instance or instance is terminated, create a new worker pool.
[2024-11-16T04:10:54.200] [DEBUG] debug-file - session manager: send message to worker process.
[2024-11-16T04:10:54.201] [DEBUG] debug-file - session manager: send message to worker process.
[2024-11-16T04:10:54.199] [DEBUG] debug-file - Worker pool is initialized with config:  {
  minPoolNum: 2,
  maxPoolNum: undefined,
  maxCoreSize: undefined,
  cacheCapacity: undefined,
  cacheTtl: undefined
}
[2024-11-16T04:10:54.200] [DEBUG] debug-file - Create  resident worker with id: 0.
[2024-11-16T04:10:54.202] [DEBUG] debug-file - Create  resident worker with id: 1.
[2024-11-16T04:10:54.203] [DEBUG] debug-file - Cleanup worker 0.
[2024-11-16T04:10:54.204] [DEBUG] debug-file - Worker 0 has been cleaned up.
[2024-11-16T04:10:54.204] [DEBUG] debug-file - Current idle worker size: 1.
[2024-11-16T04:10:54.204] [DEBUG] debug-file - Current resident worker size: 2.
[2024-11-16T04:10:54.204] [DEBUG] debug-file - Cleanup worker 1.
[2024-11-16T04:10:54.204] [DEBUG] debug-file - Worker 1 has been cleaned up.
[2024-11-16T04:10:54.204] [DEBUG] debug-file - Current idle worker size: 0.
[2024-11-16T04:10:54.204] [DEBUG] debug-file - Current resident worker size: 2.
[2024-11-16T04:10:54.204] [DEBUG] debug-file - hvigor build process will be closed.
[2024-11-16T04:10:54.206] [DEBUG] debug-file - watch worker: worker id should be larger than 0. Nothing will be sent to any worker thread.
[2024-11-16T04:10:54.206] [DEBUG] debug-file - watch worker: worker id should be larger than 0. Nothing will be sent to any worker thread.
[2024-11-16T04:10:54.207] [DEBUG] debug-file - worker[0] exits with exit code 0.
[2024-11-16T04:10:54.208] [DEBUG] debug-file - worker[1] exits with exit code 0.
[2024-11-16T04:10:54.564] [DEBUG] debug-file - session manager: set active socket. socketId=6pml1QT3yL3pxqqhAAAD
[2024-11-16T04:10:54.567] [DEBUG] debug-file - watch worker: worker id should be larger than 0. Nothing will be sent to any worker thread.
[2024-11-16T04:10:54.574] [DEBUG] debug-file - Hvigor init with startParameters:{
  hvigorfileTypeCheck: false,
  parallelExecution: true,
  incrementalExecution: true,
  printStackTrace: false,
  daemon: true,
  analyze: 0,
  logLevel: Level { level: 20000, levelStr: 'INFO', colour: 'green' }
}
[2024-11-16T04:10:54.575] [DEBUG] debug-file - Cache service initialization finished in 1 ms 
[2024-11-16T04:10:54.583] [DEBUG] debug-file - hvigorfile, resolving E:\Study\Code\HarmonyOS\multi-tab-navigation-master\hvigorfile.ts
[2024-11-16T04:10:54.586] [DEBUG] debug-file - hvigorfile, require result:  { default: { plugins: [] } }
[2024-11-16T04:10:54.586] [DEBUG] debug-file - hvigorfile, binding system plugins null
[2024-11-16T04:10:54.589] [DEBUG] debug-file - Start initialize project's product build option map with build mode debug.
[2024-11-16T04:10:54.589] [DEBUG] debug-file - Picking option from product 'default' with build mode 'debug'.
[2024-11-16T04:10:54.589] [DEBUG] debug-file - Product 'default' build option: {}
[2024-11-16T04:10:54.589] [DEBUG] debug-file - End initialize project's product build option map with build mode 'debug'.
[2024-11-16T04:10:54.590] [DEBUG] debug-file - Product 'default' using build option: {
  "debuggable": true
} in this build.
[2024-11-16T04:10:54.591] [DEBUG] debug-file - No signingConfig found, initRemoteHspCache failed.
[2024-11-16T04:10:54.594] [DEBUG] debug-file - Start recording SDK configuration permission data.
[2024-11-16T04:10:54.608] [DEBUG] debug-file - Sdk init in 17 ms 
[2024-11-16T04:10:54.617] [DEBUG] debug-file - Project task initialization takes 9 ms 
[2024-11-16T04:10:54.617] [DEBUG] debug-file - hvigorfile, binding custom plugins []
[2024-11-16T04:10:54.617] [DEBUG] debug-file - hvigorfile, no custom plugins were found in E:\Study\Code\HarmonyOS\multi-tab-navigation-master\hvigorfile.ts
[2024-11-16T04:10:54.617] [DEBUG] debug-file - hvigorfile, resolve finished E:\Study\Code\HarmonyOS\multi-tab-navigation-master\hvigorfile.ts
[2024-11-16T04:10:54.620] [DEBUG] debug-file - hvigorfile, resolving E:\Study\Code\HarmonyOS\multi-tab-navigation-master\entry\hvigorfile.ts
[2024-11-16T04:10:54.624] [DEBUG] debug-file - hvigorfile, require result:  { default: { plugins: [] } }
[2024-11-16T04:10:54.624] [DEBUG] debug-file - hvigorfile, binding system plugins null
[2024-11-16T04:10:54.627] [DEBUG] debug-file - Start initialize module-target build option map, moduleName=entry, buildMode=debug
[2024-11-16T04:10:54.627] [DEBUG] debug-file - Target 'default' config: {}
[2024-11-16T04:10:54.627] [DEBUG] debug-file - Module 'entry' target 'default' build option: {
  "debuggable": true,
  "copyFrom": "default",
  "name": "debug"
}
[2024-11-16T04:10:54.627] [DEBUG] debug-file - End initialize module-target build option map, moduleName=entry
[2024-11-16T04:10:54.627] [DEBUG] debug-file - Module 'entry' target 'default' using build option: {
  "debuggable": true,
  "copyFrom": "default",
  "name": "debug"
} in this build.
[2024-11-16T04:10:54.629] [DEBUG] debug-file - Module entry task initialization takes 1 ms 
[2024-11-16T04:10:54.629] [DEBUG] debug-file - hvigorfile, binding custom plugins []
[2024-11-16T04:10:54.629] [DEBUG] debug-file - hvigorfile, no custom plugins were found in E:\Study\Code\HarmonyOS\multi-tab-navigation-master\entry\hvigorfile.ts
[2024-11-16T04:10:54.629] [DEBUG] debug-file - hvigorfile, resolve finished E:\Study\Code\HarmonyOS\multi-tab-navigation-master\entry\hvigorfile.ts
[2024-11-16T04:10:54.638] [DEBUG] debug-file - hvigorfile, resolve hvigorfile dependencies in 9 ms 
[2024-11-16T04:10:54.639] [DEBUG] debug-file - project has submodules:entry
[2024-11-16T04:10:54.639] [DEBUG] debug-file - start to load updatedOhPackageInfo to the disk
[2024-11-16T04:10:54.642] [DEBUG] debug-file - load to the disk finished
[2024-11-16T04:10:54.642] [DEBUG] debug-file - Module multi-tab-navigation-master Collected Dependency: 
[2024-11-16T04:10:54.642] [DEBUG] debug-file - Module multi-tab-navigation-master's total dependency: 0
[2024-11-16T04:10:54.643] [DEBUG] debug-file - Module entry Collected Dependency: 
[2024-11-16T04:10:54.643] [DEBUG] debug-file - Module entry's total dependency: 0
[2024-11-16T04:10:54.644] [DEBUG] debug-file - Configuration phase cost:66 ms 
[2024-11-16T04:10:54.645] [DEBUG] debug-file - Configuration task cost before running: 77 ms 
[2024-11-16T04:10:54.647] [DEBUG] debug-file - jsonObjWithoutParam {} at undefined
[2024-11-16T04:10:54.647] [DEBUG] debug-file - jsonObjWithoutParam {"name":"entry","version":"1.0.0","description":"Please describe the basic information.","main":"","author":"","license":"","dependencies":{}} at undefined
[2024-11-16T04:10:54.649] [DEBUG] debug-file - Executing task :entry:default@PreBuild
[2024-11-16T04:10:54.755] [DEBUG] debug-file - current product is not Atomic service.
[2024-11-16T04:10:54.755] [DEBUG] debug-file - Use tool [win32: JAVA_HOME, CLASSPATH]
 [
  { JAVA_HOME: 'E:\\Study\\DevEco Studio\\jbr' },
  { CLASSPATH: undefined }
]
[2024-11-16T04:10:54.755] [DEBUG] debug-file - Use tool [win32: NODE_HOME]
 [ { NODE_HOME: 'E:\\Study\\DevEco Studio\\tools\\node' } ]
[2024-11-16T04:10:54.756] [DEBUG] debug-file - entry : default@PreBuild cost memory -5.2941741943359375
[2024-11-16T04:10:54.756] [DEBUG] debug-file - runTaskFromQueue task cost before running: 188 ms 
[2024-11-16T04:10:54.757] [INFO] debug-file - Finished :entry:default@PreBuild... after 108 ms 
[2024-11-16T04:10:54.759] [DEBUG] debug-file - jsonObjWithoutParam {} at undefined
[2024-11-16T04:10:54.759] [DEBUG] debug-file - jsonObjWithoutParam {"name":"entry","version":"1.0.0","description":"Please describe the basic information.","main":"","author":"","license":"","dependencies":{}} at undefined
[2024-11-16T04:10:54.760] [DEBUG] debug-file - Executing task :entry:default@MergeProfile
[2024-11-16T04:10:54.760] [DEBUG] debug-file - Change app api release type with 'Release'
[2024-11-16T04:10:54.761] [DEBUG] debug-file - Change app compile API version with '5.0.0.71'
[2024-11-16T04:10:54.761] [DEBUG] debug-file - Change app target API version with '50000012'
[2024-11-16T04:10:54.761] [DEBUG] debug-file - Change app minimum API version with '50000012'
[2024-11-16T04:10:54.761] [DEBUG] debug-file - Use cli appEnvironment
[2024-11-16T04:10:54.777] [DEBUG] debug-file - entry : default@MergeProfile cost memory 0.1524505615234375
[2024-11-16T04:10:54.777] [DEBUG] debug-file - runTaskFromQueue task cost before running: 209 ms 
[2024-11-16T04:10:54.777] [INFO] debug-file - Finished :entry:default@MergeProfile... after 18 ms 
[2024-11-16T04:10:54.779] [DEBUG] debug-file - jsonObjWithoutParam {} at undefined
[2024-11-16T04:10:54.779] [DEBUG] debug-file - jsonObjWithoutParam {"name":"entry","version":"1.0.0","description":"Please describe the basic information.","main":"","author":"","license":"","dependencies":{}} at undefined
[2024-11-16T04:10:54.780] [DEBUG] debug-file - Executing task :entry:default@CreateBuildProfile
[2024-11-16T04:10:54.782] [DEBUG] debug-file - entry : default@CreateBuildProfile cost memory 0.08423614501953125
[2024-11-16T04:10:54.782] [DEBUG] debug-file - runTaskFromQueue task cost before running: 214 ms 
[2024-11-16T04:10:54.783] [INFO] debug-file - Finished :entry:default@CreateBuildProfile... after 3 ms 
[2024-11-16T04:10:54.784] [DEBUG] debug-file - jsonObjWithoutParam {} at undefined
[2024-11-16T04:10:54.784] [DEBUG] debug-file - jsonObjWithoutParam {"name":"entry","version":"1.0.0","description":"Please describe the basic information.","main":"","author":"","license":"","dependencies":{}} at undefined
[2024-11-16T04:10:54.785] [DEBUG] debug-file - Executing task :entry:default@PreCheckSyscap
[2024-11-16T04:10:54.785] [DEBUG] debug-file - entry : default@PreCheckSyscap cost memory 0.01337432861328125
[2024-11-16T04:10:54.785] [DEBUG] debug-file - runTaskFromQueue task cost before running: 217 ms 
[2024-11-16T04:10:54.785] [INFO] debug-file - Finished :entry:default@PreCheckSyscap... after 1 ms 
[2024-11-16T04:10:54.786] [DEBUG] debug-file - jsonObjWithoutParam {} at undefined
[2024-11-16T04:10:54.786] [DEBUG] debug-file - jsonObjWithoutParam {"name":"entry","version":"1.0.0","description":"Please describe the basic information.","main":"","author":"","license":"","dependencies":{}} at undefined
[2024-11-16T04:10:54.794] [DEBUG] debug-file - Executing task :entry:default@GeneratePkgContextInfo
[2024-11-16T04:10:54.795] [DEBUG] debug-file - entry : default@GeneratePkgContextInfo cost memory 0.02104949951171875
[2024-11-16T04:10:54.795] [DEBUG] debug-file - runTaskFromQueue task cost before running: 227 ms 
[2024-11-16T04:10:54.795] [INFO] debug-file - Finished :entry:default@GeneratePkgContextInfo... after 1 ms 
[2024-11-16T04:10:54.796] [DEBUG] debug-file - jsonObjWithoutParam {} at undefined
[2024-11-16T04:10:54.796] [DEBUG] debug-file - jsonObjWithoutParam {"name":"entry","version":"1.0.0","description":"Please describe the basic information.","main":"","author":"","license":"","dependencies":{}} at undefined
[2024-11-16T04:10:54.798] [DEBUG] debug-file - Executing task :entry:default@ProcessProfile
[2024-11-16T04:10:54.798] [DEBUG] debug-file - [
  'E:\\Study\\DevEco Studio\\tools\\node\\node.exe',
  'E:\\Study\\DevEco Studio\\sdk\\default\\openharmony\\ets\\build-tools\\ets-loader\\bin\\ark\\ts2abc.js',
  '--target-api-version',
  '12',
  '--target-api-sub-version',
  'beta1'
]
[2024-11-16T04:10:55.077] [DEBUG] debug-file - 12.0.2.0
[2024-11-16T04:10:55.676] [DEBUG] debug-file - entry : default@ProcessProfile cost memory 2.062835693359375
[2024-11-16T04:10:55.676] [DEBUG] debug-file - runTaskFromQueue task cost before running: 1 s 108 ms 
[2024-11-16T04:10:55.676] [INFO] debug-file - Finished :entry:default@ProcessProfile... after 879 ms 
[2024-11-16T04:10:55.678] [DEBUG] debug-file - jsonObjWithoutParam {} at undefined
[2024-11-16T04:10:55.678] [DEBUG] debug-file - jsonObjWithoutParam {"name":"entry","version":"1.0.0","description":"Please describe the basic information.","main":"","author":"","license":"","dependencies":{}} at undefined
[2024-11-16T04:10:55.679] [DEBUG] debug-file - Executing task :entry:default@ProcessRouterMap
[2024-11-16T04:10:55.681] [DEBUG] debug-file - entry : default@ProcessRouterMap cost memory 0.098419189453125
[2024-11-16T04:10:55.681] [DEBUG] debug-file - runTaskFromQueue task cost before running: 1 s 113 ms 
[2024-11-16T04:10:55.682] [INFO] debug-file - Finished :entry:default@ProcessRouterMap... after 3 ms 
[2024-11-16T04:10:55.683] [DEBUG] debug-file - jsonObjWithoutParam {} at undefined
[2024-11-16T04:10:55.683] [DEBUG] debug-file - jsonObjWithoutParam {"name":"entry","version":"1.0.0","description":"Please describe the basic information.","main":"","author":"","license":"","dependencies":{}} at undefined
[2024-11-16T04:10:55.684] [DEBUG] debug-file - restool module names: entry; moduleName=entry, taskName=default@PreviewProcessResource
[2024-11-16T04:10:55.685] [DEBUG] debug-file - Executing task :entry:default@PreviewProcessResource
[2024-11-16T04:10:55.685] [DEBUG] debug-file - entry : default@PreviewProcessResource cost memory 0.0520782470703125
[2024-11-16T04:10:55.686] [DEBUG] debug-file - runTaskFromQueue task cost before running: 1 s 117 ms 
[2024-11-16T04:10:55.686] [INFO] debug-file - Finished :entry:default@PreviewProcessResource... after 1 ms 
[2024-11-16T04:10:55.688] [DEBUG] debug-file - jsonObjWithoutParam {} at undefined
[2024-11-16T04:10:55.688] [DEBUG] debug-file - jsonObjWithoutParam {"name":"entry","version":"1.0.0","description":"Please describe the basic information.","main":"","author":"","license":"","dependencies":{}} at undefined
[2024-11-16T04:10:55.690] [DEBUG] debug-file - Executing task :entry:default@GenerateLoaderJson
[2024-11-16T04:10:55.697] [DEBUG] debug-file - entry : default@GenerateLoaderJson cost memory 0.5541229248046875
[2024-11-16T04:10:55.697] [DEBUG] debug-file - runTaskFromQueue task cost before running: 1 s 129 ms 
[2024-11-16T04:10:55.699] [INFO] debug-file - Finished :entry:default@GenerateLoaderJson... after 8 ms 
[2024-11-16T04:10:55.700] [DEBUG] debug-file - jsonObjWithoutParam {} at undefined
[2024-11-16T04:10:55.700] [DEBUG] debug-file - jsonObjWithoutParam {"name":"entry","version":"1.0.0","description":"Please describe the basic information.","main":"","author":"","license":"","dependencies":{}} at undefined
[2024-11-16T04:10:55.701] [DEBUG] debug-file - restool module names: entry; moduleName=entry, taskName=default@PreviewCompileResource
[2024-11-16T04:10:55.702] [DEBUG] debug-file - Executing task :entry:default@PreviewCompileResource
[2024-11-16T04:10:55.706] [DEBUG] debug-file - Use tool [E:\Study\DevEco Studio\sdk\default\openharmony\toolchains\restool.exe]
 [
  'E:\\Study\\DevEco Studio\\sdk\\default\\openharmony\\toolchains\\restool.exe',
  '-x',
  'E:\\Study\\Code\\HarmonyOS\\multi-tab-navigation-master\\AppScope\\resources',
  '-o',
  'E:\\Study\\Code\\HarmonyOS\\multi-tab-navigation-master\\entry\\.preview\\default\\intermediates\\res\\default\\app_compiled'
]
[2024-11-16T04:10:55.707] [DEBUG] debug-file - current process  memoryUsage: {
  rss: 183787520,
  heapTotal: 132018176,
  heapUsed: 105115568,
  external: 3268169,
  arrayBuffers: 257446
} os memoryUsage :12.347869873046875
[2024-11-16T04:10:55.891] [DEBUG] debug-file - Info: restool resources compile success.

[2024-11-16T04:10:55.893] [DEBUG] debug-file - Use tool [E:\Study\DevEco Studio\sdk\default\openharmony\toolchains\restool.exe]
 [
  'E:\\Study\\DevEco Studio\\sdk\\default\\openharmony\\toolchains\\restool.exe',
  '-x',
  'E:\\Study\\Code\\HarmonyOS\\multi-tab-navigation-master\\entry\\src\\main\\resources',
  '-o',
  'E:\\Study\\Code\\HarmonyOS\\multi-tab-navigation-master\\entry\\.preview\\default\\intermediates\\res\\default\\module_compiled'
]
[2024-11-16T04:10:55.894] [DEBUG] debug-file - current process  memoryUsage: {
  rss: 183853056,
  heapTotal: 132018176,
  heapUsed: 105374032,
  external: 3268295,
  arrayBuffers: 257587
} os memoryUsage :12.373600006103516
[2024-11-16T04:10:56.133] [DEBUG] debug-file - Info: restool resources compile success.

[2024-11-16T04:10:56.137] [DEBUG] debug-file - Use tool [E:\Study\DevEco Studio\sdk\default\openharmony\toolchains\restool.exe]
 [
  'E:\\Study\\DevEco Studio\\sdk\\default\\openharmony\\toolchains\\restool.exe',
  '-m',
  'entry',
  '-f',
  '-j',
  'E:\\Study\\Code\\HarmonyOS\\multi-tab-navigation-master\\entry\\.preview\\default\\intermediates\\process_profile\\default\\module.json',
  '-p',
  'com.example.multitabs',
  '-r',
  'E:\\Study\\Code\\HarmonyOS\\multi-tab-navigation-master\\entry\\.preview\\default\\generated\\r\\default\\ResourceTable.h',
  '-z',
  '--ids',
  'E:\\Study\\Code\\HarmonyOS\\multi-tab-navigation-master\\entry\\.preview\\default\\intermediates\\res\\default\\ids_map',
  '-i',
  'E:\\Study\\Code\\HarmonyOS\\multi-tab-navigation-master\\entry\\.preview\\default\\intermediates\\res\\default\\app_compiled',
  '-i',
  'E:\\Study\\Code\\HarmonyOS\\multi-tab-navigation-master\\entry\\.preview\\default\\intermediates\\res\\default\\module_compiled',
  '-o',
  'E:\\Study\\Code\\HarmonyOS\\multi-tab-navigation-master\\entry\\.preview\\default\\intermediates\\res\\default'
]
[2024-11-16T04:10:56.138] [DEBUG] debug-file - current process  memoryUsage: {
  rss: 183889920,
  heapTotal: 132018176,
  heapUsed: 105645616,
  external: 3268421,
  arrayBuffers: 258536
} os memoryUsage :12.394058227539062
[2024-11-16T04:10:56.370] [DEBUG] debug-file - Info: restool resources compile success.

[2024-11-16T04:10:56.374] [DEBUG] debug-file - entry : default@PreviewCompileResource cost memory 0.9295730590820312
[2024-11-16T04:10:56.375] [DEBUG] debug-file - runTaskFromQueue task cost before running: 1 s 806 ms 
[2024-11-16T04:10:56.375] [INFO] debug-file - Finished :entry:default@PreviewCompileResource... after 674 ms 
[2024-11-16T04:10:56.377] [DEBUG] debug-file - jsonObjWithoutParam {} at undefined
[2024-11-16T04:10:56.377] [DEBUG] debug-file - jsonObjWithoutParam {"name":"entry","version":"1.0.0","description":"Please describe the basic information.","main":"","author":"","license":"","dependencies":{}} at undefined
[2024-11-16T04:10:56.377] [DEBUG] debug-file - Executing task :entry:default@PreviewHookCompileResource
[2024-11-16T04:10:56.377] [DEBUG] debug-file - entry : default@PreviewHookCompileResource cost memory 0.01485443115234375
[2024-11-16T04:10:56.377] [DEBUG] debug-file - runTaskFromQueue task cost before running: 1 s 809 ms 
[2024-11-16T04:10:56.377] [INFO] debug-file - Finished :entry:default@PreviewHookCompileResource... after 1 ms 
[2024-11-16T04:10:56.378] [DEBUG] debug-file - jsonObjWithoutParam {} at undefined
[2024-11-16T04:10:56.378] [DEBUG] debug-file - jsonObjWithoutParam {"name":"entry","version":"1.0.0","description":"Please describe the basic information.","main":"","author":"","license":"","dependencies":{}} at undefined
[2024-11-16T04:10:56.379] [DEBUG] debug-file - Executing task :entry:default@CopyPreviewProfile
[2024-11-16T04:10:56.386] [DEBUG] debug-file - entry : default@CopyPreviewProfile cost memory 0.1361541748046875
[2024-11-16T04:10:56.387] [DEBUG] debug-file - runTaskFromQueue task cost before running: 1 s 818 ms 
[2024-11-16T04:10:56.387] [INFO] debug-file - Finished :entry:default@CopyPreviewProfile... after 9 ms 
[2024-11-16T04:10:56.389] [DEBUG] debug-file - jsonObjWithoutParam {} at undefined
[2024-11-16T04:10:56.389] [DEBUG] debug-file - jsonObjWithoutParam {"name":"entry","version":"1.0.0","description":"Please describe the basic information.","main":"","author":"","license":"","dependencies":{}} at undefined
[2024-11-16T04:10:56.389] [DEBUG] debug-file - Executing task :entry:default@ReplacePreviewerPage
[2024-11-16T04:10:56.389] [DEBUG] debug-file - entry : default@ReplacePreviewerPage cost memory 0.0148468017578125
[2024-11-16T04:10:56.389] [DEBUG] debug-file - runTaskFromQueue task cost before running: 1 s 821 ms 
[2024-11-16T04:10:56.389] [INFO] debug-file - Finished :entry:default@ReplacePreviewerPage... after 1 ms 
[2024-11-16T04:10:56.390] [DEBUG] debug-file - Executing task :entry:buildPreviewerResource
[2024-11-16T04:10:56.390] [DEBUG] debug-file - entry : buildPreviewerResource cost memory 0.01219940185546875
[2024-11-16T04:10:56.391] [DEBUG] debug-file - runTaskFromQueue task cost before running: 1 s 822 ms 
[2024-11-16T04:10:56.391] [INFO] debug-file - Finished :entry:buildPreviewerResource... after 1 ms 
[2024-11-16T04:10:56.392] [DEBUG] debug-file - jsonObjWithoutParam {} at undefined
[2024-11-16T04:10:56.392] [DEBUG] debug-file - jsonObjWithoutParam {"name":"entry","version":"1.0.0","description":"Please describe the basic information.","main":"","author":"","license":"","dependencies":{}} at undefined
[2024-11-16T04:10:56.392] [DEBUG] debug-file - Executing task :entry:default@PreviewUpdateAssets
[2024-11-16T04:10:56.394] [DEBUG] debug-file - entry : default@PreviewUpdateAssets cost memory 0.07275390625
[2024-11-16T04:10:56.394] [DEBUG] debug-file - runTaskFromQueue task cost before running: 1 s 825 ms 
[2024-11-16T04:10:56.394] [INFO] debug-file - Finished :entry:default@PreviewUpdateAssets... after 2 ms 
[2024-11-16T04:10:56.395] [DEBUG] debug-file - jsonObjWithoutParam {} at undefined
[2024-11-16T04:10:56.395] [DEBUG] debug-file - jsonObjWithoutParam {"name":"entry","version":"1.0.0","description":"Please describe the basic information.","main":"","author":"","license":"","dependencies":{}} at undefined
[2024-11-16T04:10:56.398] [DEBUG] debug-file - Executing task :entry:default@PreviewArkTS
[2024-11-16T04:10:56.410] [DEBUG] debug-file - session manager: binding session. socketId=6pml1QT3yL3pxqqhAAAD, threadId=1@1.
[2024-11-16T04:10:56.409] [DEBUG] debug-file - entry : default@PreviewArkTS cost memory 0.9949722290039062
[2024-11-16T04:10:58.054] [DEBUG] debug-file - watch worker: send response to session manager. Response type: WatchStart
[2024-11-16T04:10:58.056] [DEBUG] debug-file - session manager: watch message received from worker 1. Type: WatchStart
[2024-11-16T04:11:01.241] [DEBUG] debug-file - watch worker: send response to session manager. Response type: WatchLog
[2024-11-16T04:11:01.242] [DEBUG] debug-file - session manager: watch message received from worker 1. Type: WatchLog
[2024-11-16T04:11:02.606] [DEBUG] debug-file - watch worker: send response to session manager. Response type: WatchResult
[2024-11-16T04:11:02.608] [DEBUG] debug-file - session manager: watch message received from worker 1. Type: WatchResult
[2024-11-16T04:11:02.608] [DEBUG] debug-file - Ark compile finished.
[2024-11-16T04:11:02.610] [INFO] debug-file - Finished :entry:default@PreviewArkTS... after 6 s 212 ms 
[2024-11-16T04:11:02.611] [DEBUG] debug-file - Executing task :entry:PreviewBuild
[2024-11-16T04:11:02.611] [DEBUG] debug-file - entry : PreviewBuild cost memory 0.011810302734375
[2024-11-16T04:11:02.611] [DEBUG] debug-file - runTaskFromQueue task cost before running: 8 s 43 ms 
[2024-11-16T04:11:02.611] [INFO] debug-file - Finished :entry:PreviewBuild... after 1 ms 
[2024-11-16T04:11:02.622] [DEBUG] debug-file - BUILD SUCCESSFUL in 8 s 54 ms 
[2024-11-16T04:11:02.623] [DEBUG] debug-file - Update task entry:default@PreBuild input file:E:\Study\Code\HarmonyOS\multi-tab-navigation-master\AppScope\app.json5 cache by regenerate.
[2024-11-16T04:11:02.623] [DEBUG] debug-file - Update task entry:default@PreBuild input file:E:\Study\Code\HarmonyOS\multi-tab-navigation-master\entry\src\main\module.json5 cache by regenerate.
[2024-11-16T04:11:02.624] [DEBUG] debug-file - Update task entry:default@PreBuild input file:E:\Study\Code\HarmonyOS\multi-tab-navigation-master\build-profile.json5 cache by regenerate.
[2024-11-16T04:11:02.624] [DEBUG] debug-file - Update task entry:default@PreBuild input file:E:\Study\Code\HarmonyOS\multi-tab-navigation-master\entry\build-profile.json5 cache by regenerate.
[2024-11-16T04:11:02.624] [DEBUG] debug-file - Update task entry:default@PreBuild input file:E:\Study\Code\HarmonyOS\multi-tab-navigation-master\entry\src\main\resources\base\profile\main_pages.json cache by regenerate.
[2024-11-16T04:11:02.624] [DEBUG] debug-file - Update task entry:default@PreBuild input file:E:\Study\Code\HarmonyOS\multi-tab-navigation-master\hvigor\hvigor-config.json5 cache by regenerate.
[2024-11-16T04:11:02.624] [DEBUG] debug-file - Update task entry:default@PreBuild input file:E:\Study\Code\HarmonyOS\multi-tab-navigation-master\entry\oh-package.json5 cache by regenerate.
[2024-11-16T04:11:02.624] [DEBUG] debug-file - Incremental task entry:default@PreBuild post-execution cost:2 ms .
[2024-11-16T04:11:02.624] [DEBUG] debug-file - Update task entry:default@MergeProfile input file:E:\Study\Code\HarmonyOS\multi-tab-navigation-master\AppScope\app.json5 cache by regenerate.
[2024-11-16T04:11:02.625] [DEBUG] debug-file - Update task entry:default@MergeProfile input file:E:\Study\Code\HarmonyOS\multi-tab-navigation-master\build-profile.json5 cache by regenerate.
[2024-11-16T04:11:02.625] [DEBUG] debug-file - Update task entry:default@MergeProfile input file:E:\Study\Code\HarmonyOS\multi-tab-navigation-master\entry\src\main\module.json5 cache by regenerate.
[2024-11-16T04:11:02.625] [DEBUG] debug-file - Update task entry:default@MergeProfile output file:E:\Study\Code\HarmonyOS\multi-tab-navigation-master\entry\.preview\default\intermediates\merge_profile\default\module.json cache.
[2024-11-16T04:11:02.625] [DEBUG] debug-file - Incremental task entry:default@MergeProfile post-execution cost:1 ms .
[2024-11-16T04:11:02.625] [DEBUG] debug-file - Update task entry:default@CreateBuildProfile input file:E:\Study\Code\HarmonyOS\multi-tab-navigation-master\AppScope\app.json5 cache by regenerate.
[2024-11-16T04:11:02.625] [DEBUG] debug-file - Update task entry:default@CreateBuildProfile input file:E:\Study\Code\HarmonyOS\multi-tab-navigation-master\build-profile.json5 cache by regenerate.
[2024-11-16T04:11:02.626] [DEBUG] debug-file - Update task entry:default@CreateBuildProfile output file:E:\Study\Code\HarmonyOS\multi-tab-navigation-master\entry\.preview\default\generated\profile\default\BuildProfile.ets cache.
[2024-11-16T04:11:02.626] [DEBUG] debug-file - Incremental task entry:default@CreateBuildProfile post-execution cost:1 ms .
[2024-11-16T04:11:02.626] [DEBUG] debug-file - Update task entry:default@GeneratePkgContextInfo output file:E:\Study\Code\HarmonyOS\multi-tab-navigation-master\entry\.preview\default\intermediates\loader\default\pkgContextInfo.json cache.
[2024-11-16T04:11:02.626] [DEBUG] debug-file - Incremental task entry:default@GeneratePkgContextInfo post-execution cost:1 ms .
[2024-11-16T04:11:02.626] [DEBUG] debug-file - Update task entry:default@ProcessProfile input file:E:\Study\Code\HarmonyOS\multi-tab-navigation-master\entry\.preview\default\intermediates\merge_profile\default\module.json cache by regenerate.
[2024-11-16T04:11:02.626] [DEBUG] debug-file - Update task entry:default@ProcessProfile output file:E:\Study\Code\HarmonyOS\multi-tab-navigation-master\entry\.preview\default\intermediates\process_profile\default\module.json cache.
[2024-11-16T04:11:02.626] [DEBUG] debug-file - Incremental task entry:default@ProcessProfile post-execution cost:1 ms .
[2024-11-16T04:11:02.627] [DEBUG] debug-file - Update task entry:default@ProcessRouterMap input file:E:\Study\Code\HarmonyOS\multi-tab-navigation-master\entry\oh-package.json5 cache by regenerate.
[2024-11-16T04:11:02.627] [DEBUG] debug-file - Update task entry:default@ProcessRouterMap input file:E:\Study\Code\HarmonyOS\multi-tab-navigation-master\oh-package.json5 cache by regenerate.
[2024-11-16T04:11:02.627] [DEBUG] debug-file - Update task entry:default@ProcessRouterMap input file:E:\Study\Code\HarmonyOS\multi-tab-navigation-master\entry\src\main\module.json5 cache by regenerate.
[2024-11-16T04:11:02.627] [DEBUG] debug-file - Update task entry:default@ProcessRouterMap output file:E:\Study\Code\HarmonyOS\multi-tab-navigation-master\entry\.preview\default\intermediates\router_map\default\temp-router-map.json cache.
[2024-11-16T04:11:02.627] [DEBUG] debug-file - Update task entry:default@ProcessRouterMap output file:E:\Study\Code\HarmonyOS\multi-tab-navigation-master\entry\.preview\default\intermediates\router_map\default\loader-router-map.json cache.
[2024-11-16T04:11:02.627] [DEBUG] debug-file - Incremental task entry:default@ProcessRouterMap post-execution cost:1 ms .
[2024-11-16T04:11:02.628] [DEBUG] debug-file - Update task entry:default@GenerateLoaderJson input file:E:\Study\Code\HarmonyOS\multi-tab-navigation-master\entry\.preview\default\intermediates\router_map\default\temp-router-map.json cache by regenerate.
[2024-11-16T04:11:02.628] [DEBUG] debug-file - Update task entry:default@GenerateLoaderJson output file:E:\Study\Code\HarmonyOS\multi-tab-navigation-master\entry\.preview\default\intermediates\loader\default\loader.json cache.
[2024-11-16T04:11:02.628] [DEBUG] debug-file - Incremental task entry:default@GenerateLoaderJson post-execution cost:2 ms .
[2024-11-16T04:11:02.629] [DEBUG] debug-file - Update task entry:default@PreviewCompileResource input file:E:\Study\Code\HarmonyOS\multi-tab-navigation-master\entry\src\main\resources cache by regenerate.
[2024-11-16T04:11:02.633] [DEBUG] debug-file - Update task entry:default@PreviewCompileResource input file:E:\Study\Code\HarmonyOS\multi-tab-navigation-master\entry\.preview\default\intermediates\merge_profile\default\module.json cache by regenerate.
[2024-11-16T04:11:02.633] [DEBUG] debug-file - Update task entry:default@PreviewCompileResource output file:E:\Study\Code\HarmonyOS\multi-tab-navigation-master\entry\.preview\default\intermediates\res\default cache.
[2024-11-16T04:11:02.636] [DEBUG] debug-file - Update task entry:default@PreviewCompileResource output file:E:\Study\Code\HarmonyOS\multi-tab-navigation-master\entry\.preview\default\generated\r\default cache.
[2024-11-16T04:11:02.636] [DEBUG] debug-file - Incremental task entry:default@PreviewCompileResource post-execution cost:8 ms .
[2024-11-16T04:11:02.636] [DEBUG] debug-file - Update task entry:default@CopyPreviewProfile input file:E:\Study\Code\HarmonyOS\multi-tab-navigation-master\entry\src\main\resources\base\profile cache by regenerate.
[2024-11-16T04:11:02.636] [DEBUG] debug-file - Update task entry:default@CopyPreviewProfile output file:E:\Study\Code\HarmonyOS\multi-tab-navigation-master\entry\.preview\default\intermediates\res\default\resources\base\profile cache.
[2024-11-16T04:11:02.637] [DEBUG] debug-file - Incremental task entry:default@CopyPreviewProfile post-execution cost:1 ms .
[2024-11-16T04:11:02.637] [DEBUG] debug-file - Update task entry:default@PreviewUpdateAssets output file:E:\Study\Code\HarmonyOS\multi-tab-navigation-master\entry\.preview\default\intermediates\res\default\module.json cache.
[2024-11-16T04:11:02.637] [DEBUG] debug-file - Update task entry:default@PreviewUpdateAssets output file:E:\Study\Code\HarmonyOS\multi-tab-navigation-master\entry\.preview\default\intermediates\res\default\resources\base\profile\main_pages.json cache.
[2024-11-16T04:11:02.637] [DEBUG] debug-file - Incremental task entry:default@PreviewUpdateAssets post-execution cost:1 ms .
[2024-11-16T04:11:02.638] [DEBUG] debug-file - Update task entry:default@PreviewArkTS input file:E:\Study\Code\HarmonyOS\multi-tab-navigation-master\entry\.preview\default\intermediates\loader\default cache by regenerate.
[2024-11-16T04:11:02.638] [DEBUG] debug-file - Update task entry:default@PreviewArkTS input file:E:\Study\Code\HarmonyOS\multi-tab-navigation-master\entry\.preview\default\intermediates\res\default\resources\rawfile cache by regenerate.
[2024-11-16T04:11:02.638] [DEBUG] debug-file - Update task entry:default@PreviewArkTS input file:E:\Study\Code\HarmonyOS\multi-tab-navigation-master\entry\.preview\default\intermediates\res\default\ResourceTable.txt cache by regenerate.
[2024-11-16T04:11:02.638] [DEBUG] debug-file - Update task entry:default@PreviewArkTS input file:E:\Study\Code\HarmonyOS\multi-tab-navigation-master\entry\.preview\default\intermediates\res\default\module.json cache by regenerate.
[2024-11-16T04:11:02.638] [DEBUG] debug-file - Update task entry:default@PreviewArkTS input file:E:\Study\Code\HarmonyOS\multi-tab-navigation-master\entry\.preview\default\intermediates\res\default\resources\base\profile cache by regenerate.
[2024-11-16T04:11:02.638] [DEBUG] debug-file - Update task entry:default@PreviewArkTS input file:E:\Study\Code\HarmonyOS\multi-tab-navigation-master\entry\src\main\ets cache by regenerate.
[2024-11-16T04:11:02.640] [DEBUG] debug-file - Update task entry:default@PreviewArkTS input file:E:\Study\Code\HarmonyOS\multi-tab-navigation-master\entry\.preview\default\generated\profile\default\BuildProfile.ets cache by regenerate.
[2024-11-16T04:11:02.640] [DEBUG] debug-file - Update task entry:default@PreviewArkTS output file:E:\Study\Code\HarmonyOS\multi-tab-navigation-master\entry\.preview\default\intermediates\loader_out\default\ets cache.
[2024-11-16T04:11:02.640] [DEBUG] debug-file - Incremental task entry:default@PreviewArkTS post-execution cost:4 ms .
[2024-11-16T04:11:02.657] [DEBUG] debug-file - There's no busy workers and idle workers need cleanup.
[2024-11-16T04:11:02.657] [DEBUG] debug-file - hvigor build process will be closed.
[2024-11-16T04:11:08.994] [DEBUG] debug-file - session manager: send message to worker process.
[2024-11-16T04:11:08.994] [DEBUG] debug-file - session manager: send message to worker process.
[2024-11-16T04:11:09.033] [DEBUG] debug-file - bad codeSnippet [object Object]
[2024-11-16T04:11:09.067] [DEBUG] debug-file - watch worker: worker is ready to be terminated.
[2024-11-16T04:11:09.067] [DEBUG] debug-file - Server currently has 0 watch-worker
[2024-11-16T04:11:10.166] [DEBUG] debug-file - session manager: set active socket. socketId=4uA0L7GbwgwVNfP9AAAF
[2024-11-16T04:11:10.169] [DEBUG] debug-file - watch worker: worker id should be larger than 0. Nothing will be sent to any worker thread.
[2024-11-16T04:11:10.176] [DEBUG] debug-file - Hvigor init with startParameters:{
  hvigorfileTypeCheck: false,
  parallelExecution: true,
  incrementalExecution: true,
  printStackTrace: false,
  daemon: true,
  analyze: 0,
  logLevel: Level { level: 20000, levelStr: 'INFO', colour: 'green' }
}
[2024-11-16T04:11:10.179] [DEBUG] debug-file - Cache service initialization finished in 3 ms 
[2024-11-16T04:11:10.186] [DEBUG] debug-file - hvigorfile, resolving E:\Study\Code\HarmonyOS\multi-tab-navigation-master\hvigorfile.ts
[2024-11-16T04:11:10.191] [DEBUG] debug-file - hvigorfile, require result:  { default: { plugins: [] } }
[2024-11-16T04:11:10.191] [DEBUG] debug-file - hvigorfile, binding system plugins null
[2024-11-16T04:11:10.194] [DEBUG] debug-file - Start initialize project's product build option map with build mode debug.
[2024-11-16T04:11:10.194] [DEBUG] debug-file - Picking option from product 'default' with build mode 'debug'.
[2024-11-16T04:11:10.194] [DEBUG] debug-file - Product 'default' build option: {}
[2024-11-16T04:11:10.195] [DEBUG] debug-file - End initialize project's product build option map with build mode 'debug'.
[2024-11-16T04:11:10.195] [DEBUG] debug-file - Product 'default' using build option: {
  "debuggable": true
} in this build.
[2024-11-16T04:11:10.196] [DEBUG] debug-file - No signingConfig found, initRemoteHspCache failed.
[2024-11-16T04:11:10.200] [DEBUG] debug-file - Start recording SDK configuration permission data.
[2024-11-16T04:11:10.214] [DEBUG] debug-file - Sdk init in 18 ms 
[2024-11-16T04:11:10.222] [DEBUG] debug-file - Project task initialization takes 9 ms 
[2024-11-16T04:11:10.222] [DEBUG] debug-file - hvigorfile, binding custom plugins []
[2024-11-16T04:11:10.222] [DEBUG] debug-file - hvigorfile, no custom plugins were found in E:\Study\Code\HarmonyOS\multi-tab-navigation-master\hvigorfile.ts
[2024-11-16T04:11:10.222] [DEBUG] debug-file - hvigorfile, resolve finished E:\Study\Code\HarmonyOS\multi-tab-navigation-master\hvigorfile.ts
[2024-11-16T04:11:10.227] [DEBUG] debug-file - hvigorfile, resolving E:\Study\Code\HarmonyOS\multi-tab-navigation-master\entry\hvigorfile.ts
[2024-11-16T04:11:10.230] [DEBUG] debug-file - hvigorfile, require result:  { default: { plugins: [] } }
[2024-11-16T04:11:10.231] [DEBUG] debug-file - hvigorfile, binding system plugins null
[2024-11-16T04:11:10.234] [DEBUG] debug-file - Start initialize module-target build option map, moduleName=entry, buildMode=debug
[2024-11-16T04:11:10.234] [DEBUG] debug-file - Target 'default' config: {}
[2024-11-16T04:11:10.235] [DEBUG] debug-file - Module 'entry' target 'default' build option: {
  "debuggable": true,
  "copyFrom": "default",
  "name": "debug"
}
[2024-11-16T04:11:10.235] [DEBUG] debug-file - End initialize module-target build option map, moduleName=entry
[2024-11-16T04:11:10.235] [DEBUG] debug-file - Module 'entry' target 'default' using build option: {
  "debuggable": true,
  "copyFrom": "default",
  "name": "debug"
} in this build.
[2024-11-16T04:11:10.236] [DEBUG] debug-file - Module entry task initialization takes 1 ms 
[2024-11-16T04:11:10.236] [DEBUG] debug-file - hvigorfile, binding custom plugins []
[2024-11-16T04:11:10.236] [DEBUG] debug-file - hvigorfile, no custom plugins were found in E:\Study\Code\HarmonyOS\multi-tab-navigation-master\entry\hvigorfile.ts
[2024-11-16T04:11:10.236] [DEBUG] debug-file - hvigorfile, resolve finished E:\Study\Code\HarmonyOS\multi-tab-navigation-master\entry\hvigorfile.ts
[2024-11-16T04:11:10.248] [DEBUG] debug-file - hvigorfile, resolve hvigorfile dependencies in 11 ms 
[2024-11-16T04:11:10.248] [DEBUG] debug-file - project has submodules:entry
[2024-11-16T04:11:10.249] [DEBUG] debug-file - start to load updatedOhPackageInfo to the disk
[2024-11-16T04:11:10.251] [DEBUG] debug-file - load to the disk finished
[2024-11-16T04:11:10.252] [DEBUG] debug-file - Module multi-tab-navigation-master Collected Dependency: 
[2024-11-16T04:11:10.252] [DEBUG] debug-file - Module multi-tab-navigation-master's total dependency: 0
[2024-11-16T04:11:10.252] [DEBUG] debug-file - Module entry Collected Dependency: 
[2024-11-16T04:11:10.252] [DEBUG] debug-file - Module entry's total dependency: 0
[2024-11-16T04:11:10.253] [DEBUG] debug-file - Configuration phase cost:71 ms 
[2024-11-16T04:11:10.255] [DEBUG] debug-file - Configuration task cost before running: 84 ms 
[2024-11-16T04:11:10.256] [DEBUG] debug-file - jsonObjWithoutParam {} at undefined
[2024-11-16T04:11:10.257] [DEBUG] debug-file - jsonObjWithoutParam {"name":"entry","version":"1.0.0","description":"Please describe the basic information.","main":"","author":"","license":"","dependencies":{}} at undefined
[2024-11-16T04:11:10.258] [DEBUG] debug-file - Executing task :entry:default@PreBuild
[2024-11-16T04:11:10.261] [DEBUG] debug-file - Incremental task entry:default@PreBuild pre-execution cost: 3 ms .
[2024-11-16T04:11:10.261] [DEBUG] debug-file - entry : default@PreBuild cost memory 0.26312255859375
[2024-11-16T04:11:10.262] [INFO] debug-file - UP-TO-DATE :entry:default@PreBuild...  
[2024-11-16T04:11:10.263] [DEBUG] debug-file - jsonObjWithoutParam {} at undefined
[2024-11-16T04:11:10.263] [DEBUG] debug-file - jsonObjWithoutParam {"name":"entry","version":"1.0.0","description":"Please describe the basic information.","main":"","author":"","license":"","dependencies":{}} at undefined
[2024-11-16T04:11:10.263] [DEBUG] debug-file - Executing task :entry:default@MergeProfile
[2024-11-16T04:11:10.264] [DEBUG] debug-file - Incremental task entry:default@MergeProfile pre-execution cost: 1 ms .
[2024-11-16T04:11:10.264] [DEBUG] debug-file - entry : default@MergeProfile cost memory 0.09917449951171875
[2024-11-16T04:11:10.264] [INFO] debug-file - UP-TO-DATE :entry:default@MergeProfile...  
[2024-11-16T04:11:10.265] [DEBUG] debug-file - jsonObjWithoutParam {} at undefined
[2024-11-16T04:11:10.265] [DEBUG] debug-file - jsonObjWithoutParam {"name":"entry","version":"1.0.0","description":"Please describe the basic information.","main":"","author":"","license":"","dependencies":{}} at undefined
[2024-11-16T04:11:10.266] [DEBUG] debug-file - Executing task :entry:default@CreateBuildProfile
[2024-11-16T04:11:10.267] [DEBUG] debug-file - Incremental task entry:default@CreateBuildProfile pre-execution cost: 1 ms .
[2024-11-16T04:11:10.267] [DEBUG] debug-file - entry : default@CreateBuildProfile cost memory 0.31484222412109375
[2024-11-16T04:11:10.267] [INFO] debug-file - UP-TO-DATE :entry:default@CreateBuildProfile...  
[2024-11-16T04:11:10.268] [DEBUG] debug-file - jsonObjWithoutParam {} at undefined
[2024-11-16T04:11:10.268] [DEBUG] debug-file - jsonObjWithoutParam {"name":"entry","version":"1.0.0","description":"Please describe the basic information.","main":"","author":"","license":"","dependencies":{}} at undefined
[2024-11-16T04:11:10.268] [DEBUG] debug-file - Executing task :entry:default@PreCheckSyscap
[2024-11-16T04:11:10.269] [DEBUG] debug-file - entry : default@PreCheckSyscap cost memory 0.01329803466796875
[2024-11-16T04:11:10.269] [DEBUG] debug-file - runTaskFromQueue task cost before running: 98 ms 
[2024-11-16T04:11:10.269] [INFO] debug-file - Finished :entry:default@PreCheckSyscap... after 1 ms 
[2024-11-16T04:11:10.270] [DEBUG] debug-file - jsonObjWithoutParam {} at undefined
[2024-11-16T04:11:10.270] [DEBUG] debug-file - jsonObjWithoutParam {"name":"entry","version":"1.0.0","description":"Please describe the basic information.","main":"","author":"","license":"","dependencies":{}} at undefined
[2024-11-16T04:11:10.273] [DEBUG] debug-file - Executing task :entry:default@GeneratePkgContextInfo
[2024-11-16T04:11:10.273] [DEBUG] debug-file - entry : default@GeneratePkgContextInfo cost memory 0.02100372314453125
[2024-11-16T04:11:10.273] [DEBUG] debug-file - runTaskFromQueue task cost before running: 103 ms 
[2024-11-16T04:11:10.273] [INFO] debug-file - Finished :entry:default@GeneratePkgContextInfo... after 1 ms 
[2024-11-16T04:11:10.274] [DEBUG] debug-file - jsonObjWithoutParam {} at undefined
[2024-11-16T04:11:10.274] [DEBUG] debug-file - jsonObjWithoutParam {"name":"entry","version":"1.0.0","description":"Please describe the basic information.","main":"","author":"","license":"","dependencies":{}} at undefined
[2024-11-16T04:11:10.274] [DEBUG] debug-file - Executing task :entry:default@ProcessProfile
[2024-11-16T04:11:10.275] [DEBUG] debug-file - Incremental task entry:default@ProcessProfile pre-execution cost: 1 ms .
[2024-11-16T04:11:10.275] [DEBUG] debug-file - entry : default@ProcessProfile cost memory 0.0600433349609375
[2024-11-16T04:11:10.275] [INFO] debug-file - UP-TO-DATE :entry:default@ProcessProfile...  
[2024-11-16T04:11:10.276] [DEBUG] debug-file - jsonObjWithoutParam {} at undefined
[2024-11-16T04:11:10.276] [DEBUG] debug-file - jsonObjWithoutParam {"name":"entry","version":"1.0.0","description":"Please describe the basic information.","main":"","author":"","license":"","dependencies":{}} at undefined
[2024-11-16T04:11:10.277] [DEBUG] debug-file - Executing task :entry:default@ProcessRouterMap
[2024-11-16T04:11:10.278] [DEBUG] debug-file - Incremental task entry:default@ProcessRouterMap pre-execution cost: 1 ms .
[2024-11-16T04:11:10.278] [DEBUG] debug-file - entry : default@ProcessRouterMap cost memory 0.1576690673828125
[2024-11-16T04:11:10.278] [INFO] debug-file - UP-TO-DATE :entry:default@ProcessRouterMap...  
[2024-11-16T04:11:10.279] [DEBUG] debug-file - jsonObjWithoutParam {} at undefined
[2024-11-16T04:11:10.279] [DEBUG] debug-file - jsonObjWithoutParam {"name":"entry","version":"1.0.0","description":"Please describe the basic information.","main":"","author":"","license":"","dependencies":{}} at undefined
[2024-11-16T04:11:10.280] [DEBUG] debug-file - restool module names: entry; moduleName=entry, taskName=default@PreviewProcessResource
[2024-11-16T04:11:10.281] [DEBUG] debug-file - Executing task :entry:default@PreviewProcessResource
[2024-11-16T04:11:10.281] [DEBUG] debug-file - entry : default@PreviewProcessResource cost memory 0.04900360107421875
[2024-11-16T04:11:10.281] [DEBUG] debug-file - runTaskFromQueue task cost before running: 111 ms 
[2024-11-16T04:11:10.282] [INFO] debug-file - Finished :entry:default@PreviewProcessResource... after 1 ms 
[2024-11-16T04:11:10.282] [DEBUG] debug-file - jsonObjWithoutParam {} at undefined
[2024-11-16T04:11:10.283] [DEBUG] debug-file - jsonObjWithoutParam {"name":"entry","version":"1.0.0","description":"Please describe the basic information.","main":"","author":"","license":"","dependencies":{}} at undefined
[2024-11-16T04:11:10.284] [DEBUG] debug-file - Executing task :entry:default@GenerateLoaderJson
[2024-11-16T04:11:10.288] [DEBUG] debug-file - Incremental task entry:default@GenerateLoaderJson pre-execution cost: 3 ms .
[2024-11-16T04:11:10.288] [DEBUG] debug-file - entry : default@GenerateLoaderJson cost memory 0.49892425537109375
[2024-11-16T04:11:10.290] [INFO] debug-file - UP-TO-DATE :entry:default@GenerateLoaderJson...  
[2024-11-16T04:11:10.291] [DEBUG] debug-file - jsonObjWithoutParam {} at undefined
[2024-11-16T04:11:10.291] [DEBUG] debug-file - jsonObjWithoutParam {"name":"entry","version":"1.0.0","description":"Please describe the basic information.","main":"","author":"","license":"","dependencies":{}} at undefined
[2024-11-16T04:11:10.292] [DEBUG] debug-file - restool module names: entry; moduleName=entry, taskName=default@PreviewCompileResource
[2024-11-16T04:11:10.293] [DEBUG] debug-file - Executing task :entry:default@PreviewCompileResource
[2024-11-16T04:11:10.300] [DEBUG] debug-file - Incremental task entry:default@PreviewCompileResource pre-execution cost: 8 ms .
[2024-11-16T04:11:10.300] [DEBUG] debug-file - entry : default@PreviewCompileResource cost memory -2.0920944213867188
[2024-11-16T04:11:10.300] [INFO] debug-file - UP-TO-DATE :entry:default@PreviewCompileResource...  
[2024-11-16T04:11:10.301] [DEBUG] debug-file - jsonObjWithoutParam {} at undefined
[2024-11-16T04:11:10.301] [DEBUG] debug-file - jsonObjWithoutParam {"name":"entry","version":"1.0.0","description":"Please describe the basic information.","main":"","author":"","license":"","dependencies":{}} at undefined
[2024-11-16T04:11:10.301] [DEBUG] debug-file - Executing task :entry:default@PreviewHookCompileResource
[2024-11-16T04:11:10.302] [DEBUG] debug-file - entry : default@PreviewHookCompileResource cost memory 0.01433563232421875
[2024-11-16T04:11:10.302] [DEBUG] debug-file - runTaskFromQueue task cost before running: 131 ms 
[2024-11-16T04:11:10.302] [INFO] debug-file - Finished :entry:default@PreviewHookCompileResource... after 1 ms 
[2024-11-16T04:11:10.303] [DEBUG] debug-file - jsonObjWithoutParam {} at undefined
[2024-11-16T04:11:10.303] [DEBUG] debug-file - jsonObjWithoutParam {"name":"entry","version":"1.0.0","description":"Please describe the basic information.","main":"","author":"","license":"","dependencies":{}} at undefined
[2024-11-16T04:11:10.303] [DEBUG] debug-file - Executing task :entry:default@CopyPreviewProfile
[2024-11-16T04:11:10.304] [DEBUG] debug-file - Incremental task entry:default@CopyPreviewProfile pre-execution cost: 1 ms .
[2024-11-16T04:11:10.304] [DEBUG] debug-file - entry : default@CopyPreviewProfile cost memory 0.08792877197265625
[2024-11-16T04:11:10.304] [INFO] debug-file - UP-TO-DATE :entry:default@CopyPreviewProfile...  
[2024-11-16T04:11:10.305] [DEBUG] debug-file - jsonObjWithoutParam {} at undefined
[2024-11-16T04:11:10.305] [DEBUG] debug-file - jsonObjWithoutParam {"name":"entry","version":"1.0.0","description":"Please describe the basic information.","main":"","author":"","license":"","dependencies":{}} at undefined
[2024-11-16T04:11:10.305] [DEBUG] debug-file - Executing task :entry:default@ReplacePreviewerPage
[2024-11-16T04:11:10.305] [DEBUG] debug-file - entry : default@ReplacePreviewerPage cost memory 0.0142974853515625
[2024-11-16T04:11:10.305] [DEBUG] debug-file - runTaskFromQueue task cost before running: 135 ms 
[2024-11-16T04:11:10.305] [INFO] debug-file - Finished :entry:default@ReplacePreviewerPage... after 1 ms 
[2024-11-16T04:11:10.306] [DEBUG] debug-file - Executing task :entry:buildPreviewerResource
[2024-11-16T04:11:10.306] [DEBUG] debug-file - entry : buildPreviewerResource cost memory 0.01186370849609375
[2024-11-16T04:11:10.306] [DEBUG] debug-file - runTaskFromQueue task cost before running: 136 ms 
[2024-11-16T04:11:10.306] [INFO] debug-file - Finished :entry:buildPreviewerResource... after 1 ms 
[2024-11-16T04:11:10.307] [DEBUG] debug-file - jsonObjWithoutParam {} at undefined
[2024-11-16T04:11:10.307] [DEBUG] debug-file - jsonObjWithoutParam {"name":"entry","version":"1.0.0","description":"Please describe the basic information.","main":"","author":"","license":"","dependencies":{}} at undefined
[2024-11-16T04:11:10.308] [DEBUG] debug-file - Executing task :entry:default@PreviewUpdateAssets
[2024-11-16T04:11:10.309] [DEBUG] debug-file - Incremental task entry:default@PreviewUpdateAssets pre-execution cost: 2 ms .
[2024-11-16T04:11:10.309] [DEBUG] debug-file - entry : default@PreviewUpdateAssets cost memory 0.12433624267578125
[2024-11-16T04:11:10.309] [INFO] debug-file - UP-TO-DATE :entry:default@PreviewUpdateAssets...  
[2024-11-16T04:11:10.310] [DEBUG] debug-file - jsonObjWithoutParam {} at undefined
[2024-11-16T04:11:10.311] [DEBUG] debug-file - jsonObjWithoutParam {"name":"entry","version":"1.0.0","description":"Please describe the basic information.","main":"","author":"","license":"","dependencies":{}} at undefined
[2024-11-16T04:11:10.313] [DEBUG] debug-file - Executing task :entry:default@PreviewArkTS
[2024-11-16T04:11:10.317] [DEBUG] debug-file - entry:default@PreviewArkTS is not up-to-date, since the output file 'E:\Study\Code\HarmonyOS\multi-tab-navigation-master\entry\.preview\default\intermediates\loader_out\default\ets' does not exist.
[2024-11-16T04:11:10.318] [DEBUG] debug-file - Incremental task entry:default@PreviewArkTS pre-execution cost: 4 ms .
[2024-11-16T04:11:10.323] [DEBUG] debug-file - session manager: binding session. socketId=4uA0L7GbwgwVNfP9AAAF, threadId=1@2.
[2024-11-16T04:11:10.322] [DEBUG] debug-file - entry : default@PreviewArkTS cost memory 1.1193771362304688
[2024-11-16T04:11:12.023] [DEBUG] debug-file - watch worker: send response to session manager. Response type: WatchStart
[2024-11-16T04:11:12.024] [DEBUG] debug-file - session manager: watch message received from worker 1. Type: WatchStart
[2024-11-16T04:11:15.092] [DEBUG] debug-file - watch worker: send response to session manager. Response type: WatchLog
[2024-11-16T04:11:15.093] [DEBUG] debug-file - Ark compile finished.
[2024-11-16T04:11:15.094] [DEBUG] debug-file - session manager: watch message received from worker 1. Type: WatchLog
[2024-11-16T04:11:15.092] [DEBUG] debug-file - watch worker: send response to session manager. Response type: WatchResult
[2024-11-16T04:11:15.094] [DEBUG] debug-file - session manager: watch message received from worker 1. Type: WatchResult
[2024-11-16T04:11:15.095] [INFO] debug-file - Finished :entry:default@PreviewArkTS... after 4 s 782 ms 
[2024-11-16T04:11:15.096] [DEBUG] debug-file - Executing task :entry:PreviewBuild
[2024-11-16T04:11:15.096] [DEBUG] debug-file - entry : PreviewBuild cost memory 0.01177978515625
[2024-11-16T04:11:15.096] [DEBUG] debug-file - runTaskFromQueue task cost before running: 4 s 926 ms 
[2024-11-16T04:11:15.096] [INFO] debug-file - Finished :entry:PreviewBuild... after 1 ms 
[2024-11-16T04:11:15.107] [DEBUG] debug-file - BUILD SUCCESSFUL in 4 s 937 ms 
[2024-11-16T04:11:15.107] [DEBUG] debug-file - There is no need to refresh cache, since the incremental task entry:default@PreBuild is up-to-date.
[2024-11-16T04:11:15.107] [DEBUG] debug-file - There is no need to refresh cache, since the incremental task entry:default@MergeProfile is up-to-date.
[2024-11-16T04:11:15.107] [DEBUG] debug-file - There is no need to refresh cache, since the incremental task entry:default@CreateBuildProfile is up-to-date.
[2024-11-16T04:11:15.107] [DEBUG] debug-file - Update task entry:default@GeneratePkgContextInfo output file:E:\Study\Code\HarmonyOS\multi-tab-navigation-master\entry\.preview\default\intermediates\loader\default\pkgContextInfo.json cache.
[2024-11-16T04:11:15.107] [DEBUG] debug-file - Incremental task entry:default@GeneratePkgContextInfo post-execution cost:1 ms .
[2024-11-16T04:11:15.107] [DEBUG] debug-file - There is no need to refresh cache, since the incremental task entry:default@ProcessProfile is up-to-date.
[2024-11-16T04:11:15.107] [DEBUG] debug-file - There is no need to refresh cache, since the incremental task entry:default@ProcessRouterMap is up-to-date.
[2024-11-16T04:11:15.107] [DEBUG] debug-file - There is no need to refresh cache, since the incremental task entry:default@GenerateLoaderJson is up-to-date.
[2024-11-16T04:11:15.107] [DEBUG] debug-file - There is no need to refresh cache, since the incremental task entry:default@PreviewCompileResource is up-to-date.
[2024-11-16T04:11:15.107] [DEBUG] debug-file - There is no need to refresh cache, since the incremental task entry:default@CopyPreviewProfile is up-to-date.
[2024-11-16T04:11:15.107] [DEBUG] debug-file - There is no need to refresh cache, since the incremental task entry:default@PreviewUpdateAssets is up-to-date.
[2024-11-16T04:11:15.108] [DEBUG] debug-file - Update task entry:default@PreviewArkTS input file:E:\Study\Code\HarmonyOS\multi-tab-navigation-master\entry\.preview\default\intermediates\loader\default cache by regenerate.
[2024-11-16T04:11:15.108] [DEBUG] debug-file - Update task entry:default@PreviewArkTS input file:E:\Study\Code\HarmonyOS\multi-tab-navigation-master\entry\.preview\default\intermediates\res\default\resources\rawfile cache by regenerate.
[2024-11-16T04:11:15.108] [DEBUG] debug-file - Update task entry:default@PreviewArkTS input file:E:\Study\Code\HarmonyOS\multi-tab-navigation-master\entry\.preview\default\intermediates\res\default\ResourceTable.txt cache by regenerate.
[2024-11-16T04:11:15.109] [DEBUG] debug-file - Update task entry:default@PreviewArkTS input file:E:\Study\Code\HarmonyOS\multi-tab-navigation-master\entry\.preview\default\intermediates\res\default\module.json cache by regenerate.
[2024-11-16T04:11:15.109] [DEBUG] debug-file - Update task entry:default@PreviewArkTS input file:E:\Study\Code\HarmonyOS\multi-tab-navigation-master\entry\.preview\default\intermediates\res\default\resources\base\profile cache by regenerate.
[2024-11-16T04:11:15.109] [DEBUG] debug-file - Update task entry:default@PreviewArkTS input file:E:\Study\Code\HarmonyOS\multi-tab-navigation-master\entry\src\main\ets cache by regenerate.
[2024-11-16T04:11:15.111] [DEBUG] debug-file - Update task entry:default@PreviewArkTS input file:E:\Study\Code\HarmonyOS\multi-tab-navigation-master\entry\.preview\default\generated\profile\default\BuildProfile.ets cache by regenerate.
[2024-11-16T04:11:15.111] [DEBUG] debug-file - Update task entry:default@PreviewArkTS output file:E:\Study\Code\HarmonyOS\multi-tab-navigation-master\entry\.preview\default\intermediates\loader_out\default\ets cache.
[2024-11-16T04:11:15.111] [DEBUG] debug-file - Incremental task entry:default@PreviewArkTS post-execution cost:4 ms .
[2024-11-16T04:11:15.125] [DEBUG] debug-file - There's no busy workers and idle workers need cleanup.
[2024-11-16T04:11:15.125] [DEBUG] debug-file - hvigor build process will be closed.
[2024-11-16T04:11:38.737] [DEBUG] debug-file - session manager: send message to worker process.
[2024-11-16T04:11:38.738] [DEBUG] debug-file - session manager: send message to worker process.
[2024-11-16T04:11:38.764] [DEBUG] debug-file - bad codeSnippet [object Object]
[2024-11-16T04:11:38.769] [DEBUG] debug-file - watch worker: worker is ready to be terminated.
[2024-11-16T04:11:38.769] [DEBUG] debug-file - Server currently has 0 watch-worker
[2024-11-16T04:15:56.459] [DEBUG] debug-file - session manager: set active socket. socketId=t-T0OPmoon2WlB3vAAAH
[2024-11-16T04:15:56.462] [DEBUG] debug-file - watch worker: worker id should be larger than 0. Nothing will be sent to any worker thread.
[2024-11-16T04:15:56.470] [DEBUG] debug-file - Hvigor init with startParameters:{
  hvigorfileTypeCheck: false,
  parallelExecution: true,
  incrementalExecution: true,
  printStackTrace: false,
  daemon: true,
  analyze: 0,
  logLevel: Level { level: 20000, levelStr: 'INFO', colour: 'green' }
}
[2024-11-16T04:15:56.472] [DEBUG] debug-file - Cache service initialization finished in 2 ms 
[2024-11-16T04:15:56.477] [DEBUG] debug-file - hvigorfile, resolving E:\Study\Code\HarmonyOS\multi-tab-navigation-master\hvigorfile.ts
[2024-11-16T04:15:56.481] [DEBUG] debug-file - hvigorfile, require result:  { default: { plugins: [] } }
[2024-11-16T04:15:56.481] [DEBUG] debug-file - hvigorfile, binding system plugins null
[2024-11-16T04:15:56.483] [DEBUG] debug-file - Start initialize project's product build option map with build mode debug.
[2024-11-16T04:15:56.483] [DEBUG] debug-file - Picking option from product 'default' with build mode 'debug'.
[2024-11-16T04:15:56.483] [DEBUG] debug-file - Product 'default' build option: {}
[2024-11-16T04:15:56.484] [DEBUG] debug-file - End initialize project's product build option map with build mode 'debug'.
[2024-11-16T04:15:56.485] [DEBUG] debug-file - Product 'default' using build option: {
  "debuggable": true
} in this build.
[2024-11-16T04:15:56.486] [DEBUG] debug-file - No signingConfig found, initRemoteHspCache failed.
[2024-11-16T04:15:56.490] [DEBUG] debug-file - Start recording SDK configuration permission data.
[2024-11-16T04:15:56.503] [DEBUG] debug-file - Sdk init in 18 ms 
[2024-11-16T04:15:56.513] [DEBUG] debug-file - Project task initialization takes 9 ms 
[2024-11-16T04:15:56.513] [DEBUG] debug-file - hvigorfile, binding custom plugins []
[2024-11-16T04:15:56.513] [DEBUG] debug-file - hvigorfile, no custom plugins were found in E:\Study\Code\HarmonyOS\multi-tab-navigation-master\hvigorfile.ts
[2024-11-16T04:15:56.513] [DEBUG] debug-file - hvigorfile, resolve finished E:\Study\Code\HarmonyOS\multi-tab-navigation-master\hvigorfile.ts
[2024-11-16T04:15:56.516] [DEBUG] debug-file - hvigorfile, resolving E:\Study\Code\HarmonyOS\multi-tab-navigation-master\entry\hvigorfile.ts
[2024-11-16T04:15:56.519] [DEBUG] debug-file - hvigorfile, require result:  { default: { plugins: [] } }
[2024-11-16T04:15:56.519] [DEBUG] debug-file - hvigorfile, binding system plugins null
[2024-11-16T04:15:56.521] [DEBUG] debug-file - Start initialize module-target build option map, moduleName=entry, buildMode=debug
[2024-11-16T04:15:56.522] [DEBUG] debug-file - Target 'default' config: {}
[2024-11-16T04:15:56.522] [DEBUG] debug-file - Module 'entry' target 'default' build option: {
  "debuggable": true,
  "copyFrom": "default",
  "name": "debug"
}
[2024-11-16T04:15:56.522] [DEBUG] debug-file - End initialize module-target build option map, moduleName=entry
[2024-11-16T04:15:56.522] [DEBUG] debug-file - Module 'entry' target 'default' using build option: {
  "debuggable": true,
  "copyFrom": "default",
  "name": "debug"
} in this build.
[2024-11-16T04:15:56.523] [DEBUG] debug-file - Module entry task initialization takes 1 ms 
[2024-11-16T04:15:56.523] [DEBUG] debug-file - hvigorfile, binding custom plugins []
[2024-11-16T04:15:56.523] [DEBUG] debug-file - hvigorfile, no custom plugins were found in E:\Study\Code\HarmonyOS\multi-tab-navigation-master\entry\hvigorfile.ts
[2024-11-16T04:15:56.523] [DEBUG] debug-file - hvigorfile, resolve finished E:\Study\Code\HarmonyOS\multi-tab-navigation-master\entry\hvigorfile.ts
[2024-11-16T04:15:56.533] [DEBUG] debug-file - hvigorfile, resolve hvigorfile dependencies in 10 ms 
[2024-11-16T04:15:56.533] [DEBUG] debug-file - project has submodules:entry
[2024-11-16T04:15:56.534] [DEBUG] debug-file - start to load updatedOhPackageInfo to the disk
[2024-11-16T04:15:56.537] [DEBUG] debug-file - load to the disk finished
[2024-11-16T04:15:56.537] [DEBUG] debug-file - Module multi-tab-navigation-master Collected Dependency: 
[2024-11-16T04:15:56.537] [DEBUG] debug-file - Module multi-tab-navigation-master's total dependency: 0
[2024-11-16T04:15:56.538] [DEBUG] debug-file - Module entry Collected Dependency: 
[2024-11-16T04:15:56.538] [DEBUG] debug-file - Module entry's total dependency: 0
[2024-11-16T04:15:56.539] [DEBUG] debug-file - Configuration phase cost:65 ms 
[2024-11-16T04:15:56.540] [DEBUG] debug-file - Configuration task cost before running: 76 ms 
[2024-11-16T04:15:56.541] [DEBUG] debug-file - jsonObjWithoutParam {} at undefined
[2024-11-16T04:15:56.541] [DEBUG] debug-file - jsonObjWithoutParam {"name":"entry","version":"1.0.0","description":"Please describe the basic information.","main":"","author":"","license":"","dependencies":{}} at undefined
[2024-11-16T04:15:56.542] [DEBUG] debug-file - Executing task :entry:default@PreBuild
[2024-11-16T04:15:56.544] [DEBUG] debug-file - Incremental task entry:default@PreBuild pre-execution cost: 2 ms .
[2024-11-16T04:15:56.544] [DEBUG] debug-file - entry : default@PreBuild cost memory 0.25283050537109375
[2024-11-16T04:15:56.545] [INFO] debug-file - UP-TO-DATE :entry:default@PreBuild...  
[2024-11-16T04:15:56.545] [DEBUG] debug-file - jsonObjWithoutParam {} at undefined
[2024-11-16T04:15:56.545] [DEBUG] debug-file - jsonObjWithoutParam {"name":"entry","version":"1.0.0","description":"Please describe the basic information.","main":"","author":"","license":"","dependencies":{}} at undefined
[2024-11-16T04:15:56.546] [DEBUG] debug-file - Executing task :entry:default@MergeProfile
[2024-11-16T04:15:56.547] [DEBUG] debug-file - Incremental task entry:default@MergeProfile pre-execution cost: 1 ms .
[2024-11-16T04:15:56.547] [DEBUG] debug-file - entry : default@MergeProfile cost memory 0.09851837158203125
[2024-11-16T04:15:56.547] [INFO] debug-file - UP-TO-DATE :entry:default@MergeProfile...  
[2024-11-16T04:15:56.548] [DEBUG] debug-file - jsonObjWithoutParam {} at undefined
[2024-11-16T04:15:56.548] [DEBUG] debug-file - jsonObjWithoutParam {"name":"entry","version":"1.0.0","description":"Please describe the basic information.","main":"","author":"","license":"","dependencies":{}} at undefined
[2024-11-16T04:15:56.549] [DEBUG] debug-file - Executing task :entry:default@CreateBuildProfile
[2024-11-16T04:15:56.550] [DEBUG] debug-file - Incremental task entry:default@CreateBuildProfile pre-execution cost: 1 ms .
[2024-11-16T04:15:56.550] [DEBUG] debug-file - entry : default@CreateBuildProfile cost memory 0.117462158203125
[2024-11-16T04:15:56.550] [INFO] debug-file - UP-TO-DATE :entry:default@CreateBuildProfile...  
[2024-11-16T04:15:56.552] [DEBUG] debug-file - jsonObjWithoutParam {} at undefined
[2024-11-16T04:15:56.552] [DEBUG] debug-file - jsonObjWithoutParam {"name":"entry","version":"1.0.0","description":"Please describe the basic information.","main":"","author":"","license":"","dependencies":{}} at undefined
[2024-11-16T04:15:56.552] [DEBUG] debug-file - Executing task :entry:default@PreCheckSyscap
[2024-11-16T04:15:56.552] [DEBUG] debug-file - entry : default@PreCheckSyscap cost memory 0.01325225830078125
[2024-11-16T04:15:56.552] [DEBUG] debug-file - runTaskFromQueue task cost before running: 88 ms 
[2024-11-16T04:15:56.552] [INFO] debug-file - Finished :entry:default@PreCheckSyscap... after 1 ms 
[2024-11-16T04:15:56.553] [DEBUG] debug-file - jsonObjWithoutParam {} at undefined
[2024-11-16T04:15:56.553] [DEBUG] debug-file - jsonObjWithoutParam {"name":"entry","version":"1.0.0","description":"Please describe the basic information.","main":"","author":"","license":"","dependencies":{}} at undefined
[2024-11-16T04:15:56.556] [DEBUG] debug-file - Executing task :entry:default@GeneratePkgContextInfo
[2024-11-16T04:15:56.556] [DEBUG] debug-file - entry : default@GeneratePkgContextInfo cost memory 0.0210418701171875
[2024-11-16T04:15:56.556] [DEBUG] debug-file - runTaskFromQueue task cost before running: 92 ms 
[2024-11-16T04:15:56.556] [INFO] debug-file - Finished :entry:default@GeneratePkgContextInfo... after 1 ms 
[2024-11-16T04:15:56.557] [DEBUG] debug-file - jsonObjWithoutParam {} at undefined
[2024-11-16T04:15:56.557] [DEBUG] debug-file - jsonObjWithoutParam {"name":"entry","version":"1.0.0","description":"Please describe the basic information.","main":"","author":"","license":"","dependencies":{}} at undefined
[2024-11-16T04:15:56.558] [DEBUG] debug-file - Executing task :entry:default@ProcessProfile
[2024-11-16T04:15:56.558] [DEBUG] debug-file - Incremental task entry:default@ProcessProfile pre-execution cost: 1 ms .
[2024-11-16T04:15:56.558] [DEBUG] debug-file - entry : default@ProcessProfile cost memory 0.05980682373046875
[2024-11-16T04:15:56.558] [INFO] debug-file - UP-TO-DATE :entry:default@ProcessProfile...  
[2024-11-16T04:15:56.559] [DEBUG] debug-file - jsonObjWithoutParam {} at undefined
[2024-11-16T04:15:56.559] [DEBUG] debug-file - jsonObjWithoutParam {"name":"entry","version":"1.0.0","description":"Please describe the basic information.","main":"","author":"","license":"","dependencies":{}} at undefined
[2024-11-16T04:15:56.560] [DEBUG] debug-file - Executing task :entry:default@ProcessRouterMap
[2024-11-16T04:15:56.561] [DEBUG] debug-file - Incremental task entry:default@ProcessRouterMap pre-execution cost: 1 ms .
[2024-11-16T04:15:56.561] [DEBUG] debug-file - entry : default@ProcessRouterMap cost memory 0.15627288818359375
[2024-11-16T04:15:56.561] [INFO] debug-file - UP-TO-DATE :entry:default@ProcessRouterMap...  
[2024-11-16T04:15:56.562] [DEBUG] debug-file - jsonObjWithoutParam {} at undefined
[2024-11-16T04:15:56.562] [DEBUG] debug-file - jsonObjWithoutParam {"name":"entry","version":"1.0.0","description":"Please describe the basic information.","main":"","author":"","license":"","dependencies":{}} at undefined
[2024-11-16T04:15:56.563] [DEBUG] debug-file - restool module names: entry; moduleName=entry, taskName=default@PreviewProcessResource
[2024-11-16T04:15:56.564] [DEBUG] debug-file - Executing task :entry:default@PreviewProcessResource
[2024-11-16T04:15:56.564] [DEBUG] debug-file - entry : default@PreviewProcessResource cost memory 0.0484466552734375
[2024-11-16T04:15:56.565] [DEBUG] debug-file - runTaskFromQueue task cost before running: 100 ms 
[2024-11-16T04:15:56.565] [INFO] debug-file - Finished :entry:default@PreviewProcessResource... after 1 ms 
[2024-11-16T04:15:56.566] [DEBUG] debug-file - jsonObjWithoutParam {} at undefined
[2024-11-16T04:15:56.566] [DEBUG] debug-file - jsonObjWithoutParam {"name":"entry","version":"1.0.0","description":"Please describe the basic information.","main":"","author":"","license":"","dependencies":{}} at undefined
[2024-11-16T04:15:56.568] [DEBUG] debug-file - Executing task :entry:default@GenerateLoaderJson
[2024-11-16T04:15:56.572] [DEBUG] debug-file - Incremental task entry:default@GenerateLoaderJson pre-execution cost: 3 ms .
[2024-11-16T04:15:56.573] [DEBUG] debug-file - entry : default@GenerateLoaderJson cost memory -1.2010116577148438
[2024-11-16T04:15:56.574] [INFO] debug-file - UP-TO-DATE :entry:default@GenerateLoaderJson...  
[2024-11-16T04:15:56.575] [DEBUG] debug-file - jsonObjWithoutParam {} at undefined
[2024-11-16T04:15:56.575] [DEBUG] debug-file - jsonObjWithoutParam {"name":"entry","version":"1.0.0","description":"Please describe the basic information.","main":"","author":"","license":"","dependencies":{}} at undefined
[2024-11-16T04:15:56.575] [DEBUG] debug-file - restool module names: entry; moduleName=entry, taskName=default@PreviewCompileResource
[2024-11-16T04:15:56.576] [DEBUG] debug-file - Executing task :entry:default@PreviewCompileResource
[2024-11-16T04:15:56.584] [DEBUG] debug-file - Incremental task entry:default@PreviewCompileResource pre-execution cost: 9 ms .
[2024-11-16T04:15:56.584] [DEBUG] debug-file - entry : default@PreviewCompileResource cost memory -0.44445037841796875
[2024-11-16T04:15:56.585] [INFO] debug-file - UP-TO-DATE :entry:default@PreviewCompileResource...  
[2024-11-16T04:15:56.586] [DEBUG] debug-file - jsonObjWithoutParam {} at undefined
[2024-11-16T04:15:56.586] [DEBUG] debug-file - jsonObjWithoutParam {"name":"entry","version":"1.0.0","description":"Please describe the basic information.","main":"","author":"","license":"","dependencies":{}} at undefined
[2024-11-16T04:15:56.586] [DEBUG] debug-file - Executing task :entry:default@PreviewHookCompileResource
[2024-11-16T04:15:56.586] [DEBUG] debug-file - entry : default@PreviewHookCompileResource cost memory 0.01428985595703125
[2024-11-16T04:15:56.586] [DEBUG] debug-file - runTaskFromQueue task cost before running: 122 ms 
[2024-11-16T04:15:56.586] [INFO] debug-file - Finished :entry:default@PreviewHookCompileResource... after 1 ms 
[2024-11-16T04:15:56.587] [DEBUG] debug-file - jsonObjWithoutParam {} at undefined
[2024-11-16T04:15:56.587] [DEBUG] debug-file - jsonObjWithoutParam {"name":"entry","version":"1.0.0","description":"Please describe the basic information.","main":"","author":"","license":"","dependencies":{}} at undefined
[2024-11-16T04:15:56.587] [DEBUG] debug-file - Executing task :entry:default@CopyPreviewProfile
[2024-11-16T04:15:56.587] [DEBUG] debug-file - Incremental task entry:default@CopyPreviewProfile pre-execution cost: 1 ms .
[2024-11-16T04:15:56.587] [DEBUG] debug-file - entry : default@CopyPreviewProfile cost memory 0.08811187744140625
[2024-11-16T04:15:56.588] [INFO] debug-file - UP-TO-DATE :entry:default@CopyPreviewProfile...  
[2024-11-16T04:15:56.588] [DEBUG] debug-file - jsonObjWithoutParam {} at undefined
[2024-11-16T04:15:56.588] [DEBUG] debug-file - jsonObjWithoutParam {"name":"entry","version":"1.0.0","description":"Please describe the basic information.","main":"","author":"","license":"","dependencies":{}} at undefined
[2024-11-16T04:15:56.589] [DEBUG] debug-file - Executing task :entry:default@ReplacePreviewerPage
[2024-11-16T04:15:56.589] [DEBUG] debug-file - entry : default@ReplacePreviewerPage cost memory 0.045501708984375
[2024-11-16T04:15:56.589] [DEBUG] debug-file - runTaskFromQueue task cost before running: 125 ms 
[2024-11-16T04:15:56.589] [INFO] debug-file - Finished :entry:default@ReplacePreviewerPage... after 1 ms 
[2024-11-16T04:15:56.590] [DEBUG] debug-file - Executing task :entry:buildPreviewerResource
[2024-11-16T04:15:56.590] [DEBUG] debug-file - entry : buildPreviewerResource cost memory 0.01181793212890625
[2024-11-16T04:15:56.590] [DEBUG] debug-file - runTaskFromQueue task cost before running: 126 ms 
[2024-11-16T04:15:56.590] [INFO] debug-file - Finished :entry:buildPreviewerResource... after 1 ms 
[2024-11-16T04:15:56.590] [DEBUG] debug-file - jsonObjWithoutParam {} at undefined
[2024-11-16T04:15:56.591] [DEBUG] debug-file - jsonObjWithoutParam {"name":"entry","version":"1.0.0","description":"Please describe the basic information.","main":"","author":"","license":"","dependencies":{}} at undefined
[2024-11-16T04:15:56.591] [DEBUG] debug-file - Executing task :entry:default@PreviewUpdateAssets
[2024-11-16T04:15:56.591] [DEBUG] debug-file - Incremental task entry:default@PreviewUpdateAssets pre-execution cost: 1 ms .
[2024-11-16T04:15:56.592] [DEBUG] debug-file - entry : default@PreviewUpdateAssets cost memory 0.1173858642578125
[2024-11-16T04:15:56.592] [INFO] debug-file - UP-TO-DATE :entry:default@PreviewUpdateAssets...  
[2024-11-16T04:15:56.592] [DEBUG] debug-file - jsonObjWithoutParam {} at undefined
[2024-11-16T04:15:56.593] [DEBUG] debug-file - jsonObjWithoutParam {"name":"entry","version":"1.0.0","description":"Please describe the basic information.","main":"","author":"","license":"","dependencies":{}} at undefined
[2024-11-16T04:15:56.594] [DEBUG] debug-file - Executing task :entry:default@PreviewArkTS
[2024-11-16T04:15:56.599] [DEBUG] debug-file - entry:default@PreviewArkTS is not up-to-date, since the output file 'E:\Study\Code\HarmonyOS\multi-tab-navigation-master\entry\.preview\default\intermediates\loader_out\default\ets' does not exist.
[2024-11-16T04:15:56.599] [DEBUG] debug-file - Incremental task entry:default@PreviewArkTS pre-execution cost: 4 ms .
[2024-11-16T04:15:56.602] [DEBUG] debug-file - session manager: binding session. socketId=t-T0OPmoon2WlB3vAAAH, threadId=1@3.
[2024-11-16T04:15:56.602] [DEBUG] debug-file - entry : default@PreviewArkTS cost memory 1.0654754638671875
[2024-11-16T04:15:58.211] [DEBUG] debug-file - watch worker: send response to session manager. Response type: WatchStart
[2024-11-16T04:15:58.212] [DEBUG] debug-file - session manager: watch message received from worker 1. Type: WatchStart
[2024-11-16T04:16:01.406] [DEBUG] debug-file - watch worker: send response to session manager. Response type: WatchLog
[2024-11-16T04:16:01.407] [DEBUG] debug-file - Ark compile finished.
[2024-11-16T04:16:01.406] [DEBUG] debug-file - session manager: watch message received from worker 1. Type: WatchLog
[2024-11-16T04:16:01.406] [DEBUG] debug-file - watch worker: send response to session manager. Response type: WatchResult
[2024-11-16T04:16:01.407] [DEBUG] debug-file - session manager: watch message received from worker 1. Type: WatchResult
[2024-11-16T04:16:01.410] [INFO] debug-file - Finished :entry:default@PreviewArkTS... after 4 s 815 ms 
[2024-11-16T04:16:01.411] [DEBUG] debug-file - Executing task :entry:PreviewBuild
[2024-11-16T04:16:01.411] [DEBUG] debug-file - entry : PreviewBuild cost memory 0.011688232421875
[2024-11-16T04:16:01.411] [DEBUG] debug-file - runTaskFromQueue task cost before running: 4 s 947 ms 
[2024-11-16T04:16:01.411] [INFO] debug-file - Finished :entry:PreviewBuild... after 1 ms 
[2024-11-16T04:16:01.423] [DEBUG] debug-file - BUILD SUCCESSFUL in 4 s 959 ms 
[2024-11-16T04:16:01.423] [DEBUG] debug-file - There is no need to refresh cache, since the incremental task entry:default@PreBuild is up-to-date.
[2024-11-16T04:16:01.423] [DEBUG] debug-file - There is no need to refresh cache, since the incremental task entry:default@MergeProfile is up-to-date.
[2024-11-16T04:16:01.423] [DEBUG] debug-file - There is no need to refresh cache, since the incremental task entry:default@CreateBuildProfile is up-to-date.
[2024-11-16T04:16:01.423] [DEBUG] debug-file - Update task entry:default@GeneratePkgContextInfo output file:E:\Study\Code\HarmonyOS\multi-tab-navigation-master\entry\.preview\default\intermediates\loader\default\pkgContextInfo.json cache.
[2024-11-16T04:16:01.423] [DEBUG] debug-file - Incremental task entry:default@GeneratePkgContextInfo post-execution cost:1 ms .
[2024-11-16T04:16:01.423] [DEBUG] debug-file - There is no need to refresh cache, since the incremental task entry:default@ProcessProfile is up-to-date.
[2024-11-16T04:16:01.423] [DEBUG] debug-file - There is no need to refresh cache, since the incremental task entry:default@ProcessRouterMap is up-to-date.
[2024-11-16T04:16:01.423] [DEBUG] debug-file - There is no need to refresh cache, since the incremental task entry:default@GenerateLoaderJson is up-to-date.
[2024-11-16T04:16:01.423] [DEBUG] debug-file - There is no need to refresh cache, since the incremental task entry:default@PreviewCompileResource is up-to-date.
[2024-11-16T04:16:01.423] [DEBUG] debug-file - There is no need to refresh cache, since the incremental task entry:default@CopyPreviewProfile is up-to-date.
[2024-11-16T04:16:01.423] [DEBUG] debug-file - There is no need to refresh cache, since the incremental task entry:default@PreviewUpdateAssets is up-to-date.
[2024-11-16T04:16:01.424] [DEBUG] debug-file - Update task entry:default@PreviewArkTS input file:E:\Study\Code\HarmonyOS\multi-tab-navigation-master\entry\.preview\default\intermediates\loader\default cache by regenerate.
[2024-11-16T04:16:01.424] [DEBUG] debug-file - Update task entry:default@PreviewArkTS input file:E:\Study\Code\HarmonyOS\multi-tab-navigation-master\entry\.preview\default\intermediates\res\default\resources\rawfile cache by regenerate.
[2024-11-16T04:16:01.425] [DEBUG] debug-file - Update task entry:default@PreviewArkTS input file:E:\Study\Code\HarmonyOS\multi-tab-navigation-master\entry\.preview\default\intermediates\res\default\ResourceTable.txt cache by regenerate.
[2024-11-16T04:16:01.425] [DEBUG] debug-file - Update task entry:default@PreviewArkTS input file:E:\Study\Code\HarmonyOS\multi-tab-navigation-master\entry\.preview\default\intermediates\res\default\module.json cache by regenerate.
[2024-11-16T04:16:01.425] [DEBUG] debug-file - Update task entry:default@PreviewArkTS input file:E:\Study\Code\HarmonyOS\multi-tab-navigation-master\entry\.preview\default\intermediates\res\default\resources\base\profile cache by regenerate.
[2024-11-16T04:16:01.425] [DEBUG] debug-file - Update task entry:default@PreviewArkTS input file:E:\Study\Code\HarmonyOS\multi-tab-navigation-master\entry\src\main\ets cache by regenerate.
[2024-11-16T04:16:01.426] [DEBUG] debug-file - Update task entry:default@PreviewArkTS input file:E:\Study\Code\HarmonyOS\multi-tab-navigation-master\entry\.preview\default\generated\profile\default\BuildProfile.ets cache by regenerate.
[2024-11-16T04:16:01.426] [DEBUG] debug-file - Update task entry:default@PreviewArkTS output file:E:\Study\Code\HarmonyOS\multi-tab-navigation-master\entry\.preview\default\intermediates\loader_out\default\ets cache.
[2024-11-16T04:16:01.426] [DEBUG] debug-file - Incremental task entry:default@PreviewArkTS post-execution cost:3 ms .
[2024-11-16T04:16:01.442] [DEBUG] debug-file - There's no busy workers and idle workers need cleanup.
[2024-11-16T04:16:01.442] [DEBUG] debug-file - hvigor build process will be closed.
[2024-11-16T05:47:29.883] [DEBUG] debug-file - session manager: send message to worker process.
[2024-11-16T05:47:29.884] [DEBUG] debug-file - session manager: send message to worker process.
[2024-11-16T05:47:29.921] [DEBUG] debug-file - bad codeSnippet [object Object]
[2024-11-16T05:47:29.940] [DEBUG] debug-file - watch worker: worker is ready to be terminated.
[2024-11-16T05:47:29.941] [DEBUG] debug-file - Server currently has 0 watch-worker
